#
# There is insufficient memory for the Java Runtime Environment to continue.
# Native memory allocation (mmap) failed to map 435159040 bytes for Failed to commit area from 0x0000000092400000 to 0x00000000ac300000 of length 435159040.
# Possible reasons:
#   The system is out of physical RAM or swap space
#   The process is running with CompressedOops enabled, and the Java Heap may be blocking the growth of the native heap
# Possible solutions:
#   Reduce memory load on the system
#   Increase physical memory or swap space
#   Check if swap backing store is full
#   Decrease Java heap size (-Xmx/-Xms)
#   Decrease number of Java threads
#   Decrease Java thread stack sizes (-Xss)
#   Set larger code cache with -XX:ReservedCodeCacheSize=
#   JVM is running with Unscaled Compressed Oops mode in which the Java heap is
#     placed in the first 4GB address space. The Java Heap base address is the
#     maximum limit for the native heap growth. Please use -XX:HeapBaseMinAddress
#     to set the Java Heap base and to place the Java Heap above 4GB virtual address.
# This output file may be truncated or incomplete.
#
#  Out of Memory Error (./src/hotspot/os/windows/os_windows.cpp:3301), pid=6224, tid=2332
#
# JRE version: OpenJDK Runtime Environment (11.0.11+9) (build 11.0.11+9-b60-7590822)
# Java VM: OpenJDK 64-Bit Server VM (11.0.11+9-b60-7590822, mixed mode, tiered, compressed oops, g1 gc, windows-amd64)
# No core dump will be written. Minidumps are not enabled by default on client versions of Windows
#

---------------  S U M M A R Y ------------

Command Line: --add-opens=java.base/java.util=ALL-UNNAMED --add-opens=java.base/java.lang=ALL-UNNAMED --add-opens=java.base/java.lang.invoke=ALL-UNNAMED --add-opens=java.base/java.util=ALL-UNNAMED --add-opens=java.prefs/java.util.prefs=ALL-UNNAMED --add-opens=java.prefs/java.util.prefs=ALL-UNNAMED --add-opens=java.base/java.nio.charset=ALL-UNNAMED --add-opens=java.base/java.net=ALL-UNNAMED --add-opens=java.base/java.util.concurrent.atomic=ALL-UNNAMED -Xmx2048m -Dfile.encoding=UTF-8 -Duser.country=IN -Duser.language=en -Duser.variant org.gradle.launcher.daemon.bootstrap.GradleDaemon 7.2

Host: Intel(R) Core(TM) i3 CPU       M 370  @ 2.40GHz, 4 cores, 3G,  Windows 7 , 64 bit Build 7601 (6.1.7601.18015)
Time: Mon Mar  7 20:49:10 2022 India Standard Time elapsed time: 538.479186 seconds (0d 0h 8m 58s)

---------------  T H R E A D  ---------------

Current thread (0x000000005db28000):  VMThread "VM Thread" [stack: 0x000000005ddc0000,0x000000005dec0000] [id=2332]

Stack: [0x000000005ddc0000,0x000000005dec0000]
[error occurred during error reporting (printing stack bounds), id 0xc0000005, EXCEPTION_ACCESS_VIOLATION (0xc0000005) at pc=0x0000000006270f3d]

Native frames: (J=compiled Java code, j=interpreted, Vv=VM code, C=native code)
V  [jvm.dll+0x5f214a]
V  [jvm.dll+0x726fb5]
V  [jvm.dll+0x7285cd]
V  [jvm.dll+0x728be5]
V  [jvm.dll+0x728b9b]
V  [jvm.dll+0x5f14e8]
V  [jvm.dll+0x5f1c78]
C  [ntdll.dll+0x29d2d]
C  [ntdll.dll+0x191cf]
C  [ntdll.dll+0x51248]
C  0x0000000006270f3d

VM_Operation (0x000000007422e2f0): G1CollectForAllocation, mode: safepoint, requested by thread 0x000000006f89f800


---------------  P R O C E S S  ---------------

Threads class SMR info:
_java_thread_list=0x000000006c938180, length=99, elements={
0x00000000002d9800, 0x000000005db2b800, 0x000000005db2d000, 0x000000005db47800,
0x000000005db4a800, 0x000000005db4b800, 0x000000005db4f000, 0x000000005db50000,
0x000000005dbb2800, 0x000000005e7bb800, 0x0000000060484800, 0x000000005f9d1800,
0x000000005ea59000, 0x00000000613e4800, 0x00000000613e5000, 0x00000000613e6000,
0x00000000613e7800, 0x00000000613e8800, 0x00000000613e9000, 0x00000000613ea000,
0x0000000060d92800, 0x0000000060d94000, 0x000000006117c000, 0x00000000613e3800,
0x00000000613e6800, 0x0000000061178000, 0x000000006117b800, 0x000000006117a800,
0x0000000061179000, 0x000000006117d000, 0x000000006117e000, 0x0000000060d96800,
0x0000000060d90000, 0x0000000060d91800, 0x0000000060d91000, 0x0000000064851000,
0x0000000064852000, 0x0000000064853000, 0x0000000064853800, 0x0000000064854800,
0x0000000064855800, 0x0000000064856000, 0x0000000064857000, 0x0000000064858000,
0x00000000651f2000, 0x00000000651f3000, 0x00000000651f4000, 0x00000000651f4800,
0x00000000651f5800, 0x00000000651f6800, 0x00000000651f7000, 0x00000000651f8000,
0x00000000651f8800, 0x0000000061b25000, 0x0000000061b26000, 0x0000000061b27000,
0x0000000061b27800, 0x000000006cc01800, 0x000000006cc02800, 0x000000006cc03800,
0x000000006cc04000, 0x000000006cc05000, 0x000000006cc06000, 0x000000006cc06800,
0x000000006cc07800, 0x000000006cc08800, 0x000000006caf9000, 0x000000006cafa000,
0x000000006cafa800, 0x000000006cafb800, 0x000000006cafc800, 0x000000006cafd000,
0x000000006cafe000, 0x000000006cafe800, 0x000000006caff800, 0x000000006c390800,
0x000000006c391000, 0x000000006c392000, 0x000000006c392800, 0x000000006c393800,
0x000000006c394800, 0x000000006c395000, 0x000000006c397000, 0x00000000655c9800,
0x00000000655cb800, 0x00000000655ca800, 0x0000000061179800, 0x00000000655cc000,
0x00000000655cd000, 0x00000000655ce000, 0x00000000655ce800, 0x000000006c396000,
0x00000000655cf800, 0x000000006f89c000, 0x000000006f89d000, 0x000000006f89e800,
0x000000006f89f800, 0x000000006f8a0000, 0x000000006f8a1000
}

Java Threads: ( => current thread )
  0x00000000002d9800 JavaThread "main" [_thread_blocked, id=1380, stack(0x0000000002290000,0x0000000002390000)]
  0x000000005db2b800 JavaThread "Reference Handler" daemon [_thread_blocked, id=2972, stack(0x000000005dee0000,0x000000005dfe0000)]
  0x000000005db2d000 JavaThread "Finalizer" daemon [_thread_blocked, id=784, stack(0x000000001ce00000,0x000000001cf00000)]
  0x000000005db47800 JavaThread "Signal Dispatcher" daemon [_thread_blocked, id=6580, stack(0x000000005dc70000,0x000000005dd70000)]
  0x000000005db4a800 JavaThread "Attach Listener" daemon [_thread_blocked, id=6728, stack(0x000000005e040000,0x000000005e140000)]
  0x000000005db4b800 JavaThread "Service Thread" daemon [_thread_blocked, id=7060, stack(0x000000005e270000,0x000000005e370000)]
  0x000000005db4f000 JavaThread "C2 CompilerThread0" daemon [_thread_blocked, id=3844, stack(0x000000005e490000,0x000000005e590000)]
  0x000000005db50000 JavaThread "C1 CompilerThread0" daemon [_thread_blocked, id=1692, stack(0x000000005e140000,0x000000005e240000)]
  0x000000005dbb2800 JavaThread "Sweeper thread" daemon [_thread_blocked, id=3924, stack(0x000000005e600000,0x000000005e700000)]
  0x000000005e7bb800 JavaThread "Common-Cleaner" daemon [_thread_blocked, id=7072, stack(0x000000005ebe0000,0x000000005ece0000)]
  0x0000000060484800 JavaThread "Daemon health stats" [_thread_blocked, id=4724, stack(0x0000000061e00000,0x0000000061f00000)]
  0x000000005f9d1800 JavaThread "Incoming local TCP Connector on port 61741" [_thread_in_native, id=1620, stack(0x0000000062150000,0x0000000062250000)]
  0x000000005ea59000 JavaThread "Daemon periodic checks" [_thread_blocked, id=4100, stack(0x0000000062340000,0x0000000062440000)]
  0x00000000613e4800 JavaThread "Cache worker for journal cache (C:\Users\Dell\.gradle\caches\journal-1)" [_thread_blocked, id=6440, stack(0x0000000063310000,0x0000000063410000)]
  0x00000000613e5000 JavaThread "File lock request listener" [_thread_in_native, id=3216, stack(0x00000000634f0000,0x00000000635f0000)]
  0x00000000613e6000 JavaThread "Cache worker for file hash cache (C:\Users\Dell\.gradle\caches\7.2\fileHashes)" [_thread_blocked, id=4784, stack(0x0000000063820000,0x0000000063920000)]
  0x00000000613e7800 JavaThread "jar transforms" [_thread_blocked, id=3496, stack(0x00000000660f0000,0x00000000661f0000)]
  0x00000000613e8800 JavaThread "jar transforms Thread 2" [_thread_blocked, id=4452, stack(0x0000000062b30000,0x0000000062c30000)]
  0x00000000613e9000 JavaThread "jar transforms Thread 3" [_thread_blocked, id=1768, stack(0x0000000065e00000,0x0000000065f00000)]
  0x00000000613ea000 JavaThread "jar transforms Thread 4" [_thread_blocked, id=3304, stack(0x00000000661f0000,0x00000000662f0000)]
  0x0000000060d92800 JavaThread "Cache worker for execution history cache (C:\Users\Dell\.gradle\caches\7.2\executionHistory)" [_thread_blocked, id=4560, stack(0x0000000066bd0000,0x0000000066cd0000)]
  0x0000000060d94000 JavaThread "Cache worker for file content cache (C:\Users\Dell\.gradle\caches\7.2\fileContent)" [_thread_blocked, id=3396, stack(0x0000000067100000,0x0000000067200000)]
  0x000000006117c000 JavaThread "Memory manager" [_thread_blocked, id=5800, stack(0x000000006d330000,0x000000006d430000)]
  0x00000000613e3800 JavaThread "Daemon Thread 2" [_thread_blocked, id=2916, stack(0x0000000062710000,0x0000000062810000)]
  0x00000000613e6800 JavaThread "Handler for socket connection from /127.0.0.1:61741 to /127.0.0.1:61784" [_thread_in_native, id=3280, stack(0x0000000062980000,0x0000000062a80000)]
  0x0000000061178000 JavaThread "Cancel handler" [_thread_blocked, id=1976, stack(0x0000000062cc0000,0x0000000062dc0000)]
  0x000000006117b800 JavaThread "Daemon worker Thread 2" [_thread_blocked, id=5376, stack(0x0000000062850000,0x0000000062950000)]
  0x000000006117a800 JavaThread "Asynchronous log dispatcher for DefaultDaemonConnection: socket connection from /127.0.0.1:61741 to /127.0.0.1:61784" [_thread_blocked, id=3476, stack(0x0000000062460000,0x0000000062560000)]
  0x0000000061179000 JavaThread "Daemon client event forwarder" [_thread_blocked, id=5420, stack(0x0000000066350000,0x0000000066450000)]
  0x000000006117d000 JavaThread "Cache worker for file hash cache (C:\Users\Dell\AndroidStudioProjects\WikiPages\.gradle\7.2\fileHashes)" [_thread_blocked, id=7096, stack(0x0000000067460000,0x0000000067560000)]
  0x000000006117e000 JavaThread "Cache worker for checksums cache (C:\Users\Dell\AndroidStudioProjects\WikiPages\.gradle\checksums)" [_thread_blocked, id=1836, stack(0x0000000066840000,0x0000000066940000)]
  0x0000000060d96800 JavaThread "Cache worker for cache directory md-supplier (C:\Users\Dell\.gradle\caches\7.2\md-supplier)" [_thread_blocked, id=3064, stack(0x0000000067f70000,0x0000000068070000)]
  0x0000000060d90000 JavaThread "Cache worker for cache directory md-rule (C:\Users\Dell\.gradle\caches\7.2\md-rule)" [_thread_blocked, id=3200, stack(0x0000000063060000,0x0000000063160000)]
  0x0000000060d91800 JavaThread "Cache worker for dependencies-accessors (C:\Users\Dell\AndroidStudioProjects\WikiPages\.gradle\7.2\dependencies-accessors)" [_thread_blocked, id=4712, stack(0x00000000682f0000,0x00000000683f0000)]
  0x0000000060d91000 JavaThread "Cache worker for Build Output Cleanup Cache (C:\Users\Dell\AndroidStudioProjects\WikiPages\.gradle\buildOutputCleanup)" [_thread_blocked, id=1272, stack(0x0000000068420000,0x0000000068520000)]
  0x0000000064851000 JavaThread "Unconstrained build operations" [_thread_blocked, id=1920, stack(0x00000000685c0000,0x00000000686c0000)]
  0x0000000064852000 JavaThread "Unconstrained build operations Thread 2" [_thread_blocked, id=6724, stack(0x0000000066740000,0x0000000066840000)]
  0x0000000064853000 JavaThread "Unconstrained build operations Thread 3" [_thread_blocked, id=4612, stack(0x00000000687c0000,0x00000000688c0000)]
  0x0000000064853800 JavaThread "Unconstrained build operations Thread 4" [_thread_blocked, id=3124, stack(0x00000000689a0000,0x0000000068aa0000)]
  0x0000000064854800 JavaThread "Unconstrained build operations Thread 5" [_thread_blocked, id=6876, stack(0x0000000068be0000,0x0000000068ce0000)]
  0x0000000064855800 JavaThread "Unconstrained build operations Thread 6" [_thread_blocked, id=5880, stack(0x0000000067bb0000,0x0000000067cb0000)]
  0x0000000064856000 JavaThread "Unconstrained build operations Thread 7" [_thread_blocked, id=3364, stack(0x0000000068ad0000,0x0000000068bd0000)]
  0x0000000064857000 JavaThread "Unconstrained build operations Thread 8" [_thread_blocked, id=5144, stack(0x0000000068e10000,0x0000000068f10000)]
  0x0000000064858000 JavaThread "Unconstrained build operations Thread 9" [_thread_blocked, id=3712, stack(0x0000000068d10000,0x0000000068e10000)]
  0x00000000651f2000 JavaThread "Unconstrained build operations Thread 10" [_thread_blocked, id=5960, stack(0x0000000068fc0000,0x00000000690c0000)]
  0x00000000651f3000 JavaThread "Unconstrained build operations Thread 11" [_thread_blocked, id=5500, stack(0x0000000069180000,0x0000000069280000)]
  0x00000000651f4000 JavaThread "Unconstrained build operations Thread 12" [_thread_blocked, id=4064, stack(0x0000000069390000,0x0000000069490000)]
  0x00000000651f4800 JavaThread "Unconstrained build operations Thread 13" [_thread_blocked, id=5796, stack(0x0000000069610000,0x0000000069710000)]
  0x00000000651f5800 JavaThread "Unconstrained build operations Thread 14" [_thread_blocked, id=7148, stack(0x00000000694d0000,0x00000000695d0000)]
  0x00000000651f6800 JavaThread "Unconstrained build operations Thread 15" [_thread_blocked, id=5408, stack(0x0000000064cf0000,0x0000000064df0000)]
  0x00000000651f7000 JavaThread "Unconstrained build operations Thread 16" [_thread_blocked, id=7056, stack(0x0000000069720000,0x0000000069820000)]
  0x00000000651f8000 JavaThread "Unconstrained build operations Thread 17" [_thread_blocked, id=4316, stack(0x0000000069970000,0x0000000069a70000)]
  0x00000000651f8800 JavaThread "Unconstrained build operations Thread 18" [_thread_blocked, id=5864, stack(0x0000000069ba0000,0x0000000069ca0000)]
  0x0000000061b25000 JavaThread "Unconstrained build operations Thread 19" [_thread_blocked, id=3656, stack(0x0000000069870000,0x0000000069970000)]
  0x0000000061b26000 JavaThread "Unconstrained build operations Thread 20" [_thread_blocked, id=212, stack(0x00000000686c0000,0x00000000687c0000)]
  0x0000000061b27000 JavaThread "Unconstrained build operations Thread 21" [_thread_blocked, id=5168, stack(0x0000000069cb0000,0x0000000069db0000)]
  0x0000000061b27800 JavaThread "Unconstrained build operations Thread 22" [_thread_blocked, id=6044, stack(0x0000000069280000,0x0000000069380000)]
  0x000000006cc01800 JavaThread "Unconstrained build operations Thread 23" [_thread_blocked, id=3684, stack(0x0000000069e30000,0x0000000069f30000)]
  0x000000006cc02800 JavaThread "Unconstrained build operations Thread 24" [_thread_blocked, id=3792, stack(0x0000000069f90000,0x000000006a090000)]
  0x000000006cc03800 JavaThread "Unconstrained build operations Thread 25" [_thread_blocked, id=5432, stack(0x0000000069a70000,0x0000000069b70000)]
  0x000000006cc04000 JavaThread "Unconstrained build operations Thread 26" [_thread_blocked, id=6760, stack(0x000000006a220000,0x000000006a320000)]
  0x000000006cc05000 JavaThread "Unconstrained build operations Thread 27" [_thread_blocked, id=4464, stack(0x000000006a120000,0x000000006a220000)]
  0x000000006cc06000 JavaThread "Unconstrained build operations Thread 28" [_thread_blocked, id=3140, stack(0x000000006a330000,0x000000006a430000)]
  0x000000006cc06800 JavaThread "Unconstrained build operations Thread 29" [_thread_blocked, id=1096, stack(0x000000006a4a0000,0x000000006a5a0000)]
  0x000000006cc07800 JavaThread "Unconstrained build operations Thread 30" [_thread_blocked, id=1428, stack(0x000000006a6e0000,0x000000006a7e0000)]
  0x000000006cc08800 JavaThread "Unconstrained build operations Thread 31" [_thread_blocked, id=4836, stack(0x000000006a920000,0x000000006aa20000)]
  0x000000006caf9000 JavaThread "Unconstrained build operations Thread 32" [_thread_blocked, id=4160, stack(0x000000006aab0000,0x000000006abb0000)]
  0x000000006cafa000 JavaThread "Unconstrained build operations Thread 33" [_thread_blocked, id=4500, stack(0x000000006ac40000,0x000000006ad40000)]
  0x000000006cafa800 JavaThread "Unconstrained build operations Thread 34" [_thread_blocked, id=5564, stack(0x000000006add0000,0x000000006aed0000)]
  0x000000006cafb800 JavaThread "Unconstrained build operations Thread 35" [_thread_blocked, id=1616, stack(0x000000006af20000,0x000000006b020000)]
  0x000000006cafc800 JavaThread "Unconstrained build operations Thread 36" [_thread_blocked, id=6072, stack(0x000000006b130000,0x000000006b230000)]
  0x000000006cafd000 JavaThread "Unconstrained build operations Thread 37" [_thread_blocked, id=4372, stack(0x000000006a5b0000,0x000000006a6b0000)]
  0x000000006cafe000 JavaThread "Unconstrained build operations Thread 38" [_thread_blocked, id=3944, stack(0x000000006b260000,0x000000006b360000)]
  0x000000006cafe800 JavaThread "Unconstrained build operations Thread 39" [_thread_blocked, id=2668, stack(0x000000006a820000,0x000000006a920000)]
  0x000000006caff800 JavaThread "Unconstrained build operations Thread 40" [_thread_blocked, id=6764, stack(0x000000006b4c0000,0x000000006b5c0000)]
  0x000000006c390800 JavaThread "build event listener" [_thread_blocked, id=5080, stack(0x000000006b3a0000,0x000000006b4a0000)]
  0x000000006c391000 JavaThread "build event listener" [_thread_blocked, id=1004, stack(0x000000006dac0000,0x000000006dbc0000)]
  0x000000006c392000 JavaThread "Execution worker for ':'" [_thread_blocked, id=2184, stack(0x000000006b030000,0x000000006b130000)]
  0x000000006c392800 JavaThread "Execution worker for ':' Thread 2" [_thread_blocked, id=6592, stack(0x000000005e370000,0x000000005e470000)]
  0x000000006c393800 JavaThread "Execution worker for ':' Thread 3" [_thread_blocked, id=852, stack(0x000000006e6d0000,0x000000006e7d0000)]
  0x000000006c394800 JavaThread "Cache worker for execution history cache (C:\Users\Dell\AndroidStudioProjects\WikiPages\.gradle\7.2\executionHistory)" [_thread_blocked, id=1148, stack(0x00000000700c0000,0x00000000701c0000)]
  0x000000006c395000 JavaThread "RMI Scheduler(0)" daemon [_thread_blocked, id=5680, stack(0x0000000071be0000,0x0000000071ce0000)]
  0x000000006c397000 JavaThread "RMI GC Daemon" daemon [_thread_blocked, id=5704, stack(0x0000000071cf0000,0x0000000071df0000)]
  0x00000000655c9800 JavaThread "RMI TCP Accept-0" daemon [_thread_in_native, id=5416, stack(0x0000000071f80000,0x0000000072080000)]
  0x00000000655cb800 JavaThread "RMI Reaper" [_thread_blocked, id=6748, stack(0x0000000071ab0000,0x0000000071bb0000)]
  0x00000000655ca800 JavaThread "RMI TCP Connection(idle)" daemon [_thread_blocked, id=6488, stack(0x0000000072120000,0x0000000072220000)]
  0x0000000061179800 JavaThread "Cache worker for Java compile cache (C:\Users\Dell\.gradle\caches\7.2\javaCompile)" [_thread_blocked, id=5600, stack(0x0000000072460000,0x0000000072560000)]
  0x00000000655cc000 JavaThread "Build operations" [_thread_blocked, id=6664, stack(0x0000000065fb0000,0x00000000660b0000)]
  0x00000000655cd000 JavaThread "Build operations Thread 2" [_thread_blocked, id=5412, stack(0x00000000725a0000,0x00000000726a0000)]
  0x00000000655ce000 JavaThread "Build operations Thread 3" [_thread_blocked, id=4304, stack(0x0000000071e10000,0x0000000071f10000)]
  0x00000000655ce800 JavaThread "Build operations Thread 4" [_thread_blocked, id=3608, stack(0x0000000072840000,0x0000000072940000)]
  0x000000006c396000 JavaThread "WorkerExecutor Queue" [_thread_blocked, id=2420, stack(0x0000000074020000,0x0000000074120000)]
  0x00000000655cf800 JavaThread "WorkerExecutor Queue Thread 2" [_thread_blocked, id=912, stack(0x0000000073f20000,0x0000000074020000)]
  0x000000006f89c000 JavaThread "WorkerExecutor Queue Thread 4" [_thread_blocked, id=5816, stack(0x00000000726a0000,0x00000000727a0000)]
  0x000000006f89d000 JavaThread "WorkerExecutor Queue Thread 6" [_thread_blocked, id=4996, stack(0x0000000076340000,0x0000000076440000)]
  0x000000006f89e800 JavaThread "ForkJoinPool-2-worker-3" daemon [_thread_blocked, id=4804, stack(0x0000000076560000,0x0000000076660000)]
  0x000000006f89f800 JavaThread "ForkJoinPool-2-worker-5" daemon [_thread_blocked, id=4768, stack(0x0000000074130000,0x0000000074230000)]
  0x000000006f8a0000 JavaThread "ForkJoinPool-2-worker-7" daemon [_thread_blocked, id=5092, stack(0x0000000076240000,0x0000000076340000)]
  0x000000006f8a1000 JavaThread "ForkJoinPool-2-worker-1" daemon [_thread_blocked, id=4364, stack(0x00000000767d0000,0x00000000768d0000)]

Other Threads:
=>0x000000005db28000 VMThread "VM Thread" [stack: 0x000000005ddc0000,0x000000005dec0000] [id=2332]
  0x000000005e7de000 WatcherThread [stack: 0x000000001d030000,0x000000001d130000] [id=4984]
  0x00000000002f1800 GCTaskThread "GC Thread#0" [stack: 0x0000000015550000,0x0000000015650000] [id=4636]
  0x000000005f01f800 GCTaskThread "GC Thread#1" [stack: 0x000000005ecf0000,0x000000005edf0000] [id=3440]
  0x0000000060655000 GCTaskThread "GC Thread#2" [stack: 0x0000000062560000,0x0000000062660000] [id=5320]
  0x0000000060655800 GCTaskThread "GC Thread#3" [stack: 0x0000000063160000,0x0000000063260000] [id=2348]
  0x0000000000324000 ConcurrentGCThread "G1 Main Marker" [stack: 0x000000001a5f0000,0x000000001a6f0000] [id=5388]
  0x0000000000325800 ConcurrentGCThread "G1 Conc#0" [stack: 0x000000001a8c0000,0x000000001a9c0000] [id=5840]
  0x000000001cd0f800 ConcurrentGCThread "G1 Refine#0" [stack: 0x000000001cf00000,0x000000001d000000] [id=1732]
  0x000000001cd10800 ConcurrentGCThread "G1 Young RemSet Sampling" [stack: 0x000000001d130000,0x000000001d230000] [id=1980]

Threads with active compile tasks:
C2 CompilerThread0 541745 20627       4       com.android.tools.r8.code.x1::a (4130 bytes)

VM state:at safepoint (normal execution)

VM Mutex/Monitor currently owned by a thread:  ([mutex/lock_event])
[0x00000000002d54b0] Threads_lock - owner thread: 0x000000005db28000
[0x00000000002d5c90] Heap_lock - owner thread: 0x000000006f89f800

Heap address: 0x0000000080000000, size: 2048 MB, Compressed Oops mode: 32-bit
Narrow klass base: 0x0000000000000000, Narrow klass shift: 0
Compressed class space size: 1073741824 Address: 0x000000001d230000

Heap:
 garbage-first heap   total 723968K, used 263087K [0x0000000080000000, 0x0000000100000000)
  region size 1024K, 2 young (2048K), 2 survivors (2048K)
 Metaspace       used 139901K, capacity 143943K, committed 144432K, reserved 1173504K
  class space    used 17896K, capacity 19429K, committed 19584K, reserved 1048576K
Heap Regions: E=young(eden), S=young(survivor), O=old, HS=humongous(starts), HC=humongous(continues), CS=collection set, F=free, A=archive, TAMS=top-at-mark-start (previous, next)
|   0|0x0000000080000000, 0x0000000080100000, 0x0000000080100000|100%| O|  |TAMS 0x0000000080100000, 0x0000000080000000| Untracked 
|   1|0x0000000080100000, 0x0000000080200000, 0x0000000080200000|100%| O|  |TAMS 0x0000000080200000, 0x0000000080100000| Untracked 
|   2|0x0000000080200000, 0x0000000080300000, 0x0000000080300000|100%| O|  |TAMS 0x0000000080300000, 0x0000000080200000| Untracked 
|   3|0x0000000080300000, 0x0000000080400000, 0x0000000080400000|100%|HS|  |TAMS 0x0000000080400000, 0x0000000080300000| Complete 
|   4|0x0000000080400000, 0x0000000080500000, 0x0000000080500000|100%|HC|  |TAMS 0x0000000080500000, 0x0000000080400000| Complete 
|   5|0x0000000080500000, 0x0000000080600000, 0x0000000080600000|100%|HC|  |TAMS 0x0000000080600000, 0x0000000080500000| Complete 
|   6|0x0000000080600000, 0x0000000080700000, 0x0000000080700000|100%| O|  |TAMS 0x0000000080700000, 0x0000000080600000| Untracked 
|   7|0x0000000080700000, 0x0000000080800000, 0x0000000080800000|100%| O|  |TAMS 0x0000000080800000, 0x0000000080700000| Untracked 
|   8|0x0000000080800000, 0x0000000080900000, 0x0000000080900000|100%| O|  |TAMS 0x0000000080900000, 0x0000000080800000| Untracked 
|   9|0x0000000080900000, 0x0000000080a00000, 0x0000000080a00000|100%| O|  |TAMS 0x0000000080a00000, 0x0000000080900000| Untracked 
|  10|0x0000000080a00000, 0x0000000080b00000, 0x0000000080b00000|100%| O|  |TAMS 0x0000000080b00000, 0x0000000080a00000| Untracked 
|  11|0x0000000080b00000, 0x0000000080c00000, 0x0000000080c00000|100%| O|  |TAMS 0x0000000080c00000, 0x0000000080b00000| Untracked 
|  12|0x0000000080c00000, 0x0000000080d00000, 0x0000000080d00000|100%| O|  |TAMS 0x0000000080d00000, 0x0000000080c00000| Untracked 
|  13|0x0000000080d00000, 0x0000000080e00000, 0x0000000080e00000|100%| O|  |TAMS 0x0000000080e00000, 0x0000000080d00000| Untracked 
|  14|0x0000000080e00000, 0x0000000080f00000, 0x0000000080f00000|100%| O|  |TAMS 0x0000000080f00000, 0x0000000080e00000| Complete 
|  15|0x0000000080f00000, 0x0000000081000000, 0x0000000081000000|100%| O|  |TAMS 0x0000000081000000, 0x0000000080f00000| Untracked 
|  16|0x0000000081000000, 0x0000000081100000, 0x0000000081100000|100%| O|  |TAMS 0x0000000081100000, 0x0000000081000000| Complete 
|  17|0x0000000081100000, 0x0000000081200000, 0x0000000081200000|100%|HS|  |TAMS 0x0000000081200000, 0x0000000081100000| Complete 
|  18|0x0000000081200000, 0x0000000081300000, 0x0000000081300000|100%|HC|  |TAMS 0x0000000081300000, 0x0000000081200000| Complete 
|  19|0x0000000081300000, 0x0000000081400000, 0x0000000081400000|100%|HS|  |TAMS 0x0000000081400000, 0x0000000081300000| Complete 
|  20|0x0000000081400000, 0x0000000081500000, 0x0000000081500000|100%|HC|  |TAMS 0x0000000081500000, 0x0000000081400000| Complete 
|  21|0x0000000081500000, 0x0000000081600000, 0x0000000081600000|100%|HC|  |TAMS 0x0000000081600000, 0x0000000081500000| Complete 
|  22|0x0000000081600000, 0x0000000081700000, 0x0000000081700000|100%|HS|  |TAMS 0x0000000081700000, 0x0000000081600000| Complete 
|  23|0x0000000081700000, 0x0000000081800000, 0x0000000081800000|100%|HC|  |TAMS 0x0000000081800000, 0x0000000081700000| Complete 
|  24|0x0000000081800000, 0x0000000081900000, 0x0000000081900000|100%|HC|  |TAMS 0x0000000081900000, 0x0000000081800000| Complete 
|  25|0x0000000081900000, 0x0000000081a00000, 0x0000000081a00000|100%|HC|  |TAMS 0x0000000081a00000, 0x0000000081900000| Complete 
|  26|0x0000000081a00000, 0x0000000081b00000, 0x0000000081b00000|100%| O|  |TAMS 0x0000000081b00000, 0x0000000081a00000| Complete 
|  27|0x0000000081b00000, 0x0000000081c00000, 0x0000000081c00000|100%| O|  |TAMS 0x0000000081c00000, 0x0000000081b00000| Complete 
|  28|0x0000000081c00000, 0x0000000081d00000, 0x0000000081d00000|100%| O|  |TAMS 0x0000000081d00000, 0x0000000081c00000| Untracked 
|  29|0x0000000081d00000, 0x0000000081e00000, 0x0000000081e00000|100%| O|  |TAMS 0x0000000081e00000, 0x0000000081d00000| Untracked 
|  30|0x0000000081e00000, 0x0000000081f00000, 0x0000000081f00000|100%| O|  |TAMS 0x0000000081f00000, 0x0000000081e00000| Untracked 
|  31|0x0000000081f00000, 0x0000000082000000, 0x0000000082000000|100%| O|  |TAMS 0x0000000082000000, 0x0000000081f00000| Untracked 
|  32|0x0000000082000000, 0x0000000082100000, 0x0000000082100000|100%| O|  |TAMS 0x0000000082100000, 0x0000000082000000| Untracked 
|  33|0x0000000082100000, 0x0000000082200000, 0x0000000082200000|100%| O|  |TAMS 0x0000000082200000, 0x0000000082100000| Untracked 
|  34|0x0000000082200000, 0x0000000082300000, 0x0000000082300000|100%| O|  |TAMS 0x0000000082300000, 0x0000000082200000| Complete 
|  35|0x0000000082300000, 0x0000000082400000, 0x0000000082400000|100%| O|  |TAMS 0x0000000082400000, 0x0000000082300000| Complete 
|  36|0x0000000082400000, 0x0000000082500000, 0x0000000082500000|100%| O|  |TAMS 0x0000000082500000, 0x0000000082400000| Untracked 
|  37|0x0000000082500000, 0x0000000082600000, 0x0000000082600000|100%| O|  |TAMS 0x0000000082600000, 0x0000000082500000| Untracked 
|  38|0x0000000082600000, 0x0000000082700000, 0x0000000082700000|100%| O|  |TAMS 0x0000000082700000, 0x0000000082600000| Untracked 
|  39|0x0000000082700000, 0x0000000082800000, 0x0000000082800000|100%|HS|  |TAMS 0x0000000082800000, 0x0000000082700000| Complete 
|  40|0x0000000082800000, 0x0000000082900000, 0x0000000082900000|100%|HC|  |TAMS 0x0000000082900000, 0x0000000082800000| Complete 
|  41|0x0000000082900000, 0x0000000082a00000, 0x0000000082a00000|100%|HC|  |TAMS 0x0000000082a00000, 0x0000000082900000| Complete 
|  42|0x0000000082a00000, 0x0000000082b00000, 0x0000000082b00000|100%| O|  |TAMS 0x0000000082b00000, 0x0000000082a00000| Untracked 
|  43|0x0000000082b00000, 0x0000000082c00000, 0x0000000082c00000|100%| O|  |TAMS 0x0000000082c00000, 0x0000000082b00000| Complete 
|  44|0x0000000082c00000, 0x0000000082d00000, 0x0000000082d00000|100%| O|  |TAMS 0x0000000082d00000, 0x0000000082c00000| Untracked 
|  45|0x0000000082d00000, 0x0000000082e00000, 0x0000000082e00000|100%| O|  |TAMS 0x0000000082e00000, 0x0000000082d00000| Complete 
|  46|0x0000000082e00000, 0x0000000082f00000, 0x0000000082f00000|100%| O|  |TAMS 0x0000000082f00000, 0x0000000082e00000| Untracked 
|  47|0x0000000082f00000, 0x0000000083000000, 0x0000000083000000|100%|HS|  |TAMS 0x0000000083000000, 0x0000000082f00000| Complete 
|  48|0x0000000083000000, 0x0000000083100000, 0x0000000083100000|100%|HC|  |TAMS 0x0000000083100000, 0x0000000083000000| Complete 
|  49|0x0000000083100000, 0x0000000083200000, 0x0000000083200000|100%|HC|  |TAMS 0x0000000083200000, 0x0000000083100000| Complete 
|  50|0x0000000083200000, 0x0000000083300000, 0x0000000083300000|100%|HC|  |TAMS 0x0000000083300000, 0x0000000083200000| Complete 
|  51|0x0000000083300000, 0x0000000083400000, 0x0000000083400000|100%| O|  |TAMS 0x0000000083400000, 0x0000000083300000| Untracked 
|  52|0x0000000083400000, 0x0000000083500000, 0x0000000083500000|100%| O|  |TAMS 0x0000000083500000, 0x0000000083400000| Untracked 
|  53|0x0000000083500000, 0x0000000083600000, 0x0000000083600000|100%| O|  |TAMS 0x0000000083600000, 0x0000000083500000| Untracked 
|  54|0x0000000083600000, 0x0000000083700000, 0x0000000083700000|100%| O|  |TAMS 0x0000000083700000, 0x0000000083600000| Untracked 
|  55|0x0000000083700000, 0x0000000083800000, 0x0000000083800000|100%|HS|  |TAMS 0x0000000083800000, 0x0000000083700000| Complete 
|  56|0x0000000083800000, 0x0000000083900000, 0x0000000083900000|100%|HS|  |TAMS 0x0000000083900000, 0x0000000083800000| Complete 
|  57|0x0000000083900000, 0x0000000083a00000, 0x0000000083a00000|100%|HS|  |TAMS 0x0000000083a00000, 0x0000000083900000| Complete 
|  58|0x0000000083a00000, 0x0000000083b00000, 0x0000000083b00000|100%| O|  |TAMS 0x0000000083b00000, 0x0000000083a00000| Complete 
|  59|0x0000000083b00000, 0x0000000083c00000, 0x0000000083c00000|100%| O|  |TAMS 0x0000000083c00000, 0x0000000083b00000| Complete 
|  60|0x0000000083c00000, 0x0000000083d00000, 0x0000000083d00000|100%|HS|  |TAMS 0x0000000083d00000, 0x0000000083c00000| Complete 
|  61|0x0000000083d00000, 0x0000000083e00000, 0x0000000083e00000|100%|HS|  |TAMS 0x0000000083e00000, 0x0000000083d00000| Complete 
|  62|0x0000000083e00000, 0x0000000083f00000, 0x0000000083f00000|100%|HC|  |TAMS 0x0000000083f00000, 0x0000000083e00000| Complete 
|  63|0x0000000083f00000, 0x0000000084000000, 0x0000000084000000|100%|HC|  |TAMS 0x0000000084000000, 0x0000000083f00000| Complete 
|  64|0x0000000084000000, 0x0000000084100000, 0x0000000084100000|100%| O|  |TAMS 0x0000000084100000, 0x0000000084000000| Untracked 
|  65|0x0000000084100000, 0x0000000084200000, 0x0000000084200000|100%| O|  |TAMS 0x0000000084200000, 0x0000000084100000| Untracked 
|  66|0x0000000084200000, 0x0000000084300000, 0x0000000084300000|100%| O|  |TAMS 0x0000000084300000, 0x0000000084200000| Complete 
|  67|0x0000000084300000, 0x0000000084400000, 0x0000000084400000|100%|HS|  |TAMS 0x0000000084400000, 0x0000000084300000| Complete 
|  68|0x0000000084400000, 0x0000000084500000, 0x0000000084500000|100%|HC|  |TAMS 0x0000000084500000, 0x0000000084400000| Complete 
|  69|0x0000000084500000, 0x0000000084600000, 0x0000000084600000|100%| O|  |TAMS 0x0000000084600000, 0x0000000084500000| Untracked 
|  70|0x0000000084600000, 0x0000000084700000, 0x0000000084700000|100%| O|  |TAMS 0x0000000084700000, 0x0000000084600000| Untracked 
|  71|0x0000000084700000, 0x0000000084800000, 0x0000000084800000|100%| O|  |TAMS 0x0000000084800000, 0x0000000084700000| Untracked 
|  72|0x0000000084800000, 0x0000000084900000, 0x0000000084900000|100%| O|  |TAMS 0x0000000084900000, 0x0000000084800000| Complete 
|  73|0x0000000084900000, 0x0000000084a00000, 0x0000000084a00000|100%| O|  |TAMS 0x0000000084a00000, 0x0000000084900000| Complete 
|  74|0x0000000084a00000, 0x0000000084b00000, 0x0000000084b00000|100%| O|  |TAMS 0x0000000084b00000, 0x0000000084a00000| Complete 
|  75|0x0000000084b00000, 0x0000000084c00000, 0x0000000084c00000|100%| O|  |TAMS 0x0000000084c00000, 0x0000000084b00000| Untracked 
|  76|0x0000000084c00000, 0x0000000084d00000, 0x0000000084d00000|100%| O|  |TAMS 0x0000000084d00000, 0x0000000084c00000| Untracked 
|  77|0x0000000084d00000, 0x0000000084e00000, 0x0000000084e00000|100%| O|  |TAMS 0x0000000084e00000, 0x0000000084d00000| Untracked 
|  78|0x0000000084e00000, 0x0000000084f00000, 0x0000000084f00000|100%| O|  |TAMS 0x0000000084f00000, 0x0000000084e00000| Complete 
|  79|0x0000000084f00000, 0x0000000085000000, 0x0000000085000000|100%| O|  |TAMS 0x0000000085000000, 0x0000000084f00000| Complete 
|  80|0x0000000085000000, 0x0000000085100000, 0x0000000085100000|100%| O|  |TAMS 0x0000000085100000, 0x0000000085000000| Untracked 
|  81|0x0000000085100000, 0x0000000085200000, 0x0000000085200000|100%| O|  |TAMS 0x0000000085200000, 0x0000000085100000| Complete 
|  82|0x0000000085200000, 0x0000000085300000, 0x0000000085300000|100%| O|  |TAMS 0x0000000085300000, 0x0000000085200000| Untracked 
|  83|0x0000000085300000, 0x0000000085400000, 0x0000000085400000|100%| O|  |TAMS 0x0000000085400000, 0x0000000085300000| Untracked 
|  84|0x0000000085400000, 0x0000000085500000, 0x0000000085500000|100%| O|  |TAMS 0x0000000085500000, 0x0000000085400000| Untracked 
|  85|0x0000000085500000, 0x0000000085600000, 0x0000000085600000|100%| O|  |TAMS 0x0000000085600000, 0x0000000085500000| Complete 
|  86|0x0000000085600000, 0x0000000085700000, 0x0000000085700000|100%| O|  |TAMS 0x0000000085700000, 0x0000000085600000| Complete 
|  87|0x0000000085700000, 0x0000000085800000, 0x0000000085800000|100%|HS|  |TAMS 0x0000000085800000, 0x0000000085700000| Complete 
|  88|0x0000000085800000, 0x0000000085900000, 0x0000000085900000|100%|HC|  |TAMS 0x0000000085900000, 0x0000000085800000| Complete 
|  89|0x0000000085900000, 0x0000000085a00000, 0x0000000085a00000|100%|HS|  |TAMS 0x0000000085a00000, 0x0000000085900000| Complete 
|  90|0x0000000085a00000, 0x0000000085b00000, 0x0000000085b00000|100%|HC|  |TAMS 0x0000000085b00000, 0x0000000085a00000| Complete 
|  91|0x0000000085b00000, 0x0000000085c00000, 0x0000000085c00000|100%|HC|  |TAMS 0x0000000085c00000, 0x0000000085b00000| Complete 
|  92|0x0000000085c00000, 0x0000000085d00000, 0x0000000085d00000|100%|HS|  |TAMS 0x0000000085d00000, 0x0000000085c00000| Complete 
|  93|0x0000000085d00000, 0x0000000085e00000, 0x0000000085e00000|100%|HC|  |TAMS 0x0000000085e00000, 0x0000000085d00000| Complete 
|  94|0x0000000085e00000, 0x0000000085f00000, 0x0000000085f00000|100%|HC|  |TAMS 0x0000000085f00000, 0x0000000085e00000| Complete 
|  95|0x0000000085f00000, 0x0000000086000000, 0x0000000086000000|100%|HC|  |TAMS 0x0000000086000000, 0x0000000085f00000| Complete 
|  96|0x0000000086000000, 0x0000000086100000, 0x0000000086100000|100%| O|  |TAMS 0x0000000086100000, 0x0000000086000000| Untracked 
|  97|0x0000000086100000, 0x0000000086200000, 0x0000000086200000|100%| O|  |TAMS 0x0000000086200000, 0x0000000086100000| Untracked 
|  98|0x0000000086200000, 0x0000000086300000, 0x0000000086300000|100%| O|  |TAMS 0x0000000086300000, 0x0000000086200000| Untracked 
|  99|0x0000000086300000, 0x0000000086400000, 0x0000000086400000|100%| O|  |TAMS 0x0000000086400000, 0x0000000086300000| Untracked 
| 100|0x0000000086400000, 0x0000000086500000, 0x0000000086500000|100%| O|  |TAMS 0x0000000086500000, 0x0000000086400000| Complete 
| 101|0x0000000086500000, 0x0000000086600000, 0x0000000086600000|100%| O|  |TAMS 0x0000000086600000, 0x0000000086500000| Untracked 
| 102|0x0000000086600000, 0x0000000086700000, 0x0000000086700000|100%| O|  |TAMS 0x0000000086700000, 0x0000000086600000| Untracked 
| 103|0x0000000086700000, 0x0000000086800000, 0x0000000086800000|100%| O|  |TAMS 0x0000000086800000, 0x0000000086700000| Complete 
| 104|0x0000000086800000, 0x0000000086900000, 0x0000000086900000|100%| O|  |TAMS 0x0000000086900000, 0x0000000086800000| Complete 
| 105|0x0000000086900000, 0x0000000086a00000, 0x0000000086a00000|100%| O|  |TAMS 0x0000000086a00000, 0x0000000086900000| Complete 
| 106|0x0000000086a00000, 0x0000000086b00000, 0x0000000086b00000|100%| O|  |TAMS 0x0000000086b00000, 0x0000000086a00000| Untracked 
| 107|0x0000000086b00000, 0x0000000086c00000, 0x0000000086c00000|100%| O|  |TAMS 0x0000000086c00000, 0x0000000086b00000| Untracked 
| 108|0x0000000086c00000, 0x0000000086d00000, 0x0000000086d00000|100%| O|  |TAMS 0x0000000086d00000, 0x0000000086c00000| Untracked 
| 109|0x0000000086d00000, 0x0000000086e00000, 0x0000000086e00000|100%| O|  |TAMS 0x0000000086e00000, 0x0000000086d00000| Complete 
| 110|0x0000000086e00000, 0x0000000086f00000, 0x0000000086f00000|100%| O|  |TAMS 0x0000000086f00000, 0x0000000086e00000| Untracked 
| 111|0x0000000086f00000, 0x0000000087000000, 0x0000000087000000|100%| O|  |TAMS 0x0000000087000000, 0x0000000086f00000| Complete 
| 112|0x0000000087000000, 0x0000000087100000, 0x0000000087100000|100%| O|  |TAMS 0x0000000087100000, 0x0000000087000000| Complete 
| 113|0x0000000087100000, 0x0000000087200000, 0x0000000087200000|100%| O|  |TAMS 0x0000000087200000, 0x0000000087100000| Untracked 
| 114|0x0000000087200000, 0x0000000087300000, 0x0000000087300000|100%| O|  |TAMS 0x0000000087300000, 0x0000000087200000| Complete 
| 115|0x0000000087300000, 0x0000000087400000, 0x0000000087400000|100%| O|  |TAMS 0x0000000087400000, 0x0000000087300000| Untracked 
| 116|0x0000000087400000, 0x0000000087500000, 0x0000000087500000|100%| O|  |TAMS 0x0000000087500000, 0x0000000087400000| Untracked 
| 117|0x0000000087500000, 0x0000000087600000, 0x0000000087600000|100%| O|  |TAMS 0x0000000087600000, 0x0000000087500000| Untracked 
| 118|0x0000000087600000, 0x0000000087700000, 0x0000000087700000|100%| O|  |TAMS 0x0000000087700000, 0x0000000087600000| Complete 
| 119|0x0000000087700000, 0x0000000087800000, 0x0000000087800000|100%| O|  |TAMS 0x0000000087800000, 0x0000000087700000| Untracked 
| 120|0x0000000087800000, 0x0000000087900000, 0x0000000087900000|100%|HS|  |TAMS 0x0000000087900000, 0x0000000087800000| Complete 
| 121|0x0000000087900000, 0x0000000087a00000, 0x0000000087a00000|100%| O|  |TAMS 0x0000000087a00000, 0x0000000087900000| Complete 
| 122|0x0000000087a00000, 0x0000000087b00000, 0x0000000087b00000|100%| O|  |TAMS 0x0000000087b00000, 0x0000000087a00000| Complete 
| 123|0x0000000087b00000, 0x0000000087c00000, 0x0000000087c00000|100%| O|  |TAMS 0x0000000087c00000, 0x0000000087b00000| Untracked 
| 124|0x0000000087c00000, 0x0000000087d00000, 0x0000000087d00000|100%| O|  |TAMS 0x0000000087d00000, 0x0000000087c00000| Untracked 
| 125|0x0000000087d00000, 0x0000000087e00000, 0x0000000087e00000|100%| O|  |TAMS 0x0000000087e00000, 0x0000000087d00000| Untracked 
| 126|0x0000000087e00000, 0x0000000087f00000, 0x0000000087f00000|100%| O|  |TAMS 0x0000000087f00000, 0x0000000087e00000| Complete 
| 127|0x0000000087f00000, 0x0000000088000000, 0x0000000088000000|100%| O|  |TAMS 0x0000000088000000, 0x0000000087f00000| Untracked 
| 128|0x0000000088000000, 0x0000000088100000, 0x0000000088100000|100%| O|  |TAMS 0x0000000088100000, 0x0000000088000000| Untracked 
| 129|0x0000000088100000, 0x0000000088200000, 0x0000000088200000|100%| O|  |TAMS 0x0000000088200000, 0x0000000088100000| Complete 
| 130|0x0000000088200000, 0x0000000088300000, 0x0000000088300000|100%| O|  |TAMS 0x0000000088300000, 0x0000000088200000| Untracked 
| 131|0x0000000088300000, 0x0000000088400000, 0x0000000088400000|100%| O|  |TAMS 0x0000000088400000, 0x0000000088300000| Untracked 
| 132|0x0000000088400000, 0x0000000088500000, 0x0000000088500000|100%| O|  |TAMS 0x0000000088500000, 0x0000000088400000| Untracked 
| 133|0x0000000088500000, 0x0000000088600000, 0x0000000088600000|100%| O|  |TAMS 0x0000000088600000, 0x0000000088500000| Untracked 
| 134|0x0000000088600000, 0x0000000088700000, 0x0000000088700000|100%| O|  |TAMS 0x0000000088700000, 0x0000000088600000| Complete 
| 135|0x0000000088700000, 0x0000000088800000, 0x0000000088800000|100%| O|  |TAMS 0x0000000088800000, 0x0000000088700000| Untracked 
| 136|0x0000000088800000, 0x0000000088900000, 0x0000000088900000|100%| O|  |TAMS 0x0000000088900000, 0x0000000088800000| Untracked 
| 137|0x0000000088900000, 0x0000000088a00000, 0x0000000088a00000|100%| O|  |TAMS 0x0000000088a00000, 0x0000000088900000| Untracked 
| 138|0x0000000088a00000, 0x0000000088b00000, 0x0000000088b00000|100%| O|  |TAMS 0x0000000088b00000, 0x0000000088a00000| Untracked 
| 139|0x0000000088b00000, 0x0000000088c00000, 0x0000000088c00000|100%| O|  |TAMS 0x0000000088c00000, 0x0000000088b00000| Complete 
| 140|0x0000000088c00000, 0x0000000088d00000, 0x0000000088d00000|100%| O|  |TAMS 0x0000000088d00000, 0x0000000088c00000| Untracked 
| 141|0x0000000088d00000, 0x0000000088e00000, 0x0000000088e00000|100%| O|  |TAMS 0x0000000088e00000, 0x0000000088d00000| Untracked 
| 142|0x0000000088e00000, 0x0000000088f00000, 0x0000000088f00000|100%| O|  |TAMS 0x0000000088f00000, 0x0000000088e00000| Untracked 
| 143|0x0000000088f00000, 0x0000000089000000, 0x0000000089000000|100%| O|  |TAMS 0x0000000089000000, 0x0000000088f00000| Complete 
| 144|0x0000000089000000, 0x0000000089100000, 0x0000000089100000|100%| O|  |TAMS 0x0000000089100000, 0x0000000089000000| Untracked 
| 145|0x0000000089100000, 0x0000000089200000, 0x0000000089200000|100%|HS|  |TAMS 0x0000000089200000, 0x0000000089100000| Complete 
| 146|0x0000000089200000, 0x0000000089300000, 0x0000000089300000|100%|HC|  |TAMS 0x0000000089300000, 0x0000000089200000| Complete 
| 147|0x0000000089300000, 0x0000000089400000, 0x0000000089400000|100%|HC|  |TAMS 0x0000000089400000, 0x0000000089300000| Complete 
| 148|0x0000000089400000, 0x0000000089500000, 0x0000000089500000|100%| O|  |TAMS 0x0000000089500000, 0x0000000089400000| Untracked 
| 149|0x0000000089500000, 0x0000000089600000, 0x0000000089600000|100%| O|  |TAMS 0x0000000089600000, 0x0000000089500000| Untracked 
| 150|0x0000000089600000, 0x0000000089700000, 0x0000000089700000|100%| O|  |TAMS 0x0000000089700000, 0x0000000089600000| Untracked 
| 151|0x0000000089700000, 0x0000000089800000, 0x0000000089800000|100%| O|  |TAMS 0x0000000089800000, 0x0000000089700000| Untracked 
| 152|0x0000000089800000, 0x0000000089900000, 0x0000000089900000|100%| O|  |TAMS 0x0000000089900000, 0x0000000089800000| Untracked 
| 153|0x0000000089900000, 0x0000000089a00000, 0x0000000089a00000|100%| O|  |TAMS 0x0000000089a00000, 0x0000000089900000| Complete 
| 154|0x0000000089a00000, 0x0000000089b00000, 0x0000000089b00000|100%| O|  |TAMS 0x0000000089b00000, 0x0000000089a00000| Complete 
| 155|0x0000000089b00000, 0x0000000089c00000, 0x0000000089c00000|100%| O|  |TAMS 0x0000000089c00000, 0x0000000089b00000| Untracked 
| 156|0x0000000089c00000, 0x0000000089d00000, 0x0000000089d00000|100%| O|  |TAMS 0x0000000089d00000, 0x0000000089c00000| Complete 
| 157|0x0000000089d00000, 0x0000000089e00000, 0x0000000089e00000|100%| O|  |TAMS 0x0000000089e00000, 0x0000000089d00000| Complete 
| 158|0x0000000089e00000, 0x0000000089f00000, 0x0000000089f00000|100%| O|  |TAMS 0x0000000089f00000, 0x0000000089e00000| Untracked 
| 159|0x0000000089f00000, 0x000000008a000000, 0x000000008a000000|100%| O|  |TAMS 0x000000008a000000, 0x0000000089f00000| Complete 
| 160|0x000000008a000000, 0x000000008a100000, 0x000000008a100000|100%| O|  |TAMS 0x000000008a100000, 0x000000008a000000| Untracked 
| 161|0x000000008a100000, 0x000000008a200000, 0x000000008a200000|100%| O|  |TAMS 0x000000008a200000, 0x000000008a100000| Complete 
| 162|0x000000008a200000, 0x000000008a300000, 0x000000008a300000|100%| O|  |TAMS 0x000000008a300000, 0x000000008a200000| Complete 
| 163|0x000000008a300000, 0x000000008a300000, 0x000000008a400000|  0%| F|  |TAMS 0x000000008a300000, 0x000000008a300000| Untracked 
| 164|0x000000008a400000, 0x000000008a500000, 0x000000008a500000|100%| O|  |TAMS 0x000000008a500000, 0x000000008a400000| Complete 
| 165|0x000000008a500000, 0x000000008a600000, 0x000000008a600000|100%| O|  |TAMS 0x000000008a600000, 0x000000008a500000| Untracked 
| 166|0x000000008a600000, 0x000000008a700000, 0x000000008a700000|100%| O|  |TAMS 0x000000008a700000, 0x000000008a600000| Complete 
| 167|0x000000008a700000, 0x000000008a800000, 0x000000008a800000|100%|HS|  |TAMS 0x000000008a800000, 0x000000008a700000| Complete 
| 168|0x000000008a800000, 0x000000008a900000, 0x000000008a900000|100%|HC|  |TAMS 0x000000008a900000, 0x000000008a800000| Complete 
| 169|0x000000008a900000, 0x000000008aa00000, 0x000000008aa00000|100%|HS|  |TAMS 0x000000008aa00000, 0x000000008a900000| Complete 
| 170|0x000000008aa00000, 0x000000008ab00000, 0x000000008ab00000|100%|HC|  |TAMS 0x000000008ab00000, 0x000000008aa00000| Complete 
| 171|0x000000008ab00000, 0x000000008ac00000, 0x000000008ac00000|100%|HS|  |TAMS 0x000000008ac00000, 0x000000008ab00000| Complete 
| 172|0x000000008ac00000, 0x000000008ad00000, 0x000000008ad00000|100%|HS|  |TAMS 0x000000008ad00000, 0x000000008ac00000| Complete 
| 173|0x000000008ad00000, 0x000000008ae00000, 0x000000008ae00000|100%|HS|  |TAMS 0x000000008ae00000, 0x000000008ad00000| Complete 
| 174|0x000000008ae00000, 0x000000008af00000, 0x000000008af00000|100%|HC|  |TAMS 0x000000008af00000, 0x000000008ae00000| Complete 
| 175|0x000000008af00000, 0x000000008b000000, 0x000000008b000000|100%|HC|  |TAMS 0x000000008b000000, 0x000000008af00000| Complete 
| 176|0x000000008b000000, 0x000000008b100000, 0x000000008b100000|100%| O|  |TAMS 0x000000008b100000, 0x000000008b000000| Untracked 
| 177|0x000000008b100000, 0x000000008b200000, 0x000000008b200000|100%| O|  |TAMS 0x000000008b200000, 0x000000008b100000| Untracked 
| 178|0x000000008b200000, 0x000000008b300000, 0x000000008b300000|100%|HS|  |TAMS 0x000000008b300000, 0x000000008b200000| Complete 
| 179|0x000000008b300000, 0x000000008b400000, 0x000000008b400000|100%|HC|  |TAMS 0x000000008b400000, 0x000000008b300000| Complete 
| 180|0x000000008b400000, 0x000000008b500000, 0x000000008b500000|100%| O|  |TAMS 0x000000008b500000, 0x000000008b400000| Untracked 
| 181|0x000000008b500000, 0x000000008b600000, 0x000000008b600000|100%| O|  |TAMS 0x000000008b600000, 0x000000008b500000| Complete 
| 182|0x000000008b600000, 0x000000008b700000, 0x000000008b700000|100%|HS|  |TAMS 0x000000008b700000, 0x000000008b600000| Complete 
| 183|0x000000008b700000, 0x000000008b800000, 0x000000008b800000|100%|HC|  |TAMS 0x000000008b800000, 0x000000008b700000| Complete 
| 184|0x000000008b800000, 0x000000008b900000, 0x000000008b900000|100%| O|  |TAMS 0x000000008b900000, 0x000000008b800000| Complete 
| 185|0x000000008b900000, 0x000000008ba00000, 0x000000008ba00000|100%|HS|  |TAMS 0x000000008ba00000, 0x000000008b900000| Complete 
| 186|0x000000008ba00000, 0x000000008bb00000, 0x000000008bb00000|100%| O|  |TAMS 0x000000008bb00000, 0x000000008ba00000| Complete 
| 187|0x000000008bb00000, 0x000000008bc00000, 0x000000008bc00000|100%|HS|  |TAMS 0x000000008bc00000, 0x000000008bb00000| Complete 
| 188|0x000000008bc00000, 0x000000008bd00000, 0x000000008bd00000|100%| O|  |TAMS 0x000000008bd00000, 0x000000008bc00000| Complete 
| 189|0x000000008bd00000, 0x000000008be00000, 0x000000008be00000|100%|HS|  |TAMS 0x000000008be00000, 0x000000008bd00000| Complete 
| 190|0x000000008be00000, 0x000000008bf00000, 0x000000008bf00000|100%| O|  |TAMS 0x000000008bf00000, 0x000000008be00000| Untracked 
| 191|0x000000008bf00000, 0x000000008c000000, 0x000000008c000000|100%| O|  |TAMS 0x000000008bf80a00, 0x000000008bf00000| Complete 
| 192|0x000000008c000000, 0x000000008c100000, 0x000000008c100000|100%|HS|  |TAMS 0x000000008c000000, 0x000000008c000000| Complete 
| 193|0x000000008c100000, 0x000000008c200000, 0x000000008c200000|100%|HS|  |TAMS 0x000000008c200000, 0x000000008c100000| Complete 
| 194|0x000000008c200000, 0x000000008c300000, 0x000000008c300000|100%|HC|  |TAMS 0x000000008c300000, 0x000000008c200000| Complete 
| 195|0x000000008c300000, 0x000000008c400000, 0x000000008c400000|100%|HC|  |TAMS 0x000000008c400000, 0x000000008c300000| Complete 
| 196|0x000000008c400000, 0x000000008c500000, 0x000000008c500000|100%| O|  |TAMS 0x000000008c400000, 0x000000008c400000| Untracked 
| 197|0x000000008c500000, 0x000000008c600000, 0x000000008c600000|100%| O|  |TAMS 0x000000008c500000, 0x000000008c500000| Untracked 
| 198|0x000000008c600000, 0x000000008c700000, 0x000000008c700000|100%| O|  |TAMS 0x000000008c600000, 0x000000008c600000| Untracked 
| 199|0x000000008c700000, 0x000000008c800000, 0x000000008c800000|100%|HS|  |TAMS 0x000000008c700000, 0x000000008c700000| Complete 
| 200|0x000000008c800000, 0x000000008c900000, 0x000000008c900000|100%| O|  |TAMS 0x000000008c800000, 0x000000008c800000| Untracked 
| 201|0x000000008c900000, 0x000000008ca00000, 0x000000008ca00000|100%| O|  |TAMS 0x000000008c900000, 0x000000008c900000| Untracked 
| 202|0x000000008ca00000, 0x000000008cb00000, 0x000000008cb00000|100%| O|  |TAMS 0x000000008ca00000, 0x000000008ca00000| Untracked 
| 203|0x000000008cb00000, 0x000000008cc00000, 0x000000008cc00000|100%| O|  |TAMS 0x000000008cb00000, 0x000000008cb00000| Untracked 
| 204|0x000000008cc00000, 0x000000008cd00000, 0x000000008cd00000|100%| O|  |TAMS 0x000000008cc00000, 0x000000008cc00000| Untracked 
| 205|0x000000008cd00000, 0x000000008ce00000, 0x000000008ce00000|100%| O|  |TAMS 0x000000008cd00000, 0x000000008cd00000| Untracked 
| 206|0x000000008ce00000, 0x000000008cf00000, 0x000000008cf00000|100%| O|  |TAMS 0x000000008ce00000, 0x000000008ce00000| Untracked 
| 207|0x000000008cf00000, 0x000000008d000000, 0x000000008d000000|100%| O|  |TAMS 0x000000008cf00000, 0x000000008cf00000| Untracked 
| 208|0x000000008d000000, 0x000000008d100000, 0x000000008d100000|100%| O|  |TAMS 0x000000008d000000, 0x000000008d000000| Untracked 
| 209|0x000000008d100000, 0x000000008d200000, 0x000000008d200000|100%| O|  |TAMS 0x000000008d100000, 0x000000008d100000| Untracked 
| 210|0x000000008d200000, 0x000000008d300000, 0x000000008d300000|100%| O|  |TAMS 0x000000008d200000, 0x000000008d200000| Untracked 
| 211|0x000000008d300000, 0x000000008d400000, 0x000000008d400000|100%| O|  |TAMS 0x000000008d300000, 0x000000008d300000| Untracked 
| 212|0x000000008d400000, 0x000000008d500000, 0x000000008d500000|100%| O|  |TAMS 0x000000008d400000, 0x000000008d400000| Untracked 
| 213|0x000000008d500000, 0x000000008d600000, 0x000000008d600000|100%| O|  |TAMS 0x000000008d500000, 0x000000008d500000| Untracked 
| 214|0x000000008d600000, 0x000000008d700000, 0x000000008d700000|100%| O|  |TAMS 0x000000008d600000, 0x000000008d600000| Untracked 
| 215|0x000000008d700000, 0x000000008d800000, 0x000000008d800000|100%| O|  |TAMS 0x000000008d700000, 0x000000008d700000| Untracked 
| 216|0x000000008d800000, 0x000000008d900000, 0x000000008d900000|100%| O|  |TAMS 0x000000008d800000, 0x000000008d800000| Untracked 
| 217|0x000000008d900000, 0x000000008da00000, 0x000000008da00000|100%| O|  |TAMS 0x000000008d900000, 0x000000008d900000| Untracked 
| 218|0x000000008da00000, 0x000000008db00000, 0x000000008db00000|100%| O|  |TAMS 0x000000008da00000, 0x000000008da00000| Untracked 
| 219|0x000000008db00000, 0x000000008dc00000, 0x000000008dc00000|100%| O|  |TAMS 0x000000008db00000, 0x000000008db00000| Untracked 
| 220|0x000000008dc00000, 0x000000008dd00000, 0x000000008dd00000|100%| O|  |TAMS 0x000000008dc00000, 0x000000008dc00000| Untracked 
| 221|0x000000008dd00000, 0x000000008de00000, 0x000000008de00000|100%| O|  |TAMS 0x000000008dd00000, 0x000000008dd00000| Untracked 
| 222|0x000000008de00000, 0x000000008df00000, 0x000000008df00000|100%| O|  |TAMS 0x000000008de00000, 0x000000008de00000| Untracked 
| 223|0x000000008df00000, 0x000000008e000000, 0x000000008e000000|100%| O|  |TAMS 0x000000008df00000, 0x000000008df00000| Untracked 
| 224|0x000000008e000000, 0x000000008e100000, 0x000000008e100000|100%| O|  |TAMS 0x000000008e000000, 0x000000008e000000| Untracked 
| 225|0x000000008e100000, 0x000000008e200000, 0x000000008e200000|100%| O|  |TAMS 0x000000008e100000, 0x000000008e100000| Untracked 
| 226|0x000000008e200000, 0x000000008e300000, 0x000000008e300000|100%| O|  |TAMS 0x000000008e200000, 0x000000008e200000| Untracked 
| 227|0x000000008e300000, 0x000000008e400000, 0x000000008e400000|100%| O|  |TAMS 0x000000008e300000, 0x000000008e300000| Untracked 
| 228|0x000000008e400000, 0x000000008e500000, 0x000000008e500000|100%| O|  |TAMS 0x000000008e400000, 0x000000008e400000| Untracked 
| 229|0x000000008e500000, 0x000000008e600000, 0x000000008e600000|100%|HS|  |TAMS 0x000000008e600000, 0x000000008e500000| Complete 
| 230|0x000000008e600000, 0x000000008e700000, 0x000000008e700000|100%|HC|  |TAMS 0x000000008e700000, 0x000000008e600000| Complete 
| 231|0x000000008e700000, 0x000000008e800000, 0x000000008e800000|100%|HC|  |TAMS 0x000000008e800000, 0x000000008e700000| Complete 
| 232|0x000000008e800000, 0x000000008e900000, 0x000000008e900000|100%| O|  |TAMS 0x000000008e800000, 0x000000008e800000| Untracked 
| 233|0x000000008e900000, 0x000000008ea00000, 0x000000008ea00000|100%| O|  |TAMS 0x000000008e900000, 0x000000008e900000| Untracked 
| 234|0x000000008ea00000, 0x000000008eb00000, 0x000000008eb00000|100%| O|  |TAMS 0x000000008eb00000, 0x000000008ea00000| Complete 
| 235|0x000000008eb00000, 0x000000008ec00000, 0x000000008ec00000|100%| O|  |TAMS 0x000000008ec00000, 0x000000008eb00000| Untracked 
| 236|0x000000008ec00000, 0x000000008ed00000, 0x000000008ed00000|100%| O|  |TAMS 0x000000008ed00000, 0x000000008ec00000| Untracked 
| 237|0x000000008ed00000, 0x000000008ee00000, 0x000000008ee00000|100%| O|  |TAMS 0x000000008ee00000, 0x000000008ed00000| Untracked 
| 238|0x000000008ee00000, 0x000000008ef00000, 0x000000008ef00000|100%| O|  |TAMS 0x000000008ef00000, 0x000000008ee00000| Untracked 
| 239|0x000000008ef00000, 0x000000008f000000, 0x000000008f000000|100%| O|  |TAMS 0x000000008f000000, 0x000000008ef00000| Untracked 
| 240|0x000000008f000000, 0x000000008f100000, 0x000000008f100000|100%| O|  |TAMS 0x000000008f100000, 0x000000008f000000| Complete 
| 241|0x000000008f100000, 0x000000008f200000, 0x000000008f200000|100%| O|  |TAMS 0x000000008f100000, 0x000000008f100000| Untracked 
| 242|0x000000008f200000, 0x000000008f300000, 0x000000008f300000|100%| O|  |TAMS 0x000000008f200000, 0x000000008f200000| Untracked 
| 243|0x000000008f300000, 0x000000008f400000, 0x000000008f400000|100%| O|  |TAMS 0x000000008f300000, 0x000000008f300000| Untracked 
| 244|0x000000008f400000, 0x000000008f500000, 0x000000008f500000|100%| O|  |TAMS 0x000000008f400000, 0x000000008f400000| Untracked 
| 245|0x000000008f500000, 0x000000008f600000, 0x000000008f600000|100%| O|  |TAMS 0x000000008f500000, 0x000000008f500000| Untracked 
| 246|0x000000008f600000, 0x000000008f700000, 0x000000008f700000|100%| O|  |TAMS 0x000000008f600000, 0x000000008f600000| Untracked 
| 247|0x000000008f700000, 0x000000008f800000, 0x000000008f800000|100%| O|  |TAMS 0x000000008f700000, 0x000000008f700000| Untracked 
| 248|0x000000008f800000, 0x000000008f900000, 0x000000008f900000|100%| O|  |TAMS 0x000000008f800000, 0x000000008f800000| Untracked 
| 249|0x000000008f900000, 0x000000008fa00000, 0x000000008fa00000|100%| O|  |TAMS 0x000000008f900000, 0x000000008f900000| Untracked 
| 250|0x000000008fa00000, 0x000000008fb00000, 0x000000008fb00000|100%| O|  |TAMS 0x000000008fa00000, 0x000000008fa00000| Untracked 
| 251|0x000000008fb00000, 0x000000008fc00000, 0x000000008fc00000|100%| O|  |TAMS 0x000000008fb00000, 0x000000008fb00000| Untracked 
| 252|0x000000008fc00000, 0x000000008fd00000, 0x000000008fd00000|100%| O|  |TAMS 0x000000008fc00000, 0x000000008fc00000| Untracked 
| 253|0x000000008fd00000, 0x000000008fe00000, 0x000000008fe00000|100%| O|  |TAMS 0x000000008fd00000, 0x000000008fd00000| Untracked 
| 254|0x000000008fe00000, 0x000000008ff00000, 0x000000008ff00000|100%| O|  |TAMS 0x000000008fe00000, 0x000000008fe00000| Untracked 
| 255|0x000000008ff00000, 0x000000008ffebe00, 0x0000000090000000| 92%| O|  |TAMS 0x000000008ff00000, 0x000000008ff00000| Untracked 
| 256|0x0000000090000000, 0x0000000090000000, 0x0000000090100000|  0%| F|  |TAMS 0x0000000090000000, 0x0000000090000000| Untracked 
| 257|0x0000000090100000, 0x0000000090100000, 0x0000000090200000|  0%| F|  |TAMS 0x0000000090100000, 0x0000000090100000| Untracked 
| 258|0x0000000090200000, 0x0000000090200000, 0x0000000090300000|  0%| F|  |TAMS 0x0000000090200000, 0x0000000090200000| Untracked 
| 259|0x0000000090300000, 0x0000000090300000, 0x0000000090400000|  0%| F|  |TAMS 0x0000000090300000, 0x0000000090300000| Untracked 
| 260|0x0000000090400000, 0x0000000090400000, 0x0000000090500000|  0%| F|  |TAMS 0x0000000090400000, 0x0000000090400000| Untracked 
| 261|0x0000000090500000, 0x0000000090500000, 0x0000000090600000|  0%| F|  |TAMS 0x0000000090500000, 0x0000000090500000| Untracked 
| 262|0x0000000090600000, 0x0000000090600000, 0x0000000090700000|  0%| F|  |TAMS 0x0000000090600000, 0x0000000090600000| Untracked 
| 263|0x0000000090700000, 0x0000000090700000, 0x0000000090800000|  0%| F|  |TAMS 0x0000000090700000, 0x0000000090700000| Untracked 
| 264|0x0000000090800000, 0x0000000090800000, 0x0000000090900000|  0%| F|  |TAMS 0x0000000090800000, 0x0000000090800000| Untracked 
| 265|0x0000000090900000, 0x0000000090900000, 0x0000000090a00000|  0%| F|  |TAMS 0x0000000090900000, 0x0000000090900000| Untracked 
| 266|0x0000000090a00000, 0x0000000090a00000, 0x0000000090b00000|  0%| F|  |TAMS 0x0000000090a00000, 0x0000000090a00000| Untracked 
| 267|0x0000000090b00000, 0x0000000090b00000, 0x0000000090c00000|  0%| F|  |TAMS 0x0000000090b00000, 0x0000000090b00000| Untracked 
| 268|0x0000000090c00000, 0x0000000090c00000, 0x0000000090d00000|  0%| F|  |TAMS 0x0000000090c00000, 0x0000000090c00000| Untracked 
| 269|0x0000000090d00000, 0x0000000090d00000, 0x0000000090e00000|  0%| F|  |TAMS 0x0000000090d00000, 0x0000000090d00000| Untracked 
| 270|0x0000000090e00000, 0x0000000090e00000, 0x0000000090f00000|  0%| F|  |TAMS 0x0000000090e00000, 0x0000000090e00000| Untracked 
| 271|0x0000000090f00000, 0x0000000090f00000, 0x0000000091000000|  0%| F|  |TAMS 0x0000000090f00000, 0x0000000090f00000| Untracked 
| 272|0x0000000091000000, 0x0000000091000000, 0x0000000091100000|  0%| F|  |TAMS 0x0000000091000000, 0x0000000091000000| Untracked 
| 273|0x0000000091100000, 0x0000000091100000, 0x0000000091200000|  0%| F|  |TAMS 0x0000000091100000, 0x0000000091100000| Untracked 
| 274|0x0000000091200000, 0x0000000091200000, 0x0000000091300000|  0%| F|  |TAMS 0x0000000091200000, 0x0000000091200000| Untracked 
| 275|0x0000000091300000, 0x0000000091300000, 0x0000000091400000|  0%| F|  |TAMS 0x0000000091300000, 0x0000000091300000| Untracked 
| 276|0x0000000091400000, 0x0000000091500000, 0x0000000091500000|100%| S|CS|TAMS 0x0000000091400000, 0x0000000091400000| Complete 
| 277|0x0000000091500000, 0x0000000091600000, 0x0000000091600000|100%| S|CS|TAMS 0x0000000091500000, 0x0000000091500000| Complete 
| 278|0x0000000091600000, 0x0000000091600000, 0x0000000091700000|  0%| F|  |TAMS 0x0000000091600000, 0x0000000091600000| Untracked 
| 279|0x0000000091700000, 0x0000000091700000, 0x0000000091800000|  0%| F|  |TAMS 0x0000000091700000, 0x0000000091700000| Untracked 
| 280|0x0000000091800000, 0x0000000091800000, 0x0000000091900000|  0%| F|  |TAMS 0x0000000091800000, 0x0000000091800000| Untracked 
| 281|0x0000000091900000, 0x0000000091900000, 0x0000000091a00000|  0%| F|  |TAMS 0x0000000091900000, 0x0000000091900000| Untracked 
| 282|0x0000000091a00000, 0x0000000091a00000, 0x0000000091b00000|  0%| F|  |TAMS 0x0000000091a00000, 0x0000000091a00000| Untracked 
| 283|0x0000000091b00000, 0x0000000091b00000, 0x0000000091c00000|  0%| F|  |TAMS 0x0000000091b00000, 0x0000000091b00000| Untracked 
| 284|0x0000000091c00000, 0x0000000091c00000, 0x0000000091d00000|  0%| F|  |TAMS 0x0000000091c00000, 0x0000000091c00000| Untracked 
| 285|0x0000000091d00000, 0x0000000091d00000, 0x0000000091e00000|  0%| F|  |TAMS 0x0000000091d00000, 0x0000000091d00000| Untracked 
| 286|0x0000000091e00000, 0x0000000091e00000, 0x0000000091f00000|  0%| F|  |TAMS 0x0000000091e00000, 0x0000000091e00000| Untracked 
| 287|0x0000000091f00000, 0x0000000091f00000, 0x0000000092000000|  0%| F|  |TAMS 0x0000000091f00000, 0x0000000091f00000| Untracked 
| 288|0x0000000092000000, 0x0000000092000000, 0x0000000092100000|  0%| F|  |TAMS 0x0000000092000000, 0x0000000092000000| Untracked 
| 289|0x0000000092100000, 0x0000000092100000, 0x0000000092200000|  0%| F|  |TAMS 0x0000000092100000, 0x0000000092100000| Untracked 
| 290|0x0000000092200000, 0x0000000092200000, 0x0000000092300000|  0%| F|  |TAMS 0x0000000092200000, 0x0000000092200000| Untracked 
| 291|0x0000000092300000, 0x0000000092300000, 0x0000000092400000|  0%| F|  |TAMS 0x0000000092300000, 0x0000000092300000| Untracked 

Card table byte_map: [0x0000000015d80000,0x0000000016180000] _byte_map_base: 0x0000000015980000

Marking Bits (Prev, Next): (CMBitMap*) 0x000000000031b168, (CMBitMap*) 0x000000000031b1a0
 Prev Bits: [0x0000000016580000, 0x0000000018580000)
 Next Bits: [0x0000000018580000, 0x000000001a580000)

Polling page: 0x0000000000230000

Metaspace:

Usage:
  Non-class:    121.60 MB capacity,   119.15 MB ( 98%) used,     1.99 MB (  2%) free+waste,   474.13 KB ( <1%) overhead. 
      Class:     18.97 MB capacity,    17.48 MB ( 92%) used,     1.29 MB (  7%) free+waste,   213.56 KB (  1%) overhead. 
       Both:    140.57 MB capacity,   136.62 MB ( 97%) used,     3.27 MB (  2%) free+waste,   687.69 KB ( <1%) overhead. 

Virtual space:
  Non-class space:      122.00 MB reserved,     121.92 MB (>99%) committed 
      Class space:        1.00 GB reserved,      19.13 MB (  2%) committed 
             Both:        1.12 GB reserved,     141.05 MB ( 12%) committed 

Chunk freelists:
   Non-Class:  142.00 KB
       Class:  91.00 KB
        Both:  233.00 KB

MaxMetaspaceSize: 17179869184.00 GB
CompressedClassSpaceSize: 1.00 GB

CodeHeap 'non-profiled nmethods': size=120064Kb used=11984Kb max_used=11984Kb free=108080Kb
 bounds [0x000000000dd30000, 0x000000000e8f0000, 0x0000000015270000]
CodeHeap 'profiled nmethods': size=120000Kb used=45839Kb max_used=45839Kb free=74160Kb
 bounds [0x0000000006800000, 0x00000000094e0000, 0x000000000dd30000]
CodeHeap 'non-nmethods': size=5696Kb used=2391Kb max_used=2458Kb free=3304Kb
 bounds [0x0000000006270000, 0x00000000064f0000, 0x0000000006800000]
 total_blobs=20665 nmethods=19612 adapters=964
 compilation: enabled
              stopped_count=0, restarted_count=0
 full_count=0

Compilation events (20 events):
Event: 537.770 Thread 0x000000005db50000 20696       2       com.android.tools.r8.internal.Wb1::<init> (12 bytes)
Event: 537.771 Thread 0x000000005db50000 nmethod 20696 0x00000000094c7910 code [0x00000000094c7ac0, 0x00000000094c7c28]
Event: 537.775 Thread 0x000000005db50000 20697       2       com.android.tools.r8.internal.ac1::iterator (12 bytes)
Event: 537.775 Thread 0x000000005db50000 nmethod 20697 0x00000000094c7d10 code [0x00000000094c7ec0, 0x00000000094c8088]
Event: 537.778 Thread 0x000000005db50000 20698       2       com.android.tools.r8.code.c0::hashCode (22 bytes)
Event: 537.778 Thread 0x000000005db50000 nmethod 20698 0x00000000094c8190 code [0x00000000094c8340, 0x00000000094c8488]
Event: 537.779 Thread 0x000000005db50000 20699       2       com.android.tools.r8.code.r::<init> (7 bytes)
Event: 537.780 Thread 0x000000005db50000 nmethod 20699 0x00000000094c8510 code [0x00000000094c86c0, 0x00000000094c8818]
Event: 537.801 Thread 0x000000005db50000 20701       2       com.android.tools.r8.code.E3::<init> (85 bytes)
Event: 537.802 Thread 0x000000005db50000 nmethod 20701 0x00000000094c8910 code [0x00000000094c8b40, 0x00000000094c9248]
Event: 537.819 Thread 0x000000005db50000 20702 %     3       com.android.tools.r8.dex.r::f @ 34 (109 bytes)
Event: 537.820 Thread 0x000000005db50000 nmethod 20702% 0x00000000094c9790 code [0x00000000094c9a20, 0x00000000094ca5f8]
Event: 537.821 Thread 0x000000005db50000 20704 %     3       com.android.tools.r8.dex.r::a @ 28 (261 bytes)
Event: 537.825 Thread 0x000000005db50000 nmethod 20704% 0x00000000094cac10 code [0x00000000094cafc0, 0x00000000094cc978]
Event: 537.825 Thread 0x000000005db50000 20705       3       com.android.tools.r8.dex.r::a (261 bytes)
Event: 537.830 Thread 0x000000005db50000 nmethod 20705 0x00000000094cd610 code [0x00000000094cd9a0, 0x00000000094cf1f8]
Event: 537.831 Thread 0x000000005db50000 20706       3       com.android.tools.r8.dex.r::f (109 bytes)
Event: 537.832 Thread 0x000000005db50000 nmethod 20706 0x00000000094cfe90 code [0x00000000094d0100, 0x00000000094d0bf8]
Event: 537.837 Thread 0x000000005db50000 20707       2       java.util.Arrays::hashCode (44 bytes)
Event: 537.837 Thread 0x000000005db50000 nmethod 20707 0x00000000094d1190 code [0x00000000094d1340, 0x00000000094d14b8]

GC Heap History (20 events):
Event: 536.382 GC heap after
{Heap after GC invocations=151 (full 0):
 garbage-first heap   total 246784K, used 208879K [0x0000000080000000, 0x0000000100000000)
  region size 1024K, 2 young (2048K), 2 survivors (2048K)
 Metaspace       used 139598K, capacity 143626K, committed 143920K, reserved 1173504K
  class space    used 17896K, capacity 19435K, committed 19584K, reserved 1048576K
}
Event: 536.398 GC heap before
{Heap before GC invocations=151 (full 0):
 garbage-first heap   total 246784K, used 210927K [0x0000000080000000, 0x0000000100000000)
  region size 1024K, 5 young (5120K), 2 survivors (2048K)
 Metaspace       used 139598K, capacity 143626K, committed 143920K, reserved 1173504K
  class space    used 17896K, capacity 19435K, committed 19584K, reserved 1048576K
}
Event: 536.414 GC heap after
{Heap after GC invocations=152 (full 0):
 garbage-first heap   total 246784K, used 210311K [0x0000000080000000, 0x0000000100000000)
  region size 1024K, 1 young (1024K), 1 survivors (1024K)
 Metaspace       used 139598K, capacity 143626K, committed 143920K, reserved 1173504K
  class space    used 17896K, capacity 19435K, committed 19584K, reserved 1048576K
}
Event: 536.522 GC heap before
{Heap before GC invocations=152 (full 0):
 garbage-first heap   total 246784K, used 221575K [0x0000000080000000, 0x0000000100000000)
  region size 1024K, 12 young (12288K), 1 survivors (1024K)
 Metaspace       used 139598K, capacity 143626K, committed 143920K, reserved 1173504K
  class space    used 17896K, capacity 19435K, committed 19584K, reserved 1048576K
}
Event: 536.550 GC heap after
{Heap after GC invocations=153 (full 0):
 garbage-first heap   total 246784K, used 215461K [0x0000000080000000, 0x0000000100000000)
  region size 1024K, 2 young (2048K), 2 survivors (2048K)
 Metaspace       used 139598K, capacity 143626K, committed 143920K, reserved 1173504K
  class space    used 17896K, capacity 19435K, committed 19584K, reserved 1048576K
}
Event: 536.635 GC heap before
{Heap before GC invocations=153 (full 0):
 garbage-first heap   total 246784K, used 225701K [0x0000000080000000, 0x0000000100000000)
  region size 1024K, 12 young (12288K), 2 survivors (2048K)
 Metaspace       used 139598K, capacity 143626K, committed 143920K, reserved 1173504K
  class space    used 17896K, capacity 19435K, committed 19584K, reserved 1048576K
}
Event: 536.667 GC heap after
{Heap after GC invocations=154 (full 0):
 garbage-first heap   total 246784K, used 220841K [0x0000000080000000, 0x0000000100000000)
  region size 1024K, 2 young (2048K), 2 survivors (2048K)
 Metaspace       used 139598K, capacity 143626K, committed 143920K, reserved 1173504K
  class space    used 17896K, capacity 19435K, committed 19584K, reserved 1048576K
}
Event: 536.821 GC heap before
{Heap before GC invocations=154 (full 0):
 garbage-first heap   total 246784K, used 231081K [0x0000000080000000, 0x0000000100000000)
  region size 1024K, 12 young (12288K), 2 survivors (2048K)
 Metaspace       used 139751K, capacity 143819K, committed 144176K, reserved 1173504K
  class space    used 17900K, capacity 19435K, committed 19584K, reserved 1048576K
}
Event: 536.858 GC heap after
{Heap after GC invocations=155 (full 0):
 garbage-first heap   total 246784K, used 225280K [0x0000000080000000, 0x0000000100000000)
  region size 1024K, 2 young (2048K), 2 survivors (2048K)
 Metaspace       used 139751K, capacity 143819K, committed 144176K, reserved 1173504K
  class space    used 17900K, capacity 19435K, committed 19584K, reserved 1048576K
}
Event: 537.081 GC heap before
{Heap before GC invocations=155 (full 0):
 garbage-first heap   total 246784K, used 235520K [0x0000000080000000, 0x0000000100000000)
  region size 1024K, 12 young (12288K), 2 survivors (2048K)
 Metaspace       used 139817K, capacity 143886K, committed 144176K, reserved 1173504K
  class space    used 17900K, capacity 19435K, committed 19584K, reserved 1048576K
}
Event: 537.110 GC heap after
{Heap after GC invocations=156 (full 0):
 garbage-first heap   total 246784K, used 230767K [0x0000000080000000, 0x0000000100000000)
  region size 1024K, 2 young (2048K), 2 survivors (2048K)
 Metaspace       used 139817K, capacity 143886K, committed 144176K, reserved 1173504K
  class space    used 17900K, capacity 19435K, committed 19584K, reserved 1048576K
}
Event: 537.309 GC heap before
{Heap before GC invocations=156 (full 0):
 garbage-first heap   total 246784K, used 241007K [0x0000000080000000, 0x0000000100000000)
  region size 1024K, 12 young (12288K), 2 survivors (2048K)
 Metaspace       used 139841K, capacity 143874K, committed 144176K, reserved 1173504K
  class space    used 17896K, capacity 19429K, committed 19584K, reserved 1048576K
}
Event: 537.330 GC heap after
{Heap after GC invocations=157 (full 0):
 garbage-first heap   total 299008K, used 236237K [0x0000000080000000, 0x0000000100000000)
  region size 1024K, 2 young (2048K), 2 survivors (2048K)
 Metaspace       used 139841K, capacity 143874K, committed 144176K, reserved 1173504K
  class space    used 17896K, capacity 19429K, committed 19584K, reserved 1048576K
}
Event: 537.460 GC heap before
{Heap before GC invocations=157 (full 0):
 garbage-first heap   total 299008K, used 248525K [0x0000000080000000, 0x0000000100000000)
  region size 1024K, 14 young (14336K), 2 survivors (2048K)
 Metaspace       used 139888K, capacity 143942K, committed 144432K, reserved 1173504K
  class space    used 17896K, capacity 19429K, committed 19584K, reserved 1048576K
}
Event: 537.495 GC heap after
{Heap after GC invocations=158 (full 0):
 garbage-first heap   total 299008K, used 243188K [0x0000000080000000, 0x0000000100000000)
  region size 1024K, 2 young (2048K), 2 survivors (2048K)
 Metaspace       used 139888K, capacity 143942K, committed 144432K, reserved 1173504K
  class space    used 17896K, capacity 19429K, committed 19584K, reserved 1048576K
}
Event: 537.607 GC heap before
{Heap before GC invocations=158 (full 0):
 garbage-first heap   total 299008K, used 255476K [0x0000000080000000, 0x0000000100000000)
  region size 1024K, 14 young (14336K), 2 survivors (2048K)
 Metaspace       used 139894K, capacity 143943K, committed 144432K, reserved 1173504K
  class space    used 17896K, capacity 19429K, committed 19584K, reserved 1048576K
}
Event: 537.646 GC heap after
{Heap after GC invocations=159 (full 0):
 garbage-first heap   total 299008K, used 249856K [0x0000000080000000, 0x0000000100000000)
  region size 1024K, 2 young (2048K), 2 survivors (2048K)
 Metaspace       used 139894K, capacity 143943K, committed 144432K, reserved 1173504K
  class space    used 17896K, capacity 19429K, committed 19584K, reserved 1048576K
}
Event: 537.731 GC heap before
{Heap before GC invocations=160 (full 0):
 garbage-first heap   total 299008K, used 262144K [0x0000000080000000, 0x0000000100000000)
  region size 1024K, 14 young (14336K), 2 survivors (2048K)
 Metaspace       used 139897K, capacity 143943K, committed 144432K, reserved 1173504K
  class space    used 17896K, capacity 19429K, committed 19584K, reserved 1048576K
}
Event: 537.768 GC heap after
{Heap after GC invocations=161 (full 0):
 garbage-first heap   total 299008K, used 257024K [0x0000000080000000, 0x0000000100000000)
  region size 1024K, 2 young (2048K), 2 survivors (2048K)
 Metaspace       used 139897K, capacity 143943K, committed 144432K, reserved 1173504K
  class space    used 17896K, capacity 19429K, committed 19584K, reserved 1048576K
}
Event: 537.842 GC heap before
{Heap before GC invocations=161 (full 0):
 garbage-first heap   total 299008K, used 269312K [0x0000000080000000, 0x0000000100000000)
  region size 1024K, 14 young (14336K), 2 survivors (2048K)
 Metaspace       used 139901K, capacity 143943K, committed 144432K, reserved 1173504K
  class space    used 17896K, capacity 19429K, committed 19584K, reserved 1048576K
}

Deoptimization events (20 events):
Event: 536.878 Thread 0x000000006f8a1000 DEOPT PACKING pc=0x00000000093bd960 sp=0x00000000768cea90
Event: 536.878 Thread 0x000000006f8a1000 DEOPT UNPACKING pc=0x000000000629633f sp=0x00000000768ce0c8 mode 0
Event: 537.018 Thread 0x000000006f89e800 DEOPT PACKING pc=0x00000000093cd4fb sp=0x000000007665e6b0
Event: 537.018 Thread 0x000000006f89e800 DEOPT UNPACKING pc=0x000000000629633f sp=0x000000007665e2b0 mode 0
Event: 537.024 Thread 0x000000006f89e800 DEOPT PACKING pc=0x00000000093e7669 sp=0x000000007665eb00
Event: 537.024 Thread 0x000000006f89e800 DEOPT UNPACKING pc=0x000000000629633f sp=0x000000007665e1c0 mode 0
Event: 537.056 Thread 0x000000006f89e800 DEOPT PACKING pc=0x00000000093cd4fb sp=0x000000007665e690
Event: 537.056 Thread 0x000000006f89e800 DEOPT UNPACKING pc=0x000000000629633f sp=0x000000007665e290 mode 0
Event: 537.077 Thread 0x000000006f89e800 DEOPT PACKING pc=0x00000000093cd4fb sp=0x000000007665e6b0
Event: 537.077 Thread 0x000000006f89e800 DEOPT UNPACKING pc=0x000000000629633f sp=0x000000007665e2b0 mode 0
Event: 537.148 Thread 0x000000006f8a1000 Uncommon trap: trap_request=0xffffff4d fr.pc=0x000000000e32f3f0 relative=0x0000000000000330
Event: 537.148 Thread 0x000000006f8a1000 Uncommon trap: reason=unstable_if action=reinterpret pc=0x000000000e32f3f0 method=java.util.concurrent.ConcurrentLinkedQueue.offer(Ljava/lang/Object;)Z @ 42 c2
Event: 537.148 Thread 0x000000006f8a1000 DEOPT PACKING pc=0x000000000e32f3f0 sp=0x00000000768ceca0
Event: 537.148 Thread 0x000000006f8a1000 DEOPT UNPACKING pc=0x0000000006295f29 sp=0x00000000768cebe8 mode 2
Event: 537.149 Thread 0x000000006f89f800 Uncommon trap: trap_request=0xffffff4d fr.pc=0x000000000e1ba2f0 relative=0x0000000000000330
Event: 537.149 Thread 0x000000006f89f800 Uncommon trap: reason=unstable_if action=reinterpret pc=0x000000000e1ba2f0 method=java.util.concurrent.ConcurrentLinkedQueue.offer(Ljava/lang/Object;)Z @ 42 c2
Event: 537.149 Thread 0x000000006f89f800 DEOPT PACKING pc=0x000000000e1ba2f0 sp=0x000000007422ecf0
Event: 537.149 Thread 0x000000006f89f800 DEOPT UNPACKING pc=0x0000000006295f29 sp=0x000000007422eca0 mode 2
Event: 537.832 Thread 0x000000006f89e800 DEOPT PACKING pc=0x00000000093fb9a0 sp=0x000000007665ef50
Event: 537.832 Thread 0x000000006f89e800 DEOPT UNPACKING pc=0x000000000629633f sp=0x000000007665e518 mode 0

Classes redefined (0 events):
No events

Internal exceptions (20 events):
Event: 516.826 Thread 0x000000006f89c000 Exception <a 'java/lang/NoSuchMethodError'{0x000000008e158ed8}: 'void java.lang.invoke.DirectMethodHandle$Holder.invokeVirtual(java.lang.Object, java.lang.Object, int)'> (0x000000008e158ed8) thrown at [./src/hotspot/share/interpreter/linkResolver.cpp, line 773]
Event: 516.839 Thread 0x000000006f89c000 Exception <a 'sun/nio/fs/WindowsException'{0x000000008e1dfc30}> (0x000000008e1dfc30) thrown at [./src/hotspot/share/prims/jni.cpp, line 615]
Event: 516.839 Thread 0x00000000655d0800 Exception <a 'sun/nio/fs/WindowsException'{0x000000008e1f2b98}> (0x000000008e1f2b98) thrown at [./src/hotspot/share/prims/jni.cpp, line 615]
Event: 516.902 Thread 0x00000000655d0800 Exception <a 'sun/nio/fs/WindowsException'{0x000000008e046560}> (0x000000008e046560) thrown at [./src/hotspot/share/prims/jni.cpp, line 615]
Event: 516.908 Thread 0x00000000655d0800 Exception <a 'sun/nio/fs/WindowsException'{0x000000008e050c88}> (0x000000008e050c88) thrown at [./src/hotspot/share/prims/jni.cpp, line 615]
Event: 516.919 Thread 0x00000000655d0800 Exception <a 'sun/nio/fs/WindowsException'{0x000000008e0dcc48}> (0x000000008e0dcc48) thrown at [./src/hotspot/share/prims/jni.cpp, line 615]
Event: 516.934 Thread 0x000000006f89c000 Exception <a 'sun/nio/fs/WindowsException'{0x000000008e0ee300}> (0x000000008e0ee300) thrown at [./src/hotspot/share/prims/jni.cpp, line 615]
Event: 516.964 Thread 0x00000000655d0800 Exception <a 'sun/nio/fs/WindowsException'{0x000000008e0e3338}> (0x000000008e0e3338) thrown at [./src/hotspot/share/prims/jni.cpp, line 615]
Event: 516.979 Thread 0x000000006f89c000 Exception <a 'sun/nio/fs/WindowsException'{0x000000008dfc0228}> (0x000000008dfc0228) thrown at [./src/hotspot/share/prims/jni.cpp, line 615]
Event: 517.001 Thread 0x000000006f89c000 Exception <a 'sun/nio/fs/WindowsException'{0x000000008dfc6910}> (0x000000008dfc6910) thrown at [./src/hotspot/share/prims/jni.cpp, line 615]
Event: 517.006 Thread 0x000000006f89c000 Exception <a 'sun/nio/fs/WindowsException'{0x000000008dfcce30}> (0x000000008dfcce30) thrown at [./src/hotspot/share/prims/jni.cpp, line 615]
Event: 517.773 Thread 0x000000006cafb800 Exception <a 'sun/nio/fs/WindowsException'{0x000000008c74e1a8}> (0x000000008c74e1a8) thrown at [./src/hotspot/share/prims/jni.cpp, line 615]
Event: 519.626 Thread 0x000000006cafb800 Exception <a 'java/lang/NoSuchMethodError'{0x000000008d472508}: 'int java.lang.invoke.DirectMethodHandle$Holder.invokeInterface(java.lang.Object, java.lang.Object, int)'> (0x000000008d472508) thrown at [./src/hotspot/share/interpreter/linkResolver.cpp, line 773]
Event: 523.116 Thread 0x000000006cafb800 Exception <a 'sun/nio/fs/WindowsException'{0x000000008dd29e38}> (0x000000008dd29e38) thrown at [./src/hotspot/share/prims/jni.cpp, line 615]
Event: 524.927 Thread 0x000000006c393800 Exception <a 'java/lang/NoSuchMethodError'{0x000000008db4e128}: <clinit>> (0x000000008db4e128) thrown at [./src/hotspot/share/prims/jni.cpp, line 1362]
Event: 533.201 Thread 0x000000006f89c000 Exception <a 'sun/nio/fs/WindowsException'{0x000000008e0dcc90}> (0x000000008e0dcc90) thrown at [./src/hotspot/share/prims/jni.cpp, line 615]
Event: 533.478 Thread 0x00000000655d0800 Exception <a 'sun/nio/fs/WindowsException'{0x000000008de86220}> (0x000000008de86220) thrown at [./src/hotspot/share/prims/jni.cpp, line 615]
Event: 534.756 Thread 0x00000000655d0800 Exception <a 'sun/nio/fs/WindowsException'{0x000000008d5fc390}> (0x000000008d5fc390) thrown at [./src/hotspot/share/prims/jni.cpp, line 615]
Event: 534.796 Thread 0x000000006f89c000 Exception <a 'sun/nio/fs/WindowsException'{0x000000008d30b170}> (0x000000008d30b170) thrown at [./src/hotspot/share/prims/jni.cpp, line 615]
Event: 535.997 Thread 0x000000006f89d000 Exception <a 'sun/nio/fs/WindowsException'{0x000000008d0e71b0}> (0x000000008d0e71b0) thrown at [./src/hotspot/share/prims/jni.cpp, line 615]

Events (20 events):
Event: 536.873 Executing coalesced safepoint VM operation: RevokeBias
Event: 536.873 Executing coalesced safepoint VM operation: RevokeBias done
Event: 536.873 Executing VM operation: RevokeBias done
Event: 537.079 Executing VM operation: G1CollectForAllocation
Event: 537.110 Executing VM operation: G1CollectForAllocation done
Event: 537.169 Executing VM operation: CGC_Operation
Event: 537.236 Executing VM operation: CGC_Operation done
Event: 537.307 Executing VM operation: G1CollectForAllocation
Event: 537.330 Executing VM operation: G1CollectForAllocation done
Event: 537.459 Executing VM operation: G1CollectForAllocation
Event: 537.496 Executing VM operation: G1CollectForAllocation done
Event: 537.605 Executing VM operation: G1CollectForAllocation
Event: 537.646 Executing VM operation: G1CollectForAllocation done
Event: 537.695 Executing VM operation: CGC_Operation
Event: 537.696 Executing VM operation: CGC_Operation done
Event: 537.700 Executing VM operation: RevokeBias
Event: 537.700 Executing VM operation: RevokeBias done
Event: 537.730 Executing VM operation: G1CollectForAllocation
Event: 537.768 Executing VM operation: G1CollectForAllocation done
Event: 537.841 Executing VM operation: G1CollectForAllocation


Dynamic libraries:
0x000000013feb0000 - 0x000000013feba000 	C:\Program Files\Android\Android Studio\jre\bin\java.exe
0x00000000778a0000 - 0x0000000077a49000 	C:\Windows\SYSTEM32\ntdll.dll
0x0000000077780000 - 0x000000007789f000 	C:\Windows\system32\kernel32.dll
0x000007fefd980000 - 0x000007fefd9eb000 	C:\Windows\system32\KERNELBASE.dll
0x000007fee3810000 - 0x000007fee3829000 	C:\Program Files\Android\Android Studio\jre\bin\jli.dll
0x000007fefc030000 - 0x000007fefc224000 	C:\Windows\WinSxS\amd64_microsoft.windows.common-controls_6595b64144ccf1df_6.0.7601.17514_none_fa396087175ac9ac\COMCTL32.dll
0x000007fefec20000 - 0x000007fefecbf000 	C:\Windows\system32\msvcrt.dll
0x000007fefdbc0000 - 0x000007fefdc27000 	C:\Windows\system32\GDI32.dll
0x0000000077680000 - 0x000000007777a000 	C:\Windows\system32\USER32.dll
0x000007fefdc30000 - 0x000007fefdc3e000 	C:\Windows\system32\LPK.dll
0x000007feff550000 - 0x000007feff619000 	C:\Windows\system32\USP10.dll
0x000007fefeba0000 - 0x000007fefec11000 	C:\Windows\system32\SHLWAPI.dll
0x000007fef5d90000 - 0x000007fef5da7000 	C:\Program Files\Android\Android Studio\jre\bin\VCRUNTIME140.dll
0x000007fefab10000 - 0x000007fefab14000 	C:\Windows\system32\api-ms-win-crt-runtime-l1-1-0.dll
0x000007fee2f10000 - 0x000007fee3002000 	C:\Windows\system32\ucrtbase.DLL
0x000007fef7430000 - 0x000007fef7433000 	C:\Windows\system32\api-ms-win-core-timezone-l1-1-0.dll
0x000007fef7420000 - 0x000007fef7423000 	C:\Windows\system32\api-ms-win-core-file-l2-1-0.dll
0x000007fef7320000 - 0x000007fef7323000 	C:\Windows\system32\api-ms-win-core-localization-l1-2-0.dll
0x000007fef9780000 - 0x000007fef9783000 	C:\Windows\system32\api-ms-win-core-synch-l1-2-0.dll
0x000007fef5cd0000 - 0x000007fef5cd3000 	C:\Windows\system32\api-ms-win-core-processthreads-l1-1-1.dll
0x000007fef5d80000 - 0x000007fef5d83000 	C:\Windows\system32\api-ms-win-core-file-l1-2-0.dll
0x000007fef5cc0000 - 0x000007fef5cc4000 	C:\Windows\system32\api-ms-win-crt-string-l1-1-0.dll
0x000007fef5cb0000 - 0x000007fef5cb3000 	C:\Windows\system32\api-ms-win-crt-heap-l1-1-0.dll
0x000007fee3950000 - 0x000007fee3954000 	C:\Windows\system32\api-ms-win-crt-stdio-l1-1-0.dll
0x000007fee3960000 - 0x000007fee3964000 	C:\Windows\system32\api-ms-win-crt-convert-l1-1-0.dll
0x000007fee3930000 - 0x000007fee3933000 	C:\Windows\system32\api-ms-win-crt-environment-l1-1-0.dll
0x000007fee3920000 - 0x000007fee3923000 	C:\Windows\system32\api-ms-win-crt-filesystem-l1-1-0.dll
0x000007fee37d0000 - 0x000007fee37d5000 	C:\Windows\system32\api-ms-win-crt-math-l1-1-0.dll
0x000007fee3280000 - 0x000007fee3283000 	C:\Windows\system32\api-ms-win-crt-locale-l1-1-0.dll
0x000007fefef20000 - 0x000007fefef4e000 	C:\Windows\system32\IMM32.DLL
0x000007fefe9d0000 - 0x000007fefead9000 	C:\Windows\system32\MSCTF.dll
0x000007fedeea0000 - 0x000007fedef3d000 	C:\Program Files\Android\Android Studio\jre\bin\msvcp140.dll
0x000007fee2ee0000 - 0x000007fee2ee5000 	C:\Windows\system32\api-ms-win-crt-multibyte-l1-1-0.dll
0x000007fee3490000 - 0x000007fee3493000 	C:\Windows\system32\api-ms-win-crt-time-l1-1-0.dll
0x000007fee3940000 - 0x000007fee3943000 	C:\Windows\system32\api-ms-win-crt-utility-l1-1-0.dll
0x000007fedf350000 - 0x000007fedfe25000 	C:\Program Files\Android\Android Studio\jre\bin\server\jvm.dll
0x000007feff640000 - 0x000007feff71b000 	C:\Windows\system32\ADVAPI32.dll
0x000007fefeb80000 - 0x000007fefeb9f000 	C:\Windows\SYSTEM32\sechost.dll
0x000007feff720000 - 0x000007feff84d000 	C:\Windows\system32\RPCRT4.dll
0x000007fefab30000 - 0x000007fefab39000 	C:\Windows\system32\WSOCK32.dll
0x000007fefee40000 - 0x000007fefee8d000 	C:\Windows\system32\WS2_32.dll
0x000007fefee90000 - 0x000007fefee98000 	C:\Windows\system32\NSI.dll
0x000007fef83a0000 - 0x000007fef83db000 	C:\Windows\system32\WINMM.dll
0x000007fefc950000 - 0x000007fefc95c000 	C:\Windows\system32\VERSION.dll
0x0000000077a60000 - 0x0000000077a67000 	C:\Windows\system32\PSAPI.DLL
0x000007fee3470000 - 0x000007fee3481000 	C:\Program Files\Android\Android Studio\jre\bin\verify.dll
0x000007fee9c90000 - 0x000007fee9db5000 	C:\Windows\system32\DBGHELP.DLL
0x000007fee3440000 - 0x000007fee3469000 	C:\Program Files\Android\Android Studio\jre\bin\java.dll
0x000007fee37c0000 - 0x000007fee37cb000 	C:\Program Files\Android\Android Studio\jre\bin\jimage.dll
0x000007fee3420000 - 0x000007fee3438000 	C:\Program Files\Android\Android Studio\jre\bin\zip.dll
0x000007fefdc40000 - 0x000007fefe9c8000 	C:\Windows\system32\SHELL32.dll
0x000007feff340000 - 0x000007feff543000 	C:\Windows\system32\ole32.dll
0x000007fefd7f0000 - 0x000007fefd7ff000 	C:\Windows\system32\profapi.dll
0x000007fee3400000 - 0x000007fee341a000 	C:\Program Files\Android\Android Studio\jre\bin\net.dll
0x000007fefb3f0000 - 0x000007fefb461000 	C:\Windows\system32\WINHTTP.dll
0x000007fefb380000 - 0x000007fefb3e4000 	C:\Windows\system32\webio.dll
0x000007fefd060000 - 0x000007fefd0b5000 	C:\Windows\system32\mswsock.dll
0x000007fefd050000 - 0x000007fefd057000 	C:\Windows\System32\wship6.dll
0x000007fee33e0000 - 0x000007fee33f4000 	C:\Program Files\Android\Android Studio\jre\bin\nio.dll
0x000007fef7350000 - 0x000007fef7377000 	C:\Users\Dell\.gradle\native\e1d6ef7f7dcc3fd88c89a11ec53ec762bb8ba0a96d01ffa2cd45eb1d1d8dd5c5\windows-amd64\native-platform.dll
0x000007fee33d0000 - 0x000007fee33da000 	C:\Program Files\Android\Android Studio\jre\bin\management.dll
0x000007fee33c0000 - 0x000007fee33cd000 	C:\Program Files\Android\Android Studio\jre\bin\management_ext.dll
0x000007fefd0c0000 - 0x000007fefd0d7000 	C:\Windows\system32\CRYPTSP.dll
0x000007fefcdc0000 - 0x000007fefce07000 	C:\Windows\system32\rsaenh.dll
0x000007fefcb40000 - 0x000007fefcb5e000 	C:\Windows\system32\USERENV.dll
0x000007fefd720000 - 0x000007fefd72f000 	C:\Windows\system32\CRYPTBASE.dll
0x000007fefb540000 - 0x000007fefb567000 	C:\Windows\system32\IPHLPAPI.DLL
0x000007fefb5c0000 - 0x000007fefb5cb000 	C:\Windows\system32\WINNSI.DLL
0x000007fefb510000 - 0x000007fefb528000 	C:\Windows\system32\dhcpcsvc.DLL
0x000007fefb010000 - 0x000007fefb021000 	C:\Windows\system32\dhcpcsvc6.DLL
0x000007fef6cb0000 - 0x000007fef6cd7000 	C:\Program Files\Android\Android Studio\jre\bin\sunec.dll
0x000007fefca20000 - 0x000007fefca27000 	C:\Windows\System32\wshtcpip.dll
0x000007fefcee0000 - 0x000007fefcf3b000 	C:\Windows\system32\DNSAPI.dll
0x000007fef7720000 - 0x000007fef7728000 	C:\Windows\system32\rasadhlp.dll
0x000007fefb080000 - 0x000007fefb0d3000 	C:\Windows\System32\fwpuclnt.dll
0x000007fefc6c0000 - 0x000007fefc6c8000 	C:\Program Files\Android\Android Studio\jre\bin\rmi.dll
0x000007fefb990000 - 0x000007fefb9a5000 	C:\Windows\system32\NLAapi.dll
0x000007fef70a0000 - 0x000007fef70b5000 	C:\Windows\system32\napinsp.dll
0x000007fef7080000 - 0x000007fef7099000 	C:\Windows\system32\pnrpnsp.dll
0x000007fef7050000 - 0x000007fef705b000 	C:\Windows\System32\winrnr.dll

dbghelp: loaded successfully - version: 4.0.5 - missing functions: none
symbol engine: initialized successfully - sym options: 0x614 - pdb path: .;C:\Program Files\Android\Android Studio\jre\bin;C:\Windows\SYSTEM32;C:\Windows\WinSxS\amd64_microsoft.windows.common-controls_6595b64144ccf1df_6.0.7601.17514_none_fa396087175ac9ac;C:\Program Files\Android\Android Studio\jre\bin\server;C:\Users\Dell\.gradle\native\e1d6ef7f7dcc3fd88c89a11ec53ec762bb8ba0a96d01ffa2cd45eb1d1d8dd5c5\windows-amd64

VM Arguments:
jvm_args: --add-opens=java.base/java.util=ALL-UNNAMED --add-opens=java.base/java.lang=ALL-UNNAMED --add-opens=java.base/java.lang.invoke=ALL-UNNAMED --add-opens=java.base/java.util=ALL-UNNAMED --add-opens=java.prefs/java.util.prefs=ALL-UNNAMED --add-opens=java.prefs/java.util.prefs=ALL-UNNAMED --add-opens=java.base/java.nio.charset=ALL-UNNAMED --add-opens=java.base/java.net=ALL-UNNAMED --add-opens=java.base/java.util.concurrent.atomic=ALL-UNNAMED -Xmx2048m -Dfile.encoding=UTF-8 -Duser.country=IN -Duser.language=en -Duser.variant 
java_command: org.gradle.launcher.daemon.bootstrap.GradleDaemon 7.2
java_class_path (initial): C:\Users\Dell\.gradle\wrapper\dists\gradle-7.2-bin\2dnblmf4td7x66yl1d74lt32g\gradle-7.2\lib\gradle-launcher-7.2.jar
Launcher Type: SUN_STANDARD

[Global flags]
     intx CICompilerCount                          = 3                                         {product} {ergonomic}
     uint ConcGCThreads                            = 1                                         {product} {ergonomic}
     uint G1ConcRefinementThreads                  = 4                                         {product} {ergonomic}
   size_t G1HeapRegionSize                         = 1048576                                   {product} {ergonomic}
    uintx GCDrainStackTargetSize                   = 64                                        {product} {ergonomic}
   size_t InitialHeapSize                          = 65011712                                  {product} {ergonomic}
   size_t MarkStackSize                            = 4194304                                   {product} {ergonomic}
   size_t MaxHeapSize                              = 2147483648                                {product} {command line}
   size_t MaxNewSize                               = 1287651328                                {product} {ergonomic}
   size_t MinHeapDeltaBytes                        = 1048576                                   {product} {ergonomic}
    uintx NonNMethodCodeHeapSize                   = 5830732                                {pd product} {ergonomic}
    uintx NonProfiledCodeHeapSize                  = 122913754                              {pd product} {ergonomic}
    uintx ProfiledCodeHeapSize                     = 122913754                              {pd product} {ergonomic}
    uintx ReservedCodeCacheSize                    = 251658240                              {pd product} {ergonomic}
     bool SegmentedCodeCache                       = true                                      {product} {ergonomic}
     bool UseCompressedClassPointers               = true                                 {lp64_product} {ergonomic}
     bool UseCompressedOops                        = true                                 {lp64_product} {ergonomic}
     bool UseG1GC                                  = true                                      {product} {ergonomic}
     bool UseLargePagesIndividualAllocation        = false                                  {pd product} {ergonomic}

Logging:
Log output configuration:
 #0: stdout all=warning uptime,level,tags
 #1: stderr all=off uptime,level,tags

Environment Variables:
PATH=C:\MinGW\bin;C:\MinGW\mingw32\bin;C:\Program Files (x86)\Common Files\Oracle\Java\javapath;C:\Program Files\Java\jdk-14.0.2/bin;C:\Program Files\apktool;C:\Program Files (x86)\Paragon Software\LinuxFS for Windows\;C:\Program Files\dotnet\;C:\Users\Dell\AppData\Local\Programs\Python\Python38\Scripts\;C:\Users\Dell\AppData\Local\Programs\Python\Python38\;C:\Users\Dell\.dotnet\tools
USERNAME=Dell
OS=Windows_NT
PROCESSOR_IDENTIFIER=Intel64 Family 6 Model 37 Stepping 5, GenuineIntel



---------------  S Y S T E M  ---------------

OS: Windows 7 , 64 bit Build 7601 (6.1.7601.18015)
OS uptime: 1 days 8:41 hours

CPU:total 4 (initial active 4) (2 cores per cpu, 2 threads per core) family 6 model 37 stepping 5 microcode 0x0, cmov, cx8, fxsr, mmx, sse, sse2, sse3, ssse3, sse4.1, sse4.2, popcnt, ht, tsc, tscinvbit

Memory: 4k page, system-wide physical 3894M (121M free)
TotalPageFile size 7816M (AvailPageFile size 184M)
current process WorkingSet (physical memory assigned to process): 587M, peak: 614M
current process commit charge ("private bytes"): 699M, peak: 1114M

vm_info: OpenJDK 64-Bit Server VM (11.0.11+9-b60-7590822) for windows-amd64 JRE (11.0.11+9-b60-7590822), built on Jul 29 2021 21:43:44 by "builder" with MS VC++ 14.0 (VS2015)

END.
