#
# There is insufficient memory for the Java Runtime Environment to continue.
# Native memory allocation (mmap) failed to map 65536 bytes for Failed to commit area from 0x0000000016a00000 to 0x0000000016a10000 of length 65536.
# Possible reasons:
#   The system is out of physical RAM or swap space
#   The process is running with CompressedOops enabled, and the Java Heap may be blocking the growth of the native heap
# Possible solutions:
#   Reduce memory load on the system
#   Increase physical memory or swap space
#   Check if swap backing store is full
#   Decrease Java heap size (-Xmx/-Xms)
#   Decrease number of Java threads
#   Decrease Java thread stack sizes (-Xss)
#   Set larger code cache with -XX:ReservedCodeCacheSize=
#   JVM is running with Unscaled Compressed Oops mode in which the Java heap is
#     placed in the first 4GB address space. The Java Heap base address is the
#     maximum limit for the native heap growth. Please use -XX:HeapBaseMinAddress
#     to set the Java Heap base and to place the Java Heap above 4GB virtual address.
# This output file may be truncated or incomplete.
#
#  Out of Memory Error (./src/hotspot/os/windows/os_windows.cpp:3301), pid=6148, tid=3544
#
# JRE version: OpenJDK Runtime Environment (11.0.11+9) (build 11.0.11+9-b60-7590822)
# Java VM: OpenJDK 64-Bit Server VM (11.0.11+9-b60-7590822, mixed mode, tiered, compressed oops, g1 gc, windows-amd64)
# No core dump will be written. Minidumps are not enabled by default on client versions of Windows
#

---------------  S U M M A R Y ------------

Command Line: --add-opens=java.base/java.util=ALL-UNNAMED --add-opens=java.base/java.lang=ALL-UNNAMED --add-opens=java.base/java.lang.invoke=ALL-UNNAMED --add-opens=java.base/java.util=ALL-UNNAMED --add-opens=java.prefs/java.util.prefs=ALL-UNNAMED --add-opens=java.prefs/java.util.prefs=ALL-UNNAMED --add-opens=java.base/java.nio.charset=ALL-UNNAMED --add-opens=java.base/java.net=ALL-UNNAMED --add-opens=java.base/java.util.concurrent.atomic=ALL-UNNAMED -Xmx2048m -Dfile.encoding=UTF-8 -Duser.country=IN -Duser.language=en -Duser.variant org.gradle.launcher.daemon.bootstrap.GradleDaemon 7.2

Host: Intel(R) Core(TM) i3 CPU       M 370  @ 2.40GHz, 4 cores, 3G,  Windows 7 , 64 bit Build 7601 (6.1.7601.18015)
Time: Mon Mar  7 20:39:02 2022 India Standard Time elapsed time: 13102.217057 seconds (0d 3h 38m 22s)

---------------  T H R E A D  ---------------

Current thread (0x000000005d70d800):  VMThread "VM Thread" [stack: 0x000000005d880000,0x000000005d980000] [id=3544]

Stack: [0x000000005d880000,0x000000005d980000]
[error occurred during error reporting (printing stack bounds), id 0xc0000005, EXCEPTION_ACCESS_VIOLATION (0xc0000005) at pc=0x0000000005fe0f3d]

Native frames: (J=compiled Java code, j=interpreted, Vv=VM code, C=native code)
V  [jvm.dll+0x5f214a]
V  [jvm.dll+0x726fb5]
V  [jvm.dll+0x7285cd]
V  [jvm.dll+0x728be5]
V  [jvm.dll+0x728b9b]
V  [jvm.dll+0x5f14e8]
V  [jvm.dll+0x5f1c78]
C  [ntdll.dll+0x29d2d]
C  [ntdll.dll+0x191cf]
C  [ntdll.dll+0x51248]
C  0x0000000005fe0f3d

VM_Operation (0x00000000651eaea0): G1CollectForAllocation, mode: safepoint, requested by thread 0x00000000647aa000


---------------  P R O C E S S  ---------------

Threads class SMR info:
_java_thread_list=0x00000000680339c0, length=83, elements={
0x00000000003e9800, 0x000000005d711800, 0x000000005d71b800, 0x000000005d72a000,
0x000000005d72d000, 0x000000005d730000, 0x000000005d738800, 0x000000005d73a800,
0x000000005d73c000, 0x000000005e723000, 0x000000005fdbc000, 0x000000006170b000,
0x0000000061037000, 0x000000005e8d5800, 0x000000005e8d6800, 0x000000005e8d7800,
0x000000005e8db800, 0x00000000606ab800, 0x00000000606ad000, 0x00000000606af800,
0x00000000647a5000, 0x0000000060293000, 0x0000000060294800, 0x000000006e1d2000,
0x000000006e1d4800, 0x000000006e1d7000, 0x00000000618ad800, 0x0000000068a9a000,
0x0000000066c82000, 0x0000000068a9c000, 0x0000000068a9c800, 0x00000000647ab000,
0x00000000647aa000, 0x00000000647a6000, 0x00000000647a8800, 0x00000000647ab800,
0x00000000647a7800, 0x00000000647a9800, 0x00000000647a7000, 0x00000000618a8000,
0x00000000618a8800, 0x00000000618ac800, 0x00000000618ab000, 0x00000000618ac000,
0x00000000618a7000, 0x00000000618aa800, 0x00000000618a9800, 0x0000000066c82800,
0x0000000066c7e800, 0x0000000066c7f800, 0x0000000066c7d000, 0x0000000066c81000,
0x0000000066c7e000, 0x0000000066c7c000, 0x0000000066c80000, 0x0000000060290800,
0x0000000060292000, 0x0000000060293800, 0x0000000060291800, 0x000000006028f800,
0x000000006028f000, 0x0000000060295800, 0x0000000068c10800, 0x0000000068c14800,
0x0000000068c13000, 0x0000000068c12000, 0x0000000068c11000, 0x0000000068c13800,
0x0000000068c0f800, 0x000000006e1d6000, 0x000000006e1d2800, 0x000000006e1d0800,
0x000000006e1d3800, 0x000000006e1d5000, 0x000000006e1d1000, 0x000000005e8d9000,
0x000000005e8d5000, 0x000000005e8da800, 0x000000005e8da000, 0x000000005e8d8000,
0x00000000606b0800, 0x00000000606ac800, 0x000000006852c800
}

Java Threads: ( => current thread )
  0x00000000003e9800 JavaThread "main" [_thread_blocked, id=4700, stack(0x0000000002010000,0x0000000002110000)]
  0x000000005d711800 JavaThread "Reference Handler" daemon [_thread_blocked, id=3972, stack(0x000000005db40000,0x000000005dc40000)]
  0x000000005d71b800 JavaThread "Finalizer" daemon [_thread_blocked, id=6696, stack(0x000000005dd00000,0x000000005de00000)]
  0x000000005d72a000 JavaThread "Signal Dispatcher" daemon [_thread_blocked, id=5776, stack(0x000000005df40000,0x000000005e040000)]
  0x000000005d72d000 JavaThread "Attach Listener" daemon [_thread_blocked, id=4368, stack(0x000000005de10000,0x000000005df10000)]
  0x000000005d730000 JavaThread "Service Thread" daemon [_thread_blocked, id=2384, stack(0x000000005e0d0000,0x000000005e1d0000)]
  0x000000005d738800 JavaThread "C2 CompilerThread0" daemon [_thread_blocked, id=5628, stack(0x000000005e2a0000,0x000000005e3a0000)]
  0x000000005d73a800 JavaThread "C1 CompilerThread0" daemon [_thread_blocked, id=4628, stack(0x000000005e570000,0x000000005e670000)]
  0x000000005d73c000 JavaThread "Sweeper thread" daemon [_thread_blocked, id=2288, stack(0x000000005e3f0000,0x000000005e4f0000)]
  0x000000005e723000 JavaThread "Common-Cleaner" daemon [_thread_blocked, id=5656, stack(0x000000005eba0000,0x000000005eca0000)]
  0x000000005fdbc000 JavaThread "Daemon health stats" [_thread_blocked, id=5888, stack(0x0000000060dd0000,0x0000000060ed0000)]
  0x000000006170b000 JavaThread "Incoming local TCP Connector on port 61211" [_thread_in_native, id=6424, stack(0x00000000623b0000,0x00000000624b0000)]
  0x0000000061037000 JavaThread "Daemon periodic checks" [_thread_blocked, id=2280, stack(0x0000000060ed0000,0x0000000060fd0000)]
  0x000000005e8d5800 JavaThread "Cache worker for journal cache (C:\Users\Dell\.gradle\caches\journal-1)" [_thread_blocked, id=5224, stack(0x0000000063330000,0x0000000063430000)]
  0x000000005e8d6800 JavaThread "File lock request listener" [_thread_in_native, id=3060, stack(0x0000000063520000,0x0000000063620000)]
  0x000000005e8d7800 JavaThread "Cache worker for file hash cache (C:\Users\Dell\.gradle\caches\7.2\fileHashes)" [_thread_blocked, id=4632, stack(0x00000000636c0000,0x00000000637c0000)]
  0x000000005e8db800 JavaThread "Cache worker for execution history cache (C:\Users\Dell\.gradle\caches\7.2\executionHistory)" [_thread_blocked, id=3512, stack(0x00000000656c0000,0x00000000657c0000)]
  0x00000000606ab800 JavaThread "jar transforms" [_thread_blocked, id=3044, stack(0x0000000063c40000,0x0000000063d40000)]
  0x00000000606ad000 JavaThread "Cache worker for file content cache (C:\Users\Dell\.gradle\caches\7.2\fileContent)" [_thread_blocked, id=6828, stack(0x00000000664f0000,0x00000000665f0000)]
  0x00000000606af800 JavaThread "jar transforms Thread 2" [_thread_blocked, id=6744, stack(0x0000000065f30000,0x0000000066030000)]
  0x00000000647a5000 JavaThread "jar transforms Thread 3" [_thread_blocked, id=3896, stack(0x00000000659d0000,0x0000000065ad0000)]
  0x0000000060293000 JavaThread "jar transforms Thread 4" [_thread_blocked, id=4300, stack(0x000000006c430000,0x000000006c530000)]
  0x0000000060294800 JavaThread "Memory manager" [_thread_blocked, id=3376, stack(0x000000006d380000,0x000000006d480000)]
  0x000000006e1d2000 JavaThread "RMI Scheduler(0)" daemon [_thread_blocked, id=1252, stack(0x00000000712a0000,0x00000000713a0000)]
  0x000000006e1d4800 JavaThread "RMI TCP Accept-0" daemon [_thread_in_native, id=7040, stack(0x0000000071190000,0x0000000071290000)]
  0x000000006e1d7000 JavaThread "Cache worker for Java compile cache (C:\Users\Dell\.gradle\caches\7.2\javaCompile)" [_thread_blocked, id=1196, stack(0x0000000071960000,0x0000000071a60000)]
  0x00000000618ad800 JavaThread "RMI GC Daemon" daemon [_thread_blocked, id=4568, stack(0x0000000072cf0000,0x0000000072df0000)]
  0x0000000068a9a000 JavaThread "RMI Reaper" [_thread_blocked, id=3980, stack(0x0000000071a60000,0x0000000071b60000)]
  0x0000000066c82000 JavaThread "ForkJoinPool.commonPool-worker-1" daemon [_thread_blocked, id=4992, stack(0x0000000075270000,0x0000000075370000)]
  0x0000000068a9c000 JavaThread "Daemon Thread 8" [_thread_blocked, id=6840, stack(0x00000000629c0000,0x0000000062ac0000)]
  0x0000000068a9c800 JavaThread "Handler for socket connection from /127.0.0.1:61211 to /127.0.0.1:61732" [_thread_in_native, id=3720, stack(0x0000000062b90000,0x0000000062c90000)]
  0x00000000647ab000 JavaThread "Cancel handler" [_thread_blocked, id=4788, stack(0x000000005f850000,0x000000005f950000)]
  0x00000000647aa000 JavaThread "Daemon worker Thread 8" [_thread_blocked, id=4812, stack(0x00000000650f0000,0x00000000651f0000)]
  0x00000000647a6000 JavaThread "Asynchronous log dispatcher for DefaultDaemonConnection: socket connection from /127.0.0.1:61211 to /127.0.0.1:61732" [_thread_blocked, id=4112, stack(0x0000000064d20000,0x0000000064e20000)]
  0x00000000647a8800 JavaThread "Stdin handler" [_thread_blocked, id=1232, stack(0x0000000065220000,0x0000000065320000)]
  0x00000000647ab800 JavaThread "Daemon client event forwarder" [_thread_blocked, id=4344, stack(0x00000000628a0000,0x00000000629a0000)]
  0x00000000647a7800 JavaThread "Cache worker for file hash cache (C:\Users\Dell\AndroidStudioProjects\WikiPages\.gradle\7.2\fileHashes)" [_thread_blocked, id=4940, stack(0x0000000066340000,0x0000000066440000)]
  0x00000000647a9800 JavaThread "Cache worker for checksums cache (C:\Users\Dell\AndroidStudioProjects\WikiPages\.gradle\checksums)" [_thread_blocked, id=4460, stack(0x0000000069050000,0x0000000069150000)]
  0x00000000647a7000 JavaThread "Cache worker for cache directory md-supplier (C:\Users\Dell\.gradle\caches\7.2\md-supplier)" [_thread_blocked, id=1056, stack(0x0000000067d30000,0x0000000067e30000)]
  0x00000000618a8000 JavaThread "Cache worker for cache directory md-rule (C:\Users\Dell\.gradle\caches\7.2\md-rule)" [_thread_blocked, id=5552, stack(0x00000000691f0000,0x00000000692f0000)]
  0x00000000618a8800 JavaThread "Cache worker for dependencies-accessors (C:\Users\Dell\AndroidStudioProjects\WikiPages\.gradle\7.2\dependencies-accessors)" [_thread_blocked, id=6264, stack(0x00000000699e0000,0x0000000069ae0000)]
  0x00000000618ac800 JavaThread "Cache worker for Build Output Cleanup Cache (C:\Users\Dell\AndroidStudioProjects\WikiPages\.gradle\buildOutputCleanup)" [_thread_blocked, id=3780, stack(0x0000000069bb0000,0x0000000069cb0000)]
  0x00000000618ab000 JavaThread "Unconstrained build operations" [_thread_blocked, id=5932, stack(0x0000000069ce0000,0x0000000069de0000)]
  0x00000000618ac000 JavaThread "Unconstrained build operations Thread 2" [_thread_blocked, id=5976, stack(0x0000000065360000,0x0000000065460000)]
  0x00000000618a7000 JavaThread "Unconstrained build operations Thread 3" [_thread_blocked, id=5868, stack(0x0000000069e50000,0x0000000069f50000)]
  0x00000000618aa800 JavaThread "Unconstrained build operations Thread 4" [_thread_blocked, id=3892, stack(0x0000000069f90000,0x000000006a090000)]
  0x00000000618a9800 JavaThread "Unconstrained build operations Thread 5" [_thread_blocked, id=4820, stack(0x000000006a150000,0x000000006a250000)]
  0x0000000066c82800 JavaThread "Unconstrained build operations Thread 6" [_thread_blocked, id=4680, stack(0x0000000066240000,0x0000000066340000)]
  0x0000000066c7e800 JavaThread "Unconstrained build operations Thread 7" [_thread_blocked, id=5228, stack(0x000000006a290000,0x000000006a390000)]
  0x0000000066c7f800 JavaThread "Unconstrained build operations Thread 8" [_thread_blocked, id=3796, stack(0x000000006a490000,0x000000006a590000)]
  0x0000000066c7d000 JavaThread "Unconstrained build operations Thread 9" [_thread_blocked, id=1076, stack(0x0000000062e00000,0x0000000062f00000)]
  0x0000000066c81000 JavaThread "Unconstrained build operations Thread 10" [_thread_blocked, id=6552, stack(0x000000006a6a0000,0x000000006a7a0000)]
  0x0000000066c7e000 JavaThread "Unconstrained build operations Thread 11" [_thread_blocked, id=1756, stack(0x000000006a7e0000,0x000000006a8e0000)]
  0x0000000066c7c000 JavaThread "Unconstrained build operations Thread 12" [_thread_blocked, id=6892, stack(0x000000006a9a0000,0x000000006aaa0000)]
  0x0000000066c80000 JavaThread "Unconstrained build operations Thread 13" [_thread_blocked, id=4640, stack(0x00000000667f0000,0x00000000668f0000)]
  0x0000000060290800 JavaThread "Unconstrained build operations Thread 14" [_thread_blocked, id=5452, stack(0x000000006a390000,0x000000006a490000)]
  0x0000000060292000 JavaThread "Unconstrained build operations Thread 15" [_thread_blocked, id=3444, stack(0x000000006ac40000,0x000000006ad40000)]
  0x0000000060293800 JavaThread "Unconstrained build operations Thread 16" [_thread_blocked, id=3564, stack(0x000000006adb0000,0x000000006aeb0000)]
  0x0000000060291800 JavaThread "Unconstrained build operations Thread 17" [_thread_blocked, id=2660, stack(0x000000006aef0000,0x000000006aff0000)]
  0x000000006028f800 JavaThread "Unconstrained build operations Thread 18" [_thread_blocked, id=5724, stack(0x000000006ab20000,0x000000006ac20000)]
  0x000000006028f000 JavaThread "Unconstrained build operations Thread 19" [_thread_blocked, id=4200, stack(0x000000006b110000,0x000000006b210000)]
  0x0000000060295800 JavaThread "Unconstrained build operations Thread 20" [_thread_blocked, id=3832, stack(0x000000006b340000,0x000000006b440000)]
  0x0000000068c10800 JavaThread "Unconstrained build operations Thread 21" [_thread_blocked, id=5364, stack(0x000000006b550000,0x000000006b650000)]
  0x0000000068c14800 JavaThread "Unconstrained build operations Thread 22" [_thread_blocked, id=5860, stack(0x000000006b010000,0x000000006b110000)]
  0x0000000068c13000 JavaThread "Unconstrained build operations Thread 23" [_thread_blocked, id=6260, stack(0x000000006b7c0000,0x000000006b8c0000)]
  0x0000000068c12000 JavaThread "Unconstrained build operations Thread 24" [_thread_blocked, id=6888, stack(0x000000006b6a0000,0x000000006b7a0000)]
  0x0000000068c11000 JavaThread "Unconstrained build operations Thread 25" [_thread_blocked, id=3768, stack(0x000000006b970000,0x000000006ba70000)]
  0x0000000068c13800 JavaThread "Unconstrained build operations Thread 26" [_thread_blocked, id=5380, stack(0x000000006bb40000,0x000000006bc40000)]
  0x0000000068c0f800 JavaThread "Unconstrained build operations Thread 27" [_thread_blocked, id=3516, stack(0x000000006bd70000,0x000000006be70000)]
  0x000000006e1d6000 JavaThread "Unconstrained build operations Thread 28" [_thread_blocked, id=4840, stack(0x000000006b450000,0x000000006b550000)]
  0x000000006e1d2800 JavaThread "Unconstrained build operations Thread 29" [_thread_blocked, id=980, stack(0x000000006cf80000,0x000000006d080000)]
  0x000000006e1d0800 JavaThread "Unconstrained build operations Thread 30" [_thread_blocked, id=4748, stack(0x000000006b220000,0x000000006b320000)]
  0x000000006e1d3800 JavaThread "Unconstrained build operations Thread 31" [_thread_blocked, id=6048, stack(0x000000006fb70000,0x000000006fc70000)]
  0x000000006e1d5000 JavaThread "Unconstrained build operations Thread 32" [_thread_blocked, id=3080, stack(0x000000006a590000,0x000000006a690000)]
  0x000000006e1d1000 JavaThread "Unconstrained build operations Thread 33" [_thread_blocked, id=4688, stack(0x000000006fc70000,0x000000006fd70000)]
  0x000000005e8d9000 JavaThread "Unconstrained build operations Thread 34" [_thread_blocked, id=5780, stack(0x0000000070c10000,0x0000000070d10000)]
  0x000000005e8d5000 JavaThread "Unconstrained build operations Thread 35" [_thread_blocked, id=1000, stack(0x000000006f170000,0x000000006f270000)]
  0x000000005e8da800 JavaThread "Unconstrained build operations Thread 36" [_thread_blocked, id=5488, stack(0x00000000706d0000,0x00000000707d0000)]
  0x000000005e8da000 JavaThread "Unconstrained build operations Thread 37" [_thread_blocked, id=1804, stack(0x0000000071040000,0x0000000071140000)]
  0x000000005e8d8000 JavaThread "Unconstrained build operations Thread 38" [_thread_blocked, id=4728, stack(0x00000000713d0000,0x00000000714d0000)]
  0x00000000606b0800 JavaThread "Unconstrained build operations Thread 39" [_thread_blocked, id=5308, stack(0x00000000714e0000,0x00000000715e0000)]
  0x00000000606ac800 JavaThread "Unconstrained build operations Thread 40" [_thread_blocked, id=1808, stack(0x0000000071bb0000,0x0000000071cb0000)]
  0x000000006852c800 JavaThread "build event listener" [_thread_blocked, id=5520, stack(0x0000000071680000,0x0000000071780000)]

Other Threads:
=>0x000000005d70d800 VMThread "VM Thread" [stack: 0x000000005d880000,0x000000005d980000] [id=3544]
  0x000000005e739800 WatcherThread [stack: 0x000000005ed90000,0x000000005ee90000] [id=2588]
  0x0000000000401800 GCTaskThread "GC Thread#0" [stack: 0x0000000015260000,0x0000000015360000] [id=3884]
  0x000000005f1f6000 GCTaskThread "GC Thread#1" [stack: 0x000000005ea90000,0x000000005eb90000] [id=6636]
  0x000000005e751800 GCTaskThread "GC Thread#2" [stack: 0x00000000631a0000,0x00000000632a0000] [id=4588]
  0x000000005fe13800 GCTaskThread "GC Thread#3" [stack: 0x0000000062cd0000,0x0000000062dd0000] [id=3700]
  0x0000000000433000 ConcurrentGCThread "G1 Main Marker" [stack: 0x000000001a400000,0x000000001a500000] [id=6016]
  0x0000000000435800 ConcurrentGCThread "G1 Conc#0" [stack: 0x000000001a660000,0x000000001a760000] [id=3500]
  0x000000001caab800 ConcurrentGCThread "G1 Refine#0" [stack: 0x000000001cd20000,0x000000001ce20000] [id=6092]
  0x000000001caac800 ConcurrentGCThread "G1 Young RemSet Sampling" [stack: 0x000000001cc20000,0x000000001cd20000] [id=2968]

Threads with active compile tasks:
C1 CompilerThread013102642 25754       3       org.jetbrains.plugins.gradle.tooling.builder.ModelBuildScriptClasspathBuilderImpl::singletonListOrEmpty (15 bytes)

VM state:at safepoint (normal execution)

VM Mutex/Monitor currently owned by a thread:  ([mutex/lock_event])
[0x00000000003e54b0] Threads_lock - owner thread: 0x000000005d70d800
[0x00000000003e5c90] Heap_lock - owner thread: 0x00000000647aa000

Heap address: 0x0000000080000000, size: 2048 MB, Compressed Oops mode: 32-bit
Narrow klass base: 0x0000000000000000, Narrow klass shift: 0
Compressed class space size: 1073741824 Address: 0x000000001ce20000

Heap:
 garbage-first heap   total 496640K, used 140805K [0x0000000080000000, 0x0000000100000000)
  region size 1024K, 3 young (3072K), 3 survivors (3072K)
 Metaspace       used 141634K, capacity 145753K, committed 145868K, reserved 1175552K
  class space    used 17879K, capacity 19366K, committed 19456K, reserved 1048576K
Heap Regions: E=young(eden), S=young(survivor), O=old, HS=humongous(starts), HC=humongous(continues), CS=collection set, F=free, A=archive, TAMS=top-at-mark-start (previous, next)
|   0|0x0000000080000000, 0x0000000080100000, 0x0000000080100000|100%| O|  |TAMS 0x0000000080100000, 0x0000000080100000| Untracked 
|   1|0x0000000080100000, 0x0000000080200000, 0x0000000080200000|100%| O|  |TAMS 0x0000000080200000, 0x0000000080200000| Untracked 
|   2|0x0000000080200000, 0x0000000080300000, 0x0000000080300000|100%| O|  |TAMS 0x0000000080300000, 0x0000000080300000| Untracked 
|   3|0x0000000080300000, 0x0000000080400000, 0x0000000080400000|100%|HS|  |TAMS 0x0000000080400000, 0x0000000080400000| Complete 
|   4|0x0000000080400000, 0x0000000080500000, 0x0000000080500000|100%|HC|  |TAMS 0x0000000080500000, 0x0000000080500000| Complete 
|   5|0x0000000080500000, 0x0000000080600000, 0x0000000080600000|100%|HC|  |TAMS 0x0000000080600000, 0x0000000080600000| Complete 
|   6|0x0000000080600000, 0x0000000080700000, 0x0000000080700000|100%| O|  |TAMS 0x0000000080700000, 0x0000000080700000| Untracked 
|   7|0x0000000080700000, 0x0000000080800000, 0x0000000080800000|100%| O|  |TAMS 0x0000000080800000, 0x0000000080800000| Untracked 
|   8|0x0000000080800000, 0x0000000080900000, 0x0000000080900000|100%| O|  |TAMS 0x0000000080900000, 0x0000000080900000| Untracked 
|   9|0x0000000080900000, 0x0000000080a00000, 0x0000000080a00000|100%| O|  |TAMS 0x0000000080a00000, 0x0000000080a00000| Untracked 
|  10|0x0000000080a00000, 0x0000000080b00000, 0x0000000080b00000|100%| O|  |TAMS 0x0000000080b00000, 0x0000000080b00000| Untracked 
|  11|0x0000000080b00000, 0x0000000080c00000, 0x0000000080c00000|100%| O|  |TAMS 0x0000000080c00000, 0x0000000080c00000| Untracked 
|  12|0x0000000080c00000, 0x0000000080d00000, 0x0000000080d00000|100%| O|  |TAMS 0x0000000080d00000, 0x0000000080d00000| Untracked 
|  13|0x0000000080d00000, 0x0000000080e00000, 0x0000000080e00000|100%| O|  |TAMS 0x0000000080e00000, 0x0000000080e00000| Untracked 
|  14|0x0000000080e00000, 0x0000000080f00000, 0x0000000080f00000|100%| O|  |TAMS 0x0000000080f00000, 0x0000000080f00000| Untracked 
|  15|0x0000000080f00000, 0x0000000081000000, 0x0000000081000000|100%| O|  |TAMS 0x0000000080f00000, 0x0000000081000000| Untracked 
|  16|0x0000000081000000, 0x0000000081100000, 0x0000000081100000|100%| O|  |TAMS 0x0000000081100000, 0x0000000081100000| Untracked 
|  17|0x0000000081100000, 0x0000000081200000, 0x0000000081200000|100%| O|  |TAMS 0x0000000081200000, 0x0000000081200000| Untracked 
|  18|0x0000000081200000, 0x0000000081300000, 0x0000000081300000|100%| O|  |TAMS 0x0000000081300000, 0x0000000081300000| Untracked 
|  19|0x0000000081300000, 0x0000000081400000, 0x0000000081400000|100%| O|  |TAMS 0x0000000081400000, 0x0000000081400000| Untracked 
|  20|0x0000000081400000, 0x0000000081500000, 0x0000000081500000|100%| O|  |TAMS 0x0000000081500000, 0x0000000081500000| Untracked 
|  21|0x0000000081500000, 0x0000000081600000, 0x0000000081600000|100%| O|  |TAMS 0x0000000081600000, 0x0000000081600000| Untracked 
|  22|0x0000000081600000, 0x0000000081700000, 0x0000000081700000|100%| O|  |TAMS 0x0000000081700000, 0x0000000081700000| Untracked 
|  23|0x0000000081700000, 0x0000000081800000, 0x0000000081800000|100%| O|  |TAMS 0x0000000081800000, 0x0000000081800000| Untracked 
|  24|0x0000000081800000, 0x0000000081900000, 0x0000000081900000|100%| O|  |TAMS 0x0000000081900000, 0x0000000081900000| Untracked 
|  25|0x0000000081900000, 0x0000000081a00000, 0x0000000081a00000|100%| O|  |TAMS 0x0000000081a00000, 0x0000000081a00000| Untracked 
|  26|0x0000000081a00000, 0x0000000081b00000, 0x0000000081b00000|100%| O|  |TAMS 0x0000000081b00000, 0x0000000081b00000| Untracked 
|  27|0x0000000081b00000, 0x0000000081c00000, 0x0000000081c00000|100%| O|  |TAMS 0x0000000081c00000, 0x0000000081c00000| Untracked 
|  28|0x0000000081c00000, 0x0000000081c00000, 0x0000000081d00000|  0%| F|  |TAMS 0x0000000081c00000, 0x0000000081c00000| Untracked 
|  29|0x0000000081d00000, 0x0000000081e00000, 0x0000000081e00000|100%| O|  |TAMS 0x0000000081e00000, 0x0000000081e00000| Untracked 
|  30|0x0000000081e00000, 0x0000000081f00000, 0x0000000081f00000|100%| O|  |TAMS 0x0000000081f00000, 0x0000000081f00000| Untracked 
|  31|0x0000000081f00000, 0x0000000082000000, 0x0000000082000000|100%| O|  |TAMS 0x0000000082000000, 0x0000000082000000| Untracked 
|  32|0x0000000082000000, 0x0000000082100000, 0x0000000082100000|100%| O|  |TAMS 0x0000000082100000, 0x0000000082100000| Untracked 
|  33|0x0000000082100000, 0x0000000082200000, 0x0000000082200000|100%| O|  |TAMS 0x0000000082200000, 0x0000000082200000| Untracked 
|  34|0x0000000082200000, 0x0000000082300000, 0x0000000082300000|100%|HS|  |TAMS 0x0000000082300000, 0x0000000082300000| Complete 
|  35|0x0000000082300000, 0x0000000082400000, 0x0000000082400000|100%|HS|  |TAMS 0x0000000082400000, 0x0000000082400000| Complete 
|  36|0x0000000082400000, 0x0000000082500000, 0x0000000082500000|100%|HS|  |TAMS 0x0000000082500000, 0x0000000082500000| Complete 
|  37|0x0000000082500000, 0x0000000082600000, 0x0000000082600000|100%|HS|  |TAMS 0x0000000082600000, 0x0000000082600000| Complete 
|  38|0x0000000082600000, 0x0000000082700000, 0x0000000082700000|100%| O|  |TAMS 0x0000000082700000, 0x0000000082700000| Untracked 
|  39|0x0000000082700000, 0x0000000082800000, 0x0000000082800000|100%|HS|  |TAMS 0x0000000082800000, 0x0000000082800000| Complete 
|  40|0x0000000082800000, 0x0000000082900000, 0x0000000082900000|100%|HC|  |TAMS 0x0000000082900000, 0x0000000082900000| Complete 
|  41|0x0000000082900000, 0x0000000082a00000, 0x0000000082a00000|100%|HC|  |TAMS 0x0000000082a00000, 0x0000000082a00000| Complete 
|  42|0x0000000082a00000, 0x0000000082b00000, 0x0000000082b00000|100%| O|  |TAMS 0x0000000082b00000, 0x0000000082b00000| Untracked 
|  43|0x0000000082b00000, 0x0000000082c00000, 0x0000000082c00000|100%| O|  |TAMS 0x0000000082c00000, 0x0000000082c00000| Untracked 
|  44|0x0000000082c00000, 0x0000000082d00000, 0x0000000082d00000|100%|HS|  |TAMS 0x0000000082d00000, 0x0000000082d00000| Complete 
|  45|0x0000000082d00000, 0x0000000082e00000, 0x0000000082e00000|100%|HC|  |TAMS 0x0000000082e00000, 0x0000000082e00000| Complete 
|  46|0x0000000082e00000, 0x0000000082f00000, 0x0000000082f00000|100%| O|  |TAMS 0x0000000082f00000, 0x0000000082f00000| Untracked 
|  47|0x0000000082f00000, 0x0000000083000000, 0x0000000083000000|100%| O|  |TAMS 0x0000000083000000, 0x0000000083000000| Untracked 
|  48|0x0000000083000000, 0x0000000083100000, 0x0000000083100000|100%| O|  |TAMS 0x0000000083100000, 0x0000000083100000| Untracked 
|  49|0x0000000083100000, 0x0000000083200000, 0x0000000083200000|100%| O|  |TAMS 0x0000000083200000, 0x0000000083200000| Untracked 
|  50|0x0000000083200000, 0x0000000083300000, 0x0000000083300000|100%| O|  |TAMS 0x0000000083300000, 0x0000000083300000| Untracked 
|  51|0x0000000083300000, 0x0000000083400000, 0x0000000083400000|100%| O|  |TAMS 0x0000000083400000, 0x0000000083400000| Untracked 
|  52|0x0000000083400000, 0x0000000083500000, 0x0000000083500000|100%| O|  |TAMS 0x0000000083500000, 0x0000000083500000| Untracked 
|  53|0x0000000083500000, 0x0000000083600000, 0x0000000083600000|100%| O|  |TAMS 0x0000000083600000, 0x0000000083600000| Untracked 
|  54|0x0000000083600000, 0x0000000083700000, 0x0000000083700000|100%| O|  |TAMS 0x0000000083700000, 0x0000000083700000| Untracked 
|  55|0x0000000083700000, 0x0000000083800000, 0x0000000083800000|100%| O|  |TAMS 0x0000000083800000, 0x0000000083800000| Untracked 
|  56|0x0000000083800000, 0x0000000083900000, 0x0000000083900000|100%| O|  |TAMS 0x0000000083900000, 0x0000000083900000| Untracked 
|  57|0x0000000083900000, 0x0000000083a00000, 0x0000000083a00000|100%| O|  |TAMS 0x0000000083a00000, 0x0000000083a00000| Untracked 
|  58|0x0000000083a00000, 0x0000000083b00000, 0x0000000083b00000|100%| O|  |TAMS 0x0000000083b00000, 0x0000000083b00000| Untracked 
|  59|0x0000000083b00000, 0x0000000083c00000, 0x0000000083c00000|100%| O|  |TAMS 0x0000000083c00000, 0x0000000083c00000| Untracked 
|  60|0x0000000083c00000, 0x0000000083d00000, 0x0000000083d00000|100%| O|  |TAMS 0x0000000083d00000, 0x0000000083d00000| Untracked 
|  61|0x0000000083d00000, 0x0000000083e00000, 0x0000000083e00000|100%| O|  |TAMS 0x0000000083e00000, 0x0000000083e00000| Untracked 
|  62|0x0000000083e00000, 0x0000000083f00000, 0x0000000083f00000|100%| O|  |TAMS 0x0000000083f00000, 0x0000000083f00000| Untracked 
|  63|0x0000000083f00000, 0x0000000084000000, 0x0000000084000000|100%| O|  |TAMS 0x0000000084000000, 0x0000000084000000| Untracked 
|  64|0x0000000084000000, 0x0000000084100000, 0x0000000084100000|100%| O|  |TAMS 0x0000000084100000, 0x0000000084100000| Untracked 
|  65|0x0000000084100000, 0x0000000084200000, 0x0000000084200000|100%| O|  |TAMS 0x0000000084200000, 0x0000000084200000| Untracked 
|  66|0x0000000084200000, 0x0000000084300000, 0x0000000084300000|100%| O|  |TAMS 0x0000000084300000, 0x0000000084300000| Untracked 
|  67|0x0000000084300000, 0x0000000084400000, 0x0000000084400000|100%| O|  |TAMS 0x0000000084400000, 0x0000000084400000| Untracked 
|  68|0x0000000084400000, 0x0000000084500000, 0x0000000084500000|100%| O|  |TAMS 0x0000000084500000, 0x0000000084500000| Untracked 
|  69|0x0000000084500000, 0x0000000084600000, 0x0000000084600000|100%| O|  |TAMS 0x0000000084600000, 0x0000000084600000| Untracked 
|  70|0x0000000084600000, 0x0000000084700000, 0x0000000084700000|100%| O|  |TAMS 0x0000000084700000, 0x0000000084700000| Untracked 
|  71|0x0000000084700000, 0x0000000084800000, 0x0000000084800000|100%| O|  |TAMS 0x0000000084800000, 0x0000000084800000| Untracked 
|  72|0x0000000084800000, 0x0000000084900000, 0x0000000084900000|100%| O|  |TAMS 0x0000000084900000, 0x0000000084900000| Untracked 
|  73|0x0000000084900000, 0x0000000084a00000, 0x0000000084a00000|100%| O|  |TAMS 0x0000000084a00000, 0x0000000084a00000| Untracked 
|  74|0x0000000084a00000, 0x0000000084b00000, 0x0000000084b00000|100%| O|  |TAMS 0x0000000084b00000, 0x0000000084b00000| Untracked 
|  75|0x0000000084b00000, 0x0000000084c00000, 0x0000000084c00000|100%| O|  |TAMS 0x0000000084c00000, 0x0000000084c00000| Untracked 
|  76|0x0000000084c00000, 0x0000000084d00000, 0x0000000084d00000|100%| O|  |TAMS 0x0000000084d00000, 0x0000000084d00000| Untracked 
|  77|0x0000000084d00000, 0x0000000084e00000, 0x0000000084e00000|100%| O|  |TAMS 0x0000000084e00000, 0x0000000084e00000| Untracked 
|  78|0x0000000084e00000, 0x0000000084f00000, 0x0000000084f00000|100%| O|  |TAMS 0x0000000084f00000, 0x0000000084f00000| Untracked 
|  79|0x0000000084f00000, 0x0000000085000000, 0x0000000085000000|100%| O|  |TAMS 0x0000000085000000, 0x0000000085000000| Untracked 
|  80|0x0000000085000000, 0x0000000085100000, 0x0000000085100000|100%|HS|  |TAMS 0x0000000085100000, 0x0000000085100000| Complete 
|  81|0x0000000085100000, 0x0000000085200000, 0x0000000085200000|100%|HC|  |TAMS 0x0000000085200000, 0x0000000085200000| Complete 
|  82|0x0000000085200000, 0x0000000085300000, 0x0000000085300000|100%| O|  |TAMS 0x0000000085300000, 0x0000000085300000| Untracked 
|  83|0x0000000085300000, 0x0000000085400000, 0x0000000085400000|100%|HS|  |TAMS 0x0000000085400000, 0x0000000085400000| Complete 
|  84|0x0000000085400000, 0x0000000085500000, 0x0000000085500000|100%|HC|  |TAMS 0x0000000085500000, 0x0000000085500000| Complete 
|  85|0x0000000085500000, 0x0000000085600000, 0x0000000085600000|100%|HC|  |TAMS 0x0000000085600000, 0x0000000085600000| Complete 
|  86|0x0000000085600000, 0x0000000085700000, 0x0000000085700000|100%| O|  |TAMS 0x0000000085700000, 0x0000000085700000| Untracked 
|  87|0x0000000085700000, 0x0000000085800000, 0x0000000085800000|100%| O|  |TAMS 0x0000000085800000, 0x0000000085800000| Untracked 
|  88|0x0000000085800000, 0x0000000085900000, 0x0000000085900000|100%| O|  |TAMS 0x0000000085900000, 0x0000000085900000| Untracked 
|  89|0x0000000085900000, 0x0000000085900000, 0x0000000085a00000|  0%| F|  |TAMS 0x0000000085900000, 0x0000000085900000| Untracked 
|  90|0x0000000085a00000, 0x0000000085b00000, 0x0000000085b00000|100%| O|  |TAMS 0x0000000085b00000, 0x0000000085b00000| Untracked 
|  91|0x0000000085b00000, 0x0000000085c00000, 0x0000000085c00000|100%| O|  |TAMS 0x0000000085c00000, 0x0000000085c00000| Untracked 
|  92|0x0000000085c00000, 0x0000000085d00000, 0x0000000085d00000|100%| O|  |TAMS 0x0000000085ca2e00, 0x0000000085d00000| Untracked 
|  93|0x0000000085d00000, 0x0000000085e00000, 0x0000000085e00000|100%| O|  |TAMS 0x0000000085d00000, 0x0000000085e00000| Untracked 
|  94|0x0000000085e00000, 0x0000000085f00000, 0x0000000085f00000|100%| O|  |TAMS 0x0000000085f00000, 0x0000000085f00000| Untracked 
|  95|0x0000000085f00000, 0x0000000086000000, 0x0000000086000000|100%| O|  |TAMS 0x0000000085f00000, 0x0000000086000000| Untracked 
|  96|0x0000000086000000, 0x0000000086100000, 0x0000000086100000|100%| O|  |TAMS 0x0000000086100000, 0x0000000086100000| Untracked 
|  97|0x0000000086100000, 0x0000000086200000, 0x0000000086200000|100%| O|  |TAMS 0x0000000086200000, 0x0000000086200000| Untracked 
|  98|0x0000000086200000, 0x0000000086300000, 0x0000000086300000|100%| O|  |TAMS 0x0000000086300000, 0x0000000086300000| Untracked 
|  99|0x0000000086300000, 0x0000000086400000, 0x0000000086400000|100%|HS|  |TAMS 0x0000000086400000, 0x0000000086400000| Complete 
| 100|0x0000000086400000, 0x0000000086500000, 0x0000000086500000|100%|HC|  |TAMS 0x0000000086500000, 0x0000000086500000| Complete 
| 101|0x0000000086500000, 0x0000000086600000, 0x0000000086600000|100%|HC|  |TAMS 0x0000000086600000, 0x0000000086600000| Complete 
| 102|0x0000000086600000, 0x0000000086700000, 0x0000000086700000|100%|HC|  |TAMS 0x0000000086700000, 0x0000000086700000| Complete 
| 103|0x0000000086700000, 0x0000000086800000, 0x0000000086800000|100%| O|  |TAMS 0x0000000086800000, 0x0000000086800000| Untracked 
| 104|0x0000000086800000, 0x0000000086900000, 0x0000000086900000|100%| O|  |TAMS 0x0000000086800000, 0x0000000086900000| Untracked 
| 105|0x0000000086900000, 0x0000000086a00000, 0x0000000086a00000|100%| O|  |TAMS 0x0000000086a00000, 0x0000000086a00000| Untracked 
| 106|0x0000000086a00000, 0x0000000086b00000, 0x0000000086b00000|100%| O|  |TAMS 0x0000000086b00000, 0x0000000086b00000| Untracked 
| 107|0x0000000086b00000, 0x0000000086c00000, 0x0000000086c00000|100%| O|  |TAMS 0x0000000086c00000, 0x0000000086c00000| Untracked 
| 108|0x0000000086c00000, 0x0000000086d00000, 0x0000000086d00000|100%| O|  |TAMS 0x0000000086c00000, 0x0000000086d00000| Untracked 
| 109|0x0000000086d00000, 0x0000000086e00000, 0x0000000086e00000|100%| O|  |TAMS 0x0000000086e00000, 0x0000000086e00000| Untracked 
| 110|0x0000000086e00000, 0x0000000086f00000, 0x0000000086f00000|100%|HS|  |TAMS 0x0000000086e00000, 0x0000000086f00000| Complete 
| 111|0x0000000086f00000, 0x0000000087000000, 0x0000000087000000|100%|HC|  |TAMS 0x0000000086f00000, 0x0000000087000000| Complete 
| 112|0x0000000087000000, 0x0000000087100000, 0x0000000087100000|100%| O|  |TAMS 0x0000000087100000, 0x0000000087100000| Untracked 
| 113|0x0000000087100000, 0x0000000087200000, 0x0000000087200000|100%| O|  |TAMS 0x0000000087100000, 0x0000000087200000| Untracked 
| 114|0x0000000087200000, 0x0000000087300000, 0x0000000087300000|100%| O|  |TAMS 0x0000000087300000, 0x0000000087300000| Untracked 
| 115|0x0000000087300000, 0x0000000087400000, 0x0000000087400000|100%| O|  |TAMS 0x0000000087400000, 0x0000000087400000| Untracked 
| 116|0x0000000087400000, 0x0000000087500000, 0x0000000087500000|100%| O|  |TAMS 0x0000000087500000, 0x0000000087500000| Untracked 
| 117|0x0000000087500000, 0x0000000087600000, 0x0000000087600000|100%| O|  |TAMS 0x0000000087600000, 0x0000000087600000| Untracked 
| 118|0x0000000087600000, 0x0000000087700000, 0x0000000087700000|100%| O|  |TAMS 0x0000000087700000, 0x0000000087700000| Untracked 
| 119|0x0000000087700000, 0x0000000087800000, 0x0000000087800000|100%| O|  |TAMS 0x0000000087800000, 0x0000000087800000| Untracked 
| 120|0x0000000087800000, 0x0000000087900000, 0x0000000087900000|100%| O|  |TAMS 0x0000000087900000, 0x0000000087900000| Untracked 
| 121|0x0000000087900000, 0x0000000087a00000, 0x0000000087a00000|100%| O|  |TAMS 0x0000000087900000, 0x0000000087a00000| Untracked 
| 122|0x0000000087a00000, 0x0000000087a39400, 0x0000000087b00000| 22%| O|  |TAMS 0x0000000087a00000, 0x0000000087a39400| Untracked 
| 123|0x0000000087b00000, 0x0000000087c00000, 0x0000000087c00000|100%| O|  |TAMS 0x0000000087c00000, 0x0000000087c00000| Untracked 
| 124|0x0000000087c00000, 0x0000000087d00000, 0x0000000087d00000|100%|HS|  |TAMS 0x0000000087d00000, 0x0000000087d00000| Complete 
| 125|0x0000000087d00000, 0x0000000087e00000, 0x0000000087e00000|100%|HC|  |TAMS 0x0000000087e00000, 0x0000000087e00000| Complete 
| 126|0x0000000087e00000, 0x0000000087f00000, 0x0000000087f00000|100%|HC|  |TAMS 0x0000000087f00000, 0x0000000087f00000| Complete 
| 127|0x0000000087f00000, 0x0000000088000000, 0x0000000088000000|100%|HS|  |TAMS 0x0000000088000000, 0x0000000088000000| Complete 
| 128|0x0000000088000000, 0x0000000088100000, 0x0000000088100000|100%|HC|  |TAMS 0x0000000088100000, 0x0000000088100000| Complete 
| 129|0x0000000088100000, 0x0000000088200000, 0x0000000088200000|100%|HC|  |TAMS 0x0000000088200000, 0x0000000088200000| Complete 
| 130|0x0000000088200000, 0x0000000088300000, 0x0000000088300000|100%|HC|  |TAMS 0x0000000088300000, 0x0000000088300000| Complete 
| 131|0x0000000088300000, 0x0000000088400000, 0x0000000088400000|100%|HS|  |TAMS 0x0000000088300000, 0x0000000088400000| Complete 
| 132|0x0000000088400000, 0x0000000088500000, 0x0000000088500000|100%|HC|  |TAMS 0x0000000088400000, 0x0000000088500000| Complete 
| 133|0x0000000088500000, 0x0000000088600000, 0x0000000088600000|100%|HC|  |TAMS 0x0000000088500000, 0x0000000088600000| Complete 
| 134|0x0000000088600000, 0x0000000088700000, 0x0000000088700000|100%|HS|  |TAMS 0x0000000088600000, 0x0000000088700000| Complete 
| 135|0x0000000088700000, 0x0000000088800000, 0x0000000088800000|100%|HC|  |TAMS 0x0000000088700000, 0x0000000088800000| Complete 
| 136|0x0000000088800000, 0x0000000088900000, 0x0000000088900000|100%|HC|  |TAMS 0x0000000088800000, 0x0000000088900000| Complete 
| 137|0x0000000088900000, 0x0000000088a00000, 0x0000000088a00000|100%|HC|  |TAMS 0x0000000088900000, 0x0000000088a00000| Complete 
| 138|0x0000000088a00000, 0x0000000088a00000, 0x0000000088b00000|  0%| F|  |TAMS 0x0000000088a00000, 0x0000000088a00000| Untracked 
| 139|0x0000000088b00000, 0x0000000088b00000, 0x0000000088c00000|  0%| F|  |TAMS 0x0000000088b00000, 0x0000000088b00000| Untracked 
| 140|0x0000000088c00000, 0x0000000088c00000, 0x0000000088d00000|  0%| F|  |TAMS 0x0000000088c00000, 0x0000000088c00000| Untracked 
| 141|0x0000000088d00000, 0x0000000088d00000, 0x0000000088e00000|  0%| F|  |TAMS 0x0000000088d00000, 0x0000000088d00000| Untracked 
| 142|0x0000000088e00000, 0x0000000088e00000, 0x0000000088f00000|  0%| F|  |TAMS 0x0000000088e00000, 0x0000000088e00000| Untracked 
| 143|0x0000000088f00000, 0x0000000088f00000, 0x0000000089000000|  0%| F|  |TAMS 0x0000000088f00000, 0x0000000088f00000| Untracked 
| 144|0x0000000089000000, 0x0000000089000000, 0x0000000089100000|  0%| F|  |TAMS 0x0000000089000000, 0x0000000089000000| Untracked 
| 145|0x0000000089100000, 0x0000000089100000, 0x0000000089200000|  0%| F|  |TAMS 0x0000000089100000, 0x0000000089100000| Untracked 
| 146|0x0000000089200000, 0x0000000089200000, 0x0000000089300000|  0%| F|  |TAMS 0x0000000089200000, 0x0000000089200000| Untracked 
| 147|0x0000000089300000, 0x0000000089300000, 0x0000000089400000|  0%| F|  |TAMS 0x0000000089300000, 0x0000000089300000| Untracked 
| 148|0x0000000089400000, 0x0000000089400000, 0x0000000089500000|  0%| F|  |TAMS 0x0000000089400000, 0x0000000089400000| Untracked 
| 149|0x0000000089500000, 0x0000000089500000, 0x0000000089600000|  0%| F|  |TAMS 0x0000000089500000, 0x0000000089500000| Untracked 
| 150|0x0000000089600000, 0x0000000089600000, 0x0000000089700000|  0%| F|  |TAMS 0x0000000089600000, 0x0000000089600000| Untracked 
| 151|0x0000000089700000, 0x0000000089700000, 0x0000000089800000|  0%| F|  |TAMS 0x0000000089700000, 0x0000000089700000| Untracked 
| 152|0x0000000089800000, 0x0000000089800000, 0x0000000089900000|  0%| F|  |TAMS 0x0000000089800000, 0x0000000089800000| Untracked 
| 153|0x0000000089900000, 0x0000000089900000, 0x0000000089a00000|  0%| F|  |TAMS 0x0000000089900000, 0x0000000089900000| Untracked 
| 154|0x0000000089a00000, 0x0000000089a00000, 0x0000000089b00000|  0%| F|  |TAMS 0x0000000089a00000, 0x0000000089a00000| Untracked 
| 155|0x0000000089b00000, 0x0000000089b00000, 0x0000000089c00000|  0%| F|  |TAMS 0x0000000089b00000, 0x0000000089b00000| Untracked 
| 156|0x0000000089c00000, 0x0000000089c00000, 0x0000000089d00000|  0%| F|  |TAMS 0x0000000089c00000, 0x0000000089c00000| Untracked 
| 157|0x0000000089d00000, 0x0000000089d00000, 0x0000000089e00000|  0%| F|  |TAMS 0x0000000089d00000, 0x0000000089d00000| Untracked 
| 158|0x0000000089e00000, 0x0000000089e00000, 0x0000000089f00000|  0%| F|  |TAMS 0x0000000089e00000, 0x0000000089e00000| Untracked 
| 159|0x0000000089f00000, 0x0000000089f00000, 0x000000008a000000|  0%| F|  |TAMS 0x0000000089f00000, 0x0000000089f00000| Untracked 
| 160|0x000000008a000000, 0x000000008a000000, 0x000000008a100000|  0%| F|  |TAMS 0x000000008a000000, 0x000000008a000000| Untracked 
| 161|0x000000008a100000, 0x000000008a100000, 0x000000008a200000|  0%| F|  |TAMS 0x000000008a100000, 0x000000008a100000| Untracked 
| 162|0x000000008a200000, 0x000000008a200000, 0x000000008a300000|  0%| F|  |TAMS 0x000000008a200000, 0x000000008a200000| Untracked 
| 163|0x000000008a300000, 0x000000008a300000, 0x000000008a400000|  0%| F|  |TAMS 0x000000008a300000, 0x000000008a300000| Untracked 
| 164|0x000000008a400000, 0x000000008a400000, 0x000000008a500000|  0%| F|  |TAMS 0x000000008a400000, 0x000000008a400000| Untracked 
| 165|0x000000008a500000, 0x000000008a500000, 0x000000008a600000|  0%| F|  |TAMS 0x000000008a500000, 0x000000008a500000| Untracked 
| 166|0x000000008a600000, 0x000000008a600000, 0x000000008a700000|  0%| F|  |TAMS 0x000000008a600000, 0x000000008a600000| Untracked 
| 167|0x000000008a700000, 0x000000008a700000, 0x000000008a800000|  0%| F|  |TAMS 0x000000008a700000, 0x000000008a700000| Untracked 
| 168|0x000000008a800000, 0x000000008a800000, 0x000000008a900000|  0%| F|  |TAMS 0x000000008a800000, 0x000000008a800000| Untracked 
| 169|0x000000008a900000, 0x000000008a900000, 0x000000008aa00000|  0%| F|  |TAMS 0x000000008a900000, 0x000000008a900000| Untracked 
| 170|0x000000008aa00000, 0x000000008aa00000, 0x000000008ab00000|  0%| F|  |TAMS 0x000000008aa00000, 0x000000008aa00000| Untracked 
| 171|0x000000008ab00000, 0x000000008ab00000, 0x000000008ac00000|  0%| F|  |TAMS 0x000000008ab00000, 0x000000008ab00000| Untracked 
| 172|0x000000008ac00000, 0x000000008ac00000, 0x000000008ad00000|  0%| F|  |TAMS 0x000000008ac00000, 0x000000008ac00000| Untracked 
| 173|0x000000008ad00000, 0x000000008ad00000, 0x000000008ae00000|  0%| F|  |TAMS 0x000000008ad00000, 0x000000008ad00000| Untracked 
| 174|0x000000008ae00000, 0x000000008ae00000, 0x000000008af00000|  0%| F|  |TAMS 0x000000008ae00000, 0x000000008ae00000| Untracked 
| 175|0x000000008af00000, 0x000000008af48370, 0x000000008b000000| 28%| S|CS|TAMS 0x000000008af00000, 0x000000008af00000| Complete 
| 176|0x000000008b000000, 0x000000008b100000, 0x000000008b100000|100%| S|CS|TAMS 0x000000008b000000, 0x000000008b000000| Complete 
| 177|0x000000008b100000, 0x000000008b200000, 0x000000008b200000|100%| S|CS|TAMS 0x000000008b100000, 0x000000008b100000| Complete 
| 178|0x000000008b200000, 0x000000008b200000, 0x000000008b300000|  0%| F|  |TAMS 0x000000008b200000, 0x000000008b200000| Untracked 
| 179|0x000000008b300000, 0x000000008b300000, 0x000000008b400000|  0%| F|  |TAMS 0x000000008b300000, 0x000000008b300000| Untracked 
| 180|0x000000008b400000, 0x000000008b400000, 0x000000008b500000|  0%| F|  |TAMS 0x000000008b400000, 0x000000008b400000| Untracked 
| 181|0x000000008b500000, 0x000000008b500000, 0x000000008b600000|  0%| F|  |TAMS 0x000000008b500000, 0x000000008b500000| Untracked 
| 182|0x000000008b600000, 0x000000008b600000, 0x000000008b700000|  0%| F|  |TAMS 0x000000008b600000, 0x000000008b600000| Untracked 
| 183|0x000000008b700000, 0x000000008b700000, 0x000000008b800000|  0%| F|  |TAMS 0x000000008b700000, 0x000000008b700000| Untracked 
| 184|0x000000008b800000, 0x000000008b800000, 0x000000008b900000|  0%| F|  |TAMS 0x000000008b800000, 0x000000008b800000| Untracked 
| 185|0x000000008b900000, 0x000000008b900000, 0x000000008ba00000|  0%| F|  |TAMS 0x000000008b900000, 0x000000008b900000| Untracked 
| 186|0x000000008ba00000, 0x000000008ba00000, 0x000000008bb00000|  0%| F|  |TAMS 0x000000008ba00000, 0x000000008ba00000| Untracked 
| 187|0x000000008bb00000, 0x000000008bb00000, 0x000000008bc00000|  0%| F|  |TAMS 0x000000008bb00000, 0x000000008bb00000| Untracked 
| 188|0x000000008bc00000, 0x000000008bc00000, 0x000000008bd00000|  0%| F|  |TAMS 0x000000008bc00000, 0x000000008bc00000| Untracked 
| 189|0x000000008bd00000, 0x000000008bd00000, 0x000000008be00000|  0%| F|  |TAMS 0x000000008bd00000, 0x000000008bd00000| Untracked 
| 190|0x000000008be00000, 0x000000008be00000, 0x000000008bf00000|  0%| F|  |TAMS 0x000000008be00000, 0x000000008be00000| Untracked 
| 191|0x000000008bf00000, 0x000000008bf00000, 0x000000008c000000|  0%| F|  |TAMS 0x000000008bf00000, 0x000000008bf00000| Untracked 
| 192|0x000000008c000000, 0x000000008c000000, 0x000000008c100000|  0%| F|  |TAMS 0x000000008c000000, 0x000000008c000000| Untracked 
| 193|0x000000008c100000, 0x000000008c100000, 0x000000008c200000|  0%| F|  |TAMS 0x000000008c100000, 0x000000008c100000| Untracked 
| 194|0x000000008c200000, 0x000000008c200000, 0x000000008c300000|  0%| F|  |TAMS 0x000000008c200000, 0x000000008c200000| Untracked 

Card table byte_map: [0x0000000015ba0000,0x0000000015fa0000] _byte_map_base: 0x00000000157a0000

Marking Bits (Prev, Next): (CMBitMap*) 0x000000000042a5e0, (CMBitMap*) 0x000000000042a5a8
 Prev Bits: [0x00000000183a0000, 0x000000001a3a0000)
 Next Bits: [0x00000000163a0000, 0x00000000183a0000)

Polling page: 0x0000000000340000

Metaspace:

Usage:
  Non-class:    123.42 MB capacity,   120.85 MB ( 98%) used,     2.11 MB (  2%) free+waste,   473.63 KB ( <1%) overhead. 
      Class:     18.91 MB capacity,    17.46 MB ( 92%) used,     1.25 MB (  7%) free+waste,   207.44 KB (  1%) overhead. 
       Both:    142.34 MB capacity,   138.31 MB ( 97%) used,     3.36 MB (  2%) free+waste,   681.06 KB ( <1%) overhead. 

Virtual space:
  Non-class space:      124.00 MB reserved,     123.45 MB (>99%) committed 
      Class space:        1.00 GB reserved,      19.00 MB (  2%) committed 
             Both:        1.12 GB reserved,     142.45 MB ( 12%) committed 

Chunk freelists:
   Non-Class:  25.00 KB
       Class:  0 bytes
        Both:  25.00 KB

MaxMetaspaceSize: 17179869184.00 GB
CompressedClassSpaceSize: 1.00 GB

CodeHeap 'non-profiled nmethods': size=120064Kb used=17056Kb max_used=17056Kb free=103007Kb
 bounds [0x000000000daa0000, 0x000000000eb50000, 0x0000000014fe0000]
CodeHeap 'profiled nmethods': size=120000Kb used=50942Kb max_used=50942Kb free=69057Kb
 bounds [0x0000000006570000, 0x0000000009780000, 0x000000000daa0000]
CodeHeap 'non-nmethods': size=5696Kb used=2383Kb max_used=2473Kb free=3312Kb
 bounds [0x0000000005fe0000, 0x0000000006250000, 0x0000000006570000]
 total_blobs=24072 nmethods=23030 adapters=952
 compilation: enabled
              stopped_count=0, restarted_count=0
 full_count=0

Compilation events (20 events):
Event: 13101.692 Thread 0x000000005d73a800 25745       1       org.jetbrains.plugins.gradle.model.DefaultExternalLibraryDependency::setFile (6 bytes)
Event: 13101.692 Thread 0x000000005d73a800 nmethod 25745 0x000000000eb4ab90 code [0x000000000eb4ad40, 0x000000000eb4ae38]
Event: 13101.692 Thread 0x000000005d73a800 25746       3       org.gradle.api.internal.artifacts.result.DefaultComponentArtifactsResult::getArtifacts (62 bytes)
Event: 13101.693 Thread 0x000000005d73a800 nmethod 25746 0x0000000007e1bb10 code [0x0000000007e1bdc0, 0x0000000007e1c9b8]
Event: 13101.693 Thread 0x000000005d73a800 25747       1       org.jetbrains.plugins.gradle.DefaultExternalDependencyId::setPackaging (6 bytes)
Event: 13101.694 Thread 0x000000005d73a800 nmethod 25747 0x000000000eb4ae90 code [0x000000000eb4b040, 0x000000000eb4b138]
Event: 13101.694 Thread 0x000000005d73a800 25748       1       org.jetbrains.plugins.gradle.model.AbstractExternalDependency::setScope (6 bytes)
Event: 13101.694 Thread 0x000000005d73a800 nmethod 25748 0x000000000eb4b190 code [0x000000000eb4b340, 0x000000000eb4b438]
Event: 13101.694 Thread 0x000000005d73a800 25749       1       org.jetbrains.plugins.gradle.DefaultExternalDependencyId::setClassifier (6 bytes)
Event: 13101.694 Thread 0x000000005d73a800 nmethod 25749 0x000000000eb4b490 code [0x000000000eb4b640, 0x000000000eb4b738]
Event: 13101.694 Thread 0x000000005d73a800 25750       1       org.jetbrains.plugins.gradle.model.DefaultExternalLibraryDependency::setSource (6 bytes)
Event: 13101.694 Thread 0x000000005d73a800 nmethod 25750 0x000000000eb4b790 code [0x000000000eb4b940, 0x000000000eb4ba38]
Event: 13101.701 Thread 0x000000005d738800 nmethod 25734 0x000000000eb4ba90 code [0x000000000eb4bc40, 0x000000000eb4c258]
Event: 13101.716 Thread 0x000000005d73a800 25751       3       org.jetbrains.plugins.gradle.model.DefaultExternalLibraryDependency::hashCode (28 bytes)
Event: 13101.732 Thread 0x000000005d73a800 nmethod 25751 0x0000000007e3b710 code [0x0000000007e3b980, 0x0000000007e3c708]
Event: 13101.732 Thread 0x000000005d73a800 25752       3       org.jetbrains.plugins.gradle.DefaultExternalDependencyId::hashCode (43 bytes)
Event: 13101.732 Thread 0x000000005d73a800 nmethod 25752 0x0000000007e1ae10 code [0x0000000007e1b020, 0x0000000007e1b928]
Event: 13101.732 Thread 0x000000005d73a800 25753       1       org.jetbrains.plugins.gradle.model.AbstractExternalDependency::setClasspathOrder (6 bytes)
Event: 13101.733 Thread 0x000000005d73a800 nmethod 25753 0x000000000eb4c590 code [0x000000000eb4c740, 0x000000000eb4c7f8]
Event: 13101.734 Thread 0x000000005d73a800 25754       3       org.jetbrains.plugins.gradle.tooling.builder.ModelBuildScriptClasspathBuilderImpl::singletonListOrEmpty (15 bytes)

GC Heap History (20 events):
Event: 13079.018 GC heap after
{Heap after GC invocations=187 (full 0):
 garbage-first heap   total 199680K, used 109893K [0x0000000080000000, 0x0000000100000000)
  region size 1024K, 1 young (1024K), 1 survivors (1024K)
 Metaspace       used 135989K, capacity 139636K, committed 139980K, reserved 1171456K
  class space    used 17166K, capacity 18490K, committed 18688K, reserved 1048576K
}
Event: 13079.259 GC heap before
{Heap before GC invocations=187 (full 0):
 garbage-first heap   total 199680K, used 134469K [0x0000000080000000, 0x0000000100000000)
  region size 1024K, 25 young (25600K), 1 survivors (1024K)
 Metaspace       used 136025K, capacity 139636K, committed 139980K, reserved 1171456K
  class space    used 17166K, capacity 18490K, committed 18688K, reserved 1048576K
}
Event: 13079.268 GC heap after
{Heap after GC invocations=188 (full 0):
 garbage-first heap   total 199680K, used 110280K [0x0000000080000000, 0x0000000100000000)
  region size 1024K, 2 young (2048K), 2 survivors (2048K)
 Metaspace       used 136025K, capacity 139636K, committed 139980K, reserved 1171456K
  class space    used 17166K, capacity 18490K, committed 18688K, reserved 1048576K
}
Event: 13082.778 GC heap before
{Heap before GC invocations=189 (full 0):
 garbage-first heap   total 199680K, used 141000K [0x0000000080000000, 0x0000000100000000)
  region size 1024K, 32 young (32768K), 2 survivors (2048K)
 Metaspace       used 138217K, capacity 141946K, committed 142156K, reserved 1173504K
  class space    used 17410K, capacity 18784K, committed 18816K, reserved 1048576K
}
Event: 13082.805 GC heap after
{Heap after GC invocations=190 (full 0):
 garbage-first heap   total 199680K, used 112170K [0x0000000080000000, 0x0000000100000000)
  region size 1024K, 3 young (3072K), 3 survivors (3072K)
 Metaspace       used 138217K, capacity 141946K, committed 142156K, reserved 1173504K
  class space    used 17410K, capacity 18784K, committed 18816K, reserved 1048576K
}
Event: 13084.560 GC heap before
{Heap before GC invocations=190 (full 0):
 garbage-first heap   total 199680K, used 120362K [0x0000000080000000, 0x0000000100000000)
  region size 1024K, 9 young (9216K), 3 survivors (3072K)
 Metaspace       used 138255K, capacity 142016K, committed 142156K, reserved 1173504K
  class space    used 17413K, capacity 18785K, committed 18816K, reserved 1048576K
}
Event: 13084.576 GC heap after
{Heap after GC invocations=191 (full 0):
 garbage-first heap   total 199680K, used 116249K [0x0000000080000000, 0x0000000100000000)
  region size 1024K, 2 young (2048K), 2 survivors (2048K)
 Metaspace       used 138255K, capacity 142016K, committed 142156K, reserved 1173504K
  class space    used 17413K, capacity 18785K, committed 18816K, reserved 1048576K
}
Event: 13084.930 GC heap before
{Heap before GC invocations=191 (full 0):
 garbage-first heap   total 199680K, used 154137K [0x0000000080000000, 0x0000000100000000)
  region size 1024K, 39 young (39936K), 2 survivors (2048K)
 Metaspace       used 138374K, capacity 142147K, committed 142412K, reserved 1173504K
  class space    used 17417K, capacity 18786K, committed 18816K, reserved 1048576K
}
Event: 13084.942 GC heap after
{Heap after GC invocations=192 (full 0):
 garbage-first heap   total 199680K, used 116411K [0x0000000080000000, 0x0000000100000000)
  region size 1024K, 2 young (2048K), 2 survivors (2048K)
 Metaspace       used 138374K, capacity 142147K, committed 142412K, reserved 1173504K
  class space    used 17417K, capacity 18786K, committed 18816K, reserved 1048576K
}
Event: 13089.299 GC heap before
{Heap before GC invocations=193 (full 0):
 garbage-first heap   total 199680K, used 160443K [0x0000000080000000, 0x0000000100000000)
  region size 1024K, 41 young (41984K), 2 survivors (2048K)
 Metaspace       used 139542K, capacity 143644K, committed 143692K, reserved 1173504K
  class space    used 17571K, capacity 19042K, committed 19072K, reserved 1048576K
}
Event: 13089.878 GC heap after
{Heap after GC invocations=194 (full 0):
 garbage-first heap   total 199680K, used 123837K [0x0000000080000000, 0x0000000100000000)
  region size 1024K, 6 young (6144K), 6 survivors (6144K)
 Metaspace       used 139542K, capacity 143644K, committed 143692K, reserved 1173504K
  class space    used 17571K, capacity 19042K, committed 19072K, reserved 1048576K
}
Event: 13090.599 GC heap before
{Heap before GC invocations=194 (full 0):
 garbage-first heap   total 199680K, used 125885K [0x0000000080000000, 0x0000000100000000)
  region size 1024K, 9 young (9216K), 6 survivors (6144K)
 Metaspace       used 139542K, capacity 143644K, committed 143692K, reserved 1173504K
  class space    used 17571K, capacity 19042K, committed 19072K, reserved 1048576K
}
Event: 13090.674 GC heap after
{Heap after GC invocations=195 (full 0):
 garbage-first heap   total 199680K, used 123927K [0x0000000080000000, 0x0000000100000000)
  region size 1024K, 1 young (1024K), 1 survivors (1024K)
 Metaspace       used 139542K, capacity 143644K, committed 143692K, reserved 1173504K
  class space    used 17571K, capacity 19042K, committed 19072K, reserved 1048576K
}
Event: 13091.613 GC heap before
{Heap before GC invocations=195 (full 0):
 garbage-first heap   total 199680K, used 147479K [0x0000000080000000, 0x0000000100000000)
  region size 1024K, 24 young (24576K), 1 survivors (1024K)
 Metaspace       used 139694K, capacity 143796K, committed 143948K, reserved 1173504K
  class space    used 17589K, capacity 19066K, committed 19072K, reserved 1048576K
}
Event: 13091.627 GC heap after
{Heap after GC invocations=196 (full 0):
 garbage-first heap   total 199680K, used 124630K [0x0000000080000000, 0x0000000100000000)
  region size 1024K, 2 young (2048K), 2 survivors (2048K)
 Metaspace       used 139694K, capacity 143796K, committed 143948K, reserved 1173504K
  class space    used 17589K, capacity 19066K, committed 19072K, reserved 1048576K
}
Event: 13096.998 GC heap before
{Heap before GC invocations=197 (full 0):
 garbage-first heap   total 199680K, used 163542K [0x0000000080000000, 0x0000000100000000)
  region size 1024K, 32 young (32768K), 2 survivors (2048K)
 Metaspace       used 141067K, capacity 145242K, committed 145484K, reserved 1175552K
  class space    used 17795K, capacity 19322K, committed 19328K, reserved 1048576K
}
Event: 13097.092 GC heap after
{Heap after GC invocations=198 (full 0):
 garbage-first heap   total 199680K, used 138830K [0x0000000080000000, 0x0000000100000000)
  region size 1024K, 4 young (4096K), 4 survivors (4096K)
 Metaspace       used 141067K, capacity 145242K, committed 145484K, reserved 1175552K
  class space    used 17795K, capacity 19322K, committed 19328K, reserved 1048576K
}
Event: 13098.030 GC heap before
{Heap before GC invocations=198 (full 0):
 garbage-first heap   total 199680K, used 143950K [0x0000000080000000, 0x0000000100000000)
  region size 1024K, 9 young (9216K), 4 survivors (4096K)
 Metaspace       used 141367K, capacity 145569K, committed 145868K, reserved 1175552K
  class space    used 17843K, capacity 19346K, committed 19456K, reserved 1048576K
}
Event: 13098.532 GC heap after
{Heap after GC invocations=199 (full 0):
 garbage-first heap   total 199680K, used 139493K [0x0000000080000000, 0x0000000100000000)
  region size 1024K, 1 young (1024K), 1 survivors (1024K)
 Metaspace       used 141367K, capacity 145569K, committed 145868K, reserved 1175552K
  class space    used 17843K, capacity 19346K, committed 19456K, reserved 1048576K
}
Event: 13101.734 GC heap before
{Heap before GC invocations=199 (full 0):
 garbage-first heap   total 199680K, used 155877K [0x0000000080000000, 0x0000000100000000)
  region size 1024K, 17 young (17408K), 1 survivors (1024K)
 Metaspace       used 141634K, capacity 145753K, committed 145868K, reserved 1175552K
  class space    used 17879K, capacity 19366K, committed 19456K, reserved 1048576K
}

Deoptimization events (20 events):
Event: 13099.055 Thread 0x00000000647aa000 Uncommon trap: trap_request=0xffffffc6 fr.pc=0x000000000e5aa720 relative=0x0000000000000340
Event: 13099.055 Thread 0x00000000647aa000 Uncommon trap: reason=bimorphic_or_optimized_type_check action=maybe_recompile pc=0x000000000e5aa720 method=org.gradle.api.internal.artifacts.ivyservice.resolveengine.artifact.ParallelResolveArtifactSet$VisitingSet$StartVisitAction.visitArtifacts(Lorg/gra
Event: 13099.055 Thread 0x00000000647aa000 DEOPT PACKING pc=0x000000000e5aa720 sp=0x00000000651eaa50
Event: 13099.055 Thread 0x00000000647aa000 DEOPT UNPACKING pc=0x0000000006005f29 sp=0x00000000651eaa30 mode 2
Event: 13099.177 Thread 0x00000000647aa000 Uncommon trap: trap_request=0xffffffde fr.pc=0x000000000e0b56d0 relative=0x0000000000000310
Event: 13099.177 Thread 0x00000000647aa000 Uncommon trap: reason=class_check action=maybe_recompile pc=0x000000000e0b56d0 method=org.gradle.api.internal.artifacts.DefaultModuleVersionIdentifier.<init>(Lorg/gradle/api/artifacts/ModuleIdentifier;Ljava/lang/String;)V @ 38 c2
Event: 13099.177 Thread 0x00000000647aa000 DEOPT PACKING pc=0x000000000e0b56d0 sp=0x00000000651ea180
Event: 13099.177 Thread 0x00000000647aa000 DEOPT UNPACKING pc=0x0000000006005f29 sp=0x00000000651ea128 mode 2
Event: 13099.178 Thread 0x00000000647aa000 Uncommon trap: trap_request=0xffffffde fr.pc=0x000000000e0b56d0 relative=0x0000000000000310
Event: 13099.178 Thread 0x00000000647aa000 Uncommon trap: reason=class_check action=maybe_recompile pc=0x000000000e0b56d0 method=org.gradle.api.internal.artifacts.DefaultModuleVersionIdentifier.<init>(Lorg/gradle/api/artifacts/ModuleIdentifier;Ljava/lang/String;)V @ 38 c2
Event: 13099.179 Thread 0x00000000647aa000 DEOPT PACKING pc=0x000000000e0b56d0 sp=0x00000000651ea180
Event: 13099.179 Thread 0x00000000647aa000 DEOPT UNPACKING pc=0x0000000006005f29 sp=0x00000000651ea128 mode 2
Event: 13099.233 Thread 0x00000000647aa000 Uncommon trap: trap_request=0xffffffde fr.pc=0x000000000e0b56d0 relative=0x0000000000000310
Event: 13099.233 Thread 0x00000000647aa000 Uncommon trap: reason=class_check action=maybe_recompile pc=0x000000000e0b56d0 method=org.gradle.api.internal.artifacts.DefaultModuleVersionIdentifier.<init>(Lorg/gradle/api/artifacts/ModuleIdentifier;Ljava/lang/String;)V @ 38 c2
Event: 13099.233 Thread 0x00000000647aa000 DEOPT PACKING pc=0x000000000e0b56d0 sp=0x00000000651ea180
Event: 13099.233 Thread 0x00000000647aa000 DEOPT UNPACKING pc=0x0000000006005f29 sp=0x00000000651ea128 mode 2
Event: 13099.266 Thread 0x00000000647aa000 Uncommon trap: trap_request=0xffffffde fr.pc=0x000000000e0b56d0 relative=0x0000000000000310
Event: 13099.266 Thread 0x00000000647aa000 Uncommon trap: reason=class_check action=maybe_recompile pc=0x000000000e0b56d0 method=org.gradle.api.internal.artifacts.DefaultModuleVersionIdentifier.<init>(Lorg/gradle/api/artifacts/ModuleIdentifier;Ljava/lang/String;)V @ 38 c2
Event: 13099.266 Thread 0x00000000647aa000 DEOPT PACKING pc=0x000000000e0b56d0 sp=0x00000000651ea180
Event: 13099.266 Thread 0x00000000647aa000 DEOPT UNPACKING pc=0x0000000006005f29 sp=0x00000000651ea128 mode 2

Classes redefined (0 events):
No events

Internal exceptions (20 events):
Event: 13092.335 Thread 0x00000000647aa000 Exception <a 'java/lang/ClassNotFoundException'{0x000000008b83af28}: build_ac33bhxhh1fhduhwxw1niebhlBeanInfo> (0x000000008b83af28) thrown at [./src/hotspot/share/classfile/systemDictionary.cpp, line 231]
Event: 13092.335 Thread 0x00000000647aa000 Exception <a 'java/lang/ClassNotFoundException'{0x000000008b8455c0}: build_ac33bhxhh1fhduhwxw1niebhlCustomizer> (0x000000008b8455c0) thrown at [./src/hotspot/share/classfile/systemDictionary.cpp, line 231]
Event: 13092.508 Thread 0x00000000647aa000 Exception <a 'java/lang/ClassNotFoundException'{0x000000008b8c1140}: build_ac33bhxhh1fhduhwxw1niebhl$_run_closure1$_closure4BeanInfo> (0x000000008b8c1140) thrown at [./src/hotspot/share/classfile/systemDictionary.cpp, line 231]
Event: 13092.509 Thread 0x00000000647aa000 Exception <a 'java/lang/ClassNotFoundException'{0x000000008b8cf898}: build_ac33bhxhh1fhduhwxw1niebhl$_run_closure1$_closure4Customizer> (0x000000008b8cf898) thrown at [./src/hotspot/share/classfile/systemDictionary.cpp, line 231]
Event: 13092.514 Thread 0x00000000647aa000 Exception <a 'java/lang/ClassNotFoundException'{0x000000008b8f61d0}: build_ac33bhxhh1fhduhwxw1niebhl$_run_closure1BeanInfo> (0x000000008b8f61d0) thrown at [./src/hotspot/share/classfile/systemDictionary.cpp, line 231]
Event: 13092.515 Thread 0x00000000647aa000 Exception <a 'java/lang/ClassNotFoundException'{0x000000008b7085e0}: build_ac33bhxhh1fhduhwxw1niebhl$_run_closure1Customizer> (0x000000008b7085e0) thrown at [./src/hotspot/share/classfile/systemDictionary.cpp, line 231]
Event: 13093.958 Thread 0x00000000647aa000 Exception <a 'java/lang/ClassNotFoundException'{0x000000008afcfd08}: org/jetbrains/plugins/gradle/model/web/WebConfigurationBeanInfo> (0x000000008afcfd08) thrown at [./src/hotspot/share/classfile/systemDictionary.cpp, line 231]
Event: 13093.959 Thread 0x00000000647aa000 Exception <a 'java/lang/ClassNotFoundException'{0x000000008afe0b30}: org/jetbrains/plugins/gradle/model/web/WebConfigurationCustomizer> (0x000000008afe0b30) thrown at [./src/hotspot/share/classfile/systemDictionary.cpp, line 231]
Event: 13093.966 Thread 0x00000000647aa000 Exception <a 'java/lang/ClassNotFoundException'{0x000000008ae18210}: org/jetbrains/plugins/gradle/model/scala/ScalaModelBeanInfo> (0x000000008ae18210) thrown at [./src/hotspot/share/classfile/systemDictionary.cpp, line 231]
Event: 13093.967 Thread 0x00000000647aa000 Exception <a 'java/lang/ClassNotFoundException'{0x000000008ae28ea0}: org/jetbrains/plugins/gradle/model/scala/ScalaModelCustomizer> (0x000000008ae28ea0) thrown at [./src/hotspot/share/classfile/systemDictionary.cpp, line 231]
Event: 13097.778 Thread 0x00000000647ab800 Exception <a 'java/lang/NoSuchMethodError'{0x000000008c086db0}: <clinit>> (0x000000008c086db0) thrown at [./src/hotspot/share/prims/jni.cpp, line 1362]
Event: 13097.780 Thread 0x00000000647ab800 Exception <a 'java/lang/NoSuchMethodError'{0x000000008c090628}: <clinit>> (0x000000008c090628) thrown at [./src/hotspot/share/prims/jni.cpp, line 1362]
Event: 13098.533 Thread 0x00000000647aa000 Exception <a 'java/lang/ClassNotFoundException'{0x000000008c20b010}: org/jetbrains/plugins/gradle/tooling/util/SourceSetCachedFinder$1BeanInfo> (0x000000008c20b010) thrown at [./src/hotspot/share/classfile/systemDictionary.cpp, line 231]
Event: 13098.534 Thread 0x00000000647aa000 Exception <a 'java/lang/ClassNotFoundException'{0x000000008c21bd78}: org/jetbrains/plugins/gradle/tooling/util/SourceSetCachedFinder$1Customizer> (0x000000008c21bd78) thrown at [./src/hotspot/share/classfile/systemDictionary.cpp, line 231]
Event: 13098.586 Thread 0x00000000647aa000 Exception <a 'java/lang/ClassNotFoundException'{0x000000008c256368}: org/jetbrains/plugins/gradle/tooling/util/SourceSetCachedFinder$2BeanInfo> (0x000000008c256368) thrown at [./src/hotspot/share/classfile/systemDictionary.cpp, line 231]
Event: 13098.587 Thread 0x00000000647aa000 Exception <a 'java/lang/ClassNotFoundException'{0x000000008c2670d0}: org/jetbrains/plugins/gradle/tooling/util/SourceSetCachedFinder$2Customizer> (0x000000008c2670d0) thrown at [./src/hotspot/share/classfile/systemDictionary.cpp, line 231]
Event: 13098.591 Thread 0x00000000647aa000 Exception <a 'java/lang/ClassNotFoundException'{0x000000008c29ab78}: org/jetbrains/plugins/gradle/tooling/util/SourceSetCachedFinderBeanInfo> (0x000000008c29ab78) thrown at [./src/hotspot/share/classfile/systemDictionary.cpp, line 231]
Event: 13098.592 Thread 0x00000000647aa000 Exception <a 'java/lang/ClassNotFoundException'{0x000000008c2aaff8}: org/jetbrains/plugins/gradle/tooling/util/SourceSetCachedFinderCustomizer> (0x000000008c2aaff8) thrown at [./src/hotspot/share/classfile/systemDictionary.cpp, line 231]
Event: 13098.674 Thread 0x00000000647aa000 Exception <a 'java/lang/ClassNotFoundException'{0x000000008c153610}: org/jetbrains/plugins/gradle/tooling/util/SourceSetCachedFinder$ArtifactsMapBeanInfo> (0x000000008c153610) thrown at [./src/hotspot/share/classfile/systemDictionary.cpp, line 231]
Event: 13098.674 Thread 0x00000000647aa000 Exception <a 'java/lang/ClassNotFoundException'{0x000000008c164f78}: org/jetbrains/plugins/gradle/tooling/util/SourceSetCachedFinder$ArtifactsMapCustomizer> (0x000000008c164f78) thrown at [./src/hotspot/share/classfile/systemDictionary.cpp, line 231]

Events (20 events):
Event: 13101.670 loading class org/gradle/language/java/artifact/JavadocArtifact done
Event: 13101.671 loading class org/gradle/internal/impldep/com/google/common/base/Objects
Event: 13101.671 loading class org/gradle/internal/impldep/com/google/common/base/Objects done
Event: 13101.671 loading class org/gradle/internal/impldep/com/google/common/base/Objects
Event: 13101.671 loading class org/gradle/internal/impldep/com/google/common/base/Objects done
Event: 13101.685 loading class org/gradle/internal/impldep/com/google/common/base/ExtraObjectsMethodsForWeb
Event: 13101.685 loading class org/gradle/internal/impldep/com/google/common/base/ExtraObjectsMethodsForWeb done
Event: 13101.685 loading class org/gradle/internal/impldep/com/google/common/base/ExtraObjectsMethodsForWeb
Event: 13101.685 loading class org/gradle/internal/impldep/com/google/common/base/ExtraObjectsMethodsForWeb done
Event: 13101.695 loading class org/jetbrains/plugins/gradle/tooling/util/resolve/DependencyResolverImpl$3
Event: 13101.695 loading class org/jetbrains/plugins/gradle/tooling/util/resolve/DependencyResolverImpl$3 done
Event: 13101.715 loading class org/jetbrains/plugins/gradle/tooling/util/resolve/DependencyResolverImpl$3$1
Event: 13101.715 loading class org/jetbrains/plugins/gradle/tooling/util/resolve/DependencyResolverImpl$3$1 done
Event: 13101.717 loading class org/jetbrains/plugins/gradle/tooling/util/DependencyTraverser
Event: 13101.717 loading class org/jetbrains/plugins/gradle/tooling/util/DependencyTraverser done
Event: 13101.732 loading class org/jetbrains/plugins/gradle/tooling/util/DependencyTraverser$Itr
Event: 13101.732 loading class org/jetbrains/plugins/gradle/tooling/util/DependencyTraverser$Itr done
Event: 13101.733 loading class org/jetbrains/plugins/gradle/tooling/internal/ClasspathEntryModelImpl
Event: 13101.733 loading class org/jetbrains/plugins/gradle/tooling/internal/ClasspathEntryModelImpl done
Event: 13101.734 Executing VM operation: G1CollectForAllocation


Dynamic libraries:
0x000000013feb0000 - 0x000000013feba000 	C:\Program Files\Android\Android Studio\jre\bin\java.exe
0x00000000778a0000 - 0x0000000077a49000 	C:\Windows\SYSTEM32\ntdll.dll
0x0000000077780000 - 0x000000007789f000 	C:\Windows\system32\kernel32.dll
0x000007fefd980000 - 0x000007fefd9eb000 	C:\Windows\system32\KERNELBASE.dll
0x000007fee3810000 - 0x000007fee3829000 	C:\Program Files\Android\Android Studio\jre\bin\jli.dll
0x000007fefc030000 - 0x000007fefc224000 	C:\Windows\WinSxS\amd64_microsoft.windows.common-controls_6595b64144ccf1df_6.0.7601.17514_none_fa396087175ac9ac\COMCTL32.dll
0x000007fefec20000 - 0x000007fefecbf000 	C:\Windows\system32\msvcrt.dll
0x000007fefdbc0000 - 0x000007fefdc27000 	C:\Windows\system32\GDI32.dll
0x0000000077680000 - 0x000000007777a000 	C:\Windows\system32\USER32.dll
0x000007fefdc30000 - 0x000007fefdc3e000 	C:\Windows\system32\LPK.dll
0x000007feff550000 - 0x000007feff619000 	C:\Windows\system32\USP10.dll
0x000007fefeba0000 - 0x000007fefec11000 	C:\Windows\system32\SHLWAPI.dll
0x000007fef5d90000 - 0x000007fef5da7000 	C:\Program Files\Android\Android Studio\jre\bin\VCRUNTIME140.dll
0x000007fefab10000 - 0x000007fefab14000 	C:\Windows\system32\api-ms-win-crt-runtime-l1-1-0.dll
0x000007fee2f10000 - 0x000007fee3002000 	C:\Windows\system32\ucrtbase.DLL
0x000007fef7430000 - 0x000007fef7433000 	C:\Windows\system32\api-ms-win-core-timezone-l1-1-0.dll
0x000007fef7420000 - 0x000007fef7423000 	C:\Windows\system32\api-ms-win-core-file-l2-1-0.dll
0x000007fef7320000 - 0x000007fef7323000 	C:\Windows\system32\api-ms-win-core-localization-l1-2-0.dll
0x000007fef9780000 - 0x000007fef9783000 	C:\Windows\system32\api-ms-win-core-synch-l1-2-0.dll
0x000007fef5cd0000 - 0x000007fef5cd3000 	C:\Windows\system32\api-ms-win-core-processthreads-l1-1-1.dll
0x000007fef5d80000 - 0x000007fef5d83000 	C:\Windows\system32\api-ms-win-core-file-l1-2-0.dll
0x000007fef5cc0000 - 0x000007fef5cc4000 	C:\Windows\system32\api-ms-win-crt-string-l1-1-0.dll
0x000007fef5cb0000 - 0x000007fef5cb3000 	C:\Windows\system32\api-ms-win-crt-heap-l1-1-0.dll
0x000007fee3950000 - 0x000007fee3954000 	C:\Windows\system32\api-ms-win-crt-stdio-l1-1-0.dll
0x000007fee3960000 - 0x000007fee3964000 	C:\Windows\system32\api-ms-win-crt-convert-l1-1-0.dll
0x000007fee3930000 - 0x000007fee3933000 	C:\Windows\system32\api-ms-win-crt-environment-l1-1-0.dll
0x000007fee3920000 - 0x000007fee3923000 	C:\Windows\system32\api-ms-win-crt-filesystem-l1-1-0.dll
0x000007fee37d0000 - 0x000007fee37d5000 	C:\Windows\system32\api-ms-win-crt-math-l1-1-0.dll
0x000007fee3280000 - 0x000007fee3283000 	C:\Windows\system32\api-ms-win-crt-locale-l1-1-0.dll
0x000007fefef20000 - 0x000007fefef4e000 	C:\Windows\system32\IMM32.DLL
0x000007fefe9d0000 - 0x000007fefead9000 	C:\Windows\system32\MSCTF.dll
0x000007fedeea0000 - 0x000007fedef3d000 	C:\Program Files\Android\Android Studio\jre\bin\msvcp140.dll
0x000007fee2ee0000 - 0x000007fee2ee5000 	C:\Windows\system32\api-ms-win-crt-multibyte-l1-1-0.dll
0x000007fee3490000 - 0x000007fee3493000 	C:\Windows\system32\api-ms-win-crt-time-l1-1-0.dll
0x000007fee3940000 - 0x000007fee3943000 	C:\Windows\system32\api-ms-win-crt-utility-l1-1-0.dll
0x000007fedf350000 - 0x000007fedfe25000 	C:\Program Files\Android\Android Studio\jre\bin\server\jvm.dll
0x000007feff640000 - 0x000007feff71b000 	C:\Windows\system32\ADVAPI32.dll
0x000007fefeb80000 - 0x000007fefeb9f000 	C:\Windows\SYSTEM32\sechost.dll
0x000007feff720000 - 0x000007feff84d000 	C:\Windows\system32\RPCRT4.dll
0x000007fefab30000 - 0x000007fefab39000 	C:\Windows\system32\WSOCK32.dll
0x000007fefee40000 - 0x000007fefee8d000 	C:\Windows\system32\WS2_32.dll
0x000007fefee90000 - 0x000007fefee98000 	C:\Windows\system32\NSI.dll
0x000007fef83a0000 - 0x000007fef83db000 	C:\Windows\system32\WINMM.dll
0x000007fefc950000 - 0x000007fefc95c000 	C:\Windows\system32\VERSION.dll
0x0000000077a60000 - 0x0000000077a67000 	C:\Windows\system32\PSAPI.DLL
0x000007fee3470000 - 0x000007fee3481000 	C:\Program Files\Android\Android Studio\jre\bin\verify.dll
0x000007fee9c90000 - 0x000007fee9db5000 	C:\Windows\system32\DBGHELP.DLL
0x000007fee3440000 - 0x000007fee3469000 	C:\Program Files\Android\Android Studio\jre\bin\java.dll
0x000007fee37c0000 - 0x000007fee37cb000 	C:\Program Files\Android\Android Studio\jre\bin\jimage.dll
0x000007fee3420000 - 0x000007fee3438000 	C:\Program Files\Android\Android Studio\jre\bin\zip.dll
0x000007fefdc40000 - 0x000007fefe9c8000 	C:\Windows\system32\SHELL32.dll
0x000007feff340000 - 0x000007feff543000 	C:\Windows\system32\ole32.dll
0x000007fefd7f0000 - 0x000007fefd7ff000 	C:\Windows\system32\profapi.dll
0x000007fee3400000 - 0x000007fee341a000 	C:\Program Files\Android\Android Studio\jre\bin\net.dll
0x000007fefb3f0000 - 0x000007fefb461000 	C:\Windows\system32\WINHTTP.dll
0x000007fefb380000 - 0x000007fefb3e4000 	C:\Windows\system32\webio.dll
0x000007fefd060000 - 0x000007fefd0b5000 	C:\Windows\system32\mswsock.dll
0x000007fefd050000 - 0x000007fefd057000 	C:\Windows\System32\wship6.dll
0x000007fee33e0000 - 0x000007fee33f4000 	C:\Program Files\Android\Android Studio\jre\bin\nio.dll
0x000007fef7350000 - 0x000007fef7377000 	C:\Users\Dell\.gradle\native\e1d6ef7f7dcc3fd88c89a11ec53ec762bb8ba0a96d01ffa2cd45eb1d1d8dd5c5\windows-amd64\native-platform.dll
0x000007fee33d0000 - 0x000007fee33da000 	C:\Program Files\Android\Android Studio\jre\bin\management.dll
0x000007fee33c0000 - 0x000007fee33cd000 	C:\Program Files\Android\Android Studio\jre\bin\management_ext.dll
0x000007fefd0c0000 - 0x000007fefd0d7000 	C:\Windows\system32\CRYPTSP.dll
0x000007fefcdc0000 - 0x000007fefce07000 	C:\Windows\system32\rsaenh.dll
0x000007fefcb40000 - 0x000007fefcb5e000 	C:\Windows\system32\USERENV.dll
0x000007fefd720000 - 0x000007fefd72f000 	C:\Windows\system32\CRYPTBASE.dll
0x000007fefb540000 - 0x000007fefb567000 	C:\Windows\system32\IPHLPAPI.DLL
0x000007fefb5c0000 - 0x000007fefb5cb000 	C:\Windows\system32\WINNSI.DLL
0x000007fefb510000 - 0x000007fefb528000 	C:\Windows\system32\dhcpcsvc.DLL
0x000007fefb010000 - 0x000007fefb021000 	C:\Windows\system32\dhcpcsvc6.DLL
0x000007fefd6c0000 - 0x000007fefd717000 	C:\Windows\system32\apphelp.dll
0x000007fee3050000 - 0x000007fee306e000 	C:\Users\Dell\AppData\Local\Temp\native-platform3916210823770689277dir\native-platform.dll
0x000007fefc6c0000 - 0x000007fefc6c8000 	C:\Program Files\Android\Android Studio\jre\bin\rmi.dll
0x000007fefb990000 - 0x000007fefb9a5000 	C:\Windows\system32\NLAapi.dll
0x000007fef70a0000 - 0x000007fef70b5000 	C:\Windows\system32\napinsp.dll
0x000007fef7080000 - 0x000007fef7099000 	C:\Windows\system32\pnrpnsp.dll
0x000007fefcee0000 - 0x000007fefcf3b000 	C:\Windows\system32\DNSAPI.dll
0x000007fef7050000 - 0x000007fef705b000 	C:\Windows\System32\winrnr.dll
0x000007fefca20000 - 0x000007fefca27000 	C:\Windows\System32\wshtcpip.dll
0x000007fef7720000 - 0x000007fef7728000 	C:\Windows\system32\rasadhlp.dll
0x000007fefb080000 - 0x000007fefb0d3000 	C:\Windows\System32\fwpuclnt.dll

dbghelp: loaded successfully - version: 4.0.5 - missing functions: none
symbol engine: initialized successfully - sym options: 0x614 - pdb path: .;C:\Program Files\Android\Android Studio\jre\bin;C:\Windows\SYSTEM32;C:\Windows\WinSxS\amd64_microsoft.windows.common-controls_6595b64144ccf1df_6.0.7601.17514_none_fa396087175ac9ac;C:\Program Files\Android\Android Studio\jre\bin\server;C:\Users\Dell\.gradle\native\e1d6ef7f7dcc3fd88c89a11ec53ec762bb8ba0a96d01ffa2cd45eb1d1d8dd5c5\windows-amd64;C:\Users\Dell\AppData\Local\Temp\native-platform3916210823770689277dir

VM Arguments:
jvm_args: --add-opens=java.base/java.util=ALL-UNNAMED --add-opens=java.base/java.lang=ALL-UNNAMED --add-opens=java.base/java.lang.invoke=ALL-UNNAMED --add-opens=java.base/java.util=ALL-UNNAMED --add-opens=java.prefs/java.util.prefs=ALL-UNNAMED --add-opens=java.prefs/java.util.prefs=ALL-UNNAMED --add-opens=java.base/java.nio.charset=ALL-UNNAMED --add-opens=java.base/java.net=ALL-UNNAMED --add-opens=java.base/java.util.concurrent.atomic=ALL-UNNAMED -Xmx2048m -Dfile.encoding=UTF-8 -Duser.country=IN -Duser.language=en -Duser.variant 
java_command: org.gradle.launcher.daemon.bootstrap.GradleDaemon 7.2
java_class_path (initial): C:\Users\Dell\.gradle\wrapper\dists\gradle-7.2-bin\2dnblmf4td7x66yl1d74lt32g\gradle-7.2\lib\gradle-launcher-7.2.jar
Launcher Type: SUN_STANDARD

[Global flags]
     intx CICompilerCount                          = 3                                         {product} {ergonomic}
     uint ConcGCThreads                            = 1                                         {product} {ergonomic}
     uint G1ConcRefinementThreads                  = 4                                         {product} {ergonomic}
   size_t G1HeapRegionSize                         = 1048576                                   {product} {ergonomic}
    uintx GCDrainStackTargetSize                   = 64                                        {product} {ergonomic}
   size_t InitialHeapSize                          = 65011712                                  {product} {ergonomic}
   size_t MarkStackSize                            = 4194304                                   {product} {ergonomic}
   size_t MaxHeapSize                              = 2147483648                                {product} {command line}
   size_t MaxNewSize                               = 1287651328                                {product} {ergonomic}
   size_t MinHeapDeltaBytes                        = 1048576                                   {product} {ergonomic}
    uintx NonNMethodCodeHeapSize                   = 5830732                                {pd product} {ergonomic}
    uintx NonProfiledCodeHeapSize                  = 122913754                              {pd product} {ergonomic}
    uintx ProfiledCodeHeapSize                     = 122913754                              {pd product} {ergonomic}
    uintx ReservedCodeCacheSize                    = 251658240                              {pd product} {ergonomic}
     bool SegmentedCodeCache                       = true                                      {product} {ergonomic}
     bool UseCompressedClassPointers               = true                                 {lp64_product} {ergonomic}
     bool UseCompressedOops                        = true                                 {lp64_product} {ergonomic}
     bool UseG1GC                                  = true                                      {product} {ergonomic}
     bool UseLargePagesIndividualAllocation        = false                                  {pd product} {ergonomic}

Logging:
Log output configuration:
 #0: stdout all=warning uptime,level,tags
 #1: stderr all=off uptime,level,tags

Environment Variables:
PATH=C:\MinGW\bin;C:\MinGW\mingw32\bin;C:\Program Files (x86)\Common Files\Oracle\Java\javapath;C:\Program Files\Java\jdk-14.0.2/bin;C:\Program Files\apktool;C:\Program Files (x86)\Paragon Software\LinuxFS for Windows\;C:\Program Files\dotnet\;C:\Users\Dell\AppData\Local\Programs\Python\Python38\Scripts\;C:\Users\Dell\AppData\Local\Programs\Python\Python38\;C:\Users\Dell\.dotnet\tools
USERNAME=Dell
OS=Windows_NT
PROCESSOR_IDENTIFIER=Intel64 Family 6 Model 37 Stepping 5, GenuineIntel



---------------  S Y S T E M  ---------------

OS: Windows 7 , 64 bit Build 7601 (6.1.7601.18015)
OS uptime: 1 days 8:31 hours

CPU:total 4 (initial active 4) (2 cores per cpu, 2 threads per core) family 6 model 37 stepping 5 microcode 0x0, cmov, cx8, fxsr, mmx, sse, sse2, sse3, ssse3, sse4.1, sse4.2, popcnt, ht, tsc, tscinvbit

Memory: 4k page, system-wide physical 3894M (225M free)
TotalPageFile size 7816M (AvailPageFile size 6M)
current process WorkingSet (physical memory assigned to process): 489M, peak: 529M
current process commit charge ("private bytes"): 897M, peak: 897M

vm_info: OpenJDK 64-Bit Server VM (11.0.11+9-b60-7590822) for windows-amd64 JRE (11.0.11+9-b60-7590822), built on Jul 29 2021 21:43:44 by "builder" with MS VC++ 14.0 (VS2015)

END.
